<epcisq:Poll xmlns:epcisq="urn:epcglobal:epcis-query:xsd:1">
    <queryName>SimpleEventQuery</queryName>
    <params>
        <param>
            <name>EQ_disposition</name>
            <value>
                <string>urn:epcglobal:cbv:disp:sellable_available</string>
            </value>
        </param>
    </params>
</epcisq:Poll>
