<epcisq:GetSubscriptionIDs xmlns:epcisq="urn:epcglobal:epcis-query:xsd:1">
    <queryName>SimpleEventQuery</queryName>
</epcisq:GetSubscriptionIDs>
