<epcisq:Poll xmlns:epcisq="urn:epcglobal:epcis-query:xsd:1">
    <queryName>SimpleMasterDataQuery</queryName>
    <params>
        <param>
            <name>includeAttributes</name>
            <value>true</value>
        </param>
        <param>
            <name>includeChildren</name>
            <value>false</value>
        </param>
        <param>
            <name>EQ_name</name>
            <value>
                <string>urn:epcglobal:fmcg:loc:0614141073468.2</string>
            </value>
        </param>
        <param>
            <name>HASATTR</name>
            <value>
                <string>urn:epcglobal:fmcg:mda:sslta</string>
            </value>
        </param>
    </params>
</epcisq:Poll>
