<epcisq:Poll xmlns:epcisq="urn:epcglobal:epcis-query:xsd:1">
    <queryName>SimpleEventQuery</queryName>
    <params>
        <param>
            <name>EXISTS_http://schema.hls.com/extension#temperature</name>
            <value />
        </param>
    </params>
</epcisq:Poll>
