<epcisq:Poll xmlns:epcisq="urn:epcglobal:epcis-query:xsd:1">
    <queryName>SimpleEventQuery</queryName>
    <params>
        <param>
            <name>eventType</name>
            <value>
                <string>ObjectEvent</string>
            </value>
        </param>
        <param>
            <name>EQ_bizStep</name>
            <value>
                <string>urn:epcglobal:cbv:bizstep:commissioning</string>
            </value>
        </param>
        <param>
            <name>EQ_disposition</name>
            <value>
                <string>urn:epcglobal:cbv:disp:inactive</string>
            </value>
        </param>
        <param>
            <name>MATCH_epc</name>
            <value>
                <string>urn:epc:idpat:sgtin:0614141.107340.*</string>
            </value>
        </param>
    </params>
</epcisq:Poll>
