<epcisq:Poll xmlns:epcisq="urn:epcglobal:epcis-query:xsd:1">
    <queryName>SimpleEventQuery</queryName>
    <params>
        <param>
            <name>EQ_http://schema.hls.com/extension#batchNumber</name>
            <value>2</value>
        </param>
    </params>
</epcisq:Poll>
