<epcisq:Poll xmlns:epcisq="urn:epcglobal:epcis-query:xsd:1">
    <queryName>SimpleEventQuery</queryName>
    <params>
        <param>
            <name>eventType</name>
            <value>
                <string>AggregationEvent</string>
            </value>
        </param>
        <param>
            <name>EQ_bizStep</name>
            <value>
                <string>urn:epcglobal:cbv:bizstep:commissioning</string>
            </value>
        </param>
        <param>
            <name>MATCH_epc</name>
            <value>
                <string>x006141411073401</string>
            </value>
        </param>
    </params>
</epcisq:Poll>
