<epcisq:Unsubscribe xmlns:epcisq="urn:epcglobal:epcis-query:xsd:1">
    <subscriptionID>QuerySE54-2</subscriptionID>
</epcisq:Unsubscribe>
