<epcisq:Poll xmlns:epcisq="urn:epcglobal:epcis-query:xsd:1">
    <queryName>SimpleEventQuery</queryName>
    <params>
        <param>
            <name>EQ_action</name>
            <value>
                <string>ADD</string>
            </value>
        </param>
    </params>
</epcisq:Poll>
