<epcisq:Poll xmlns:epcisq="urn:epcglobal:epcis-query:xsd:1">
    <queryName>SimpleEventQuery</queryName>
    <params>
        <param>
            <name>GT_quantity</name>
            <value>8</value>
        </param>
    </params>
</epcisq:Poll>
