<epcisq:Poll xmlns:epcisq="urn:epcglobal:epcis-query:xsd:1">
    <queryName>SimpleEventQuery</queryName>
    <params>
        <param>
            <name>LT_quantity</name>
            <value>3</value>
        </param>
    </params>
</epcisq:Poll>
