<epcisq:Poll xmlns:epcisq="urn:epcglobal:epcis-query:xsd:1">
    <queryName>SimpleEventQuery</queryName>
    <params>
        <param>
            <name>EQ_bizLocation</name>
            <value>
                <string>urn:epcglobal:fmcg:loc:0614141073468.1</string>
            </value>
        </param>
    </params>
</epcisq:Poll>
