<!-- NOTE: This can be any query (poll or subscribe) which causes
    a SecurityException on a Server depending on implementation. -->
<epcisq:Poll xmlns:epcisq="urn:epcglobal:epcis-query:xsd:1">
    <queryName>SimpleEventQuery</queryName>
    <params>
        <param>
            <name>eventType</name>
            <value>
                <string>ObjectEvent</string>
            </value>
        </param>
    </params>
</epcisq:Poll>
