<epcisq:Poll xmlns:epcisq="urn:epcglobal:epcis-query:xsd:1">
    <queryName>SimpleMasterDataQuery</queryName>
    <params>
        <param>
            <name>includeAttributes</name>
            <value>true</value>
        </param>
        <param>
            <name>includeChildren</name>
            <value>true</value>
        </param>
        <param>
            <name>WD_name</name>
            <value>
                <string>urn:epcglobal:fmcg:loc:0614141073468</string>
            </value>
        </param>
        <param>
            <name>vocabularyName</name>
            <value>
                <string>urn:epcglobal:epcis:vtype:BusinessLocation</string>
            </value>
        </param>
    </params>
</epcisq:Poll>
