<epcisq:Poll xmlns:epcisq="urn:epcglobal:epcis-query:xsd:1">
    <queryName>SimpleEventQuery</queryName>
    <params>
        <param>
            <name>EQATTR_bizLocation_urn:epcglobal:fmcg:mda:sslt</name>
            <value>
                <string>209</string>
            </value>
        </param>
    </params>
</epcisq:Poll>
