<epcisq:Poll xmlns:epcisq="urn:epcglobal:epcis-query:xsd:1">
    <queryName>SimpleEventQuery</queryName>
    <params>
        <param>
            <name>EQ_bizStep</name>
            <value>
                <string>urn:epcglobal:cbv:bizstep:receiving</string>
            </value>
        </param>
        <param>
            <name>EQ_bizStep</name>
            <value>
                <string>urn:epcglobal:cbv:bizstep:shipping</string>
            </value>
        </param>
    </params>
</epcisq:Poll>
