<epcisq:Subscribe xmlns:epcisq="urn:epcglobal:epcis-query:xsd:1">
    <queryName>SimpleEventQuery</queryName>
    <params>
        <param>
            <name>EQ_bizStep</name>
            <value>
                <string>urn:epcglobal:cbv:bizstep:processing</string>
            </value>
        </param>
    </params>
    <dest>http://127.0.0.1:8899/</dest>
    <controls>
        <schedule>
            <second>0,10,20,30,40,50</second>
        </schedule>
        <!-- FIXME -->
        <!-- Candidate spec of EPCIS 1.0 does not allow omission of 
            initialRecordTime.  The initialRecordTime element is for
            avoiding XML validation errors. -->
        <initialRecordTime>2006-07-25T09:00:00.000Z</initialRecordTime>
        <reportIfEmpty>true</reportIfEmpty>
    </controls>
    <subscriptionID>QuerySE48-1</subscriptionID>
</epcisq:Subscribe>
