<epcisq:Subscribe xmlns:epcisq="urn:epcglobal:epcis-query:xsd:1">
    <queryName>SimpleEventQuery</queryName>
    <params>
        <param>
            <name>MATCH_anyEPC</name>
            <value>
                <string>urn:epc:id:sgtin:0614141.107340.1</string>
            </value>
        </param>
    </params>
    <dest>http://127.0.0.1:8899/</dest>
    <controls>
        <trigger>urn:epc:id:sgtin:0614141.107340.1</trigger>
        <!-- FIXME -->
        <!-- Candidate spec of EPCIS 1.0 does not allow omission of 
            initialRecordTime.  The initialRecordTime element is for
            avoiding XML validation errors. -->
        <initialRecordTime>2006-07-25T09:00:00.000Z</initialRecordTime>
        <reportIfEmpty>false</reportIfEmpty>
    </controls>
    <subscriptionID>QuerySE75</subscriptionID>
</epcisq:Subscribe>
