<epcisq:Subscribe xmlns:epcisq="urn:epcglobal:epcis-query:xsd:1">
    <queryName>SimpleEventQuery</queryName>
    <params>
        <param>
            <name>eventType</name>
            <value>
                <string>TransactionEvent</string>
            </value>
        </param>
        <param>
            <name>EQ_bizTransaction_urn:epcglobal:fmcg:btt:po</name>
            <value>
                <string>urn:epcglobal:fmcg:bti:po:0614141073468.1</string>
                <string>urn:epcglobal:fmcg:bti:po:0614141073468.2</string>
                <string>urn:epcglobal:fmcg:bti:po:0614141073468.3</string>
                <string>urn:epcglobal:fmcg:bti:po:0614141073468.4</string>
                <string>urn:epcglobal:fmcg:bti:po:0614141073468.5</string>
            </value>
        </param>
        <param>
            <name>EQ_bizStep</name>
            <value>
                <string>urn:epcglobal:cbv:bizstep:receiving</string>
            </value>
        </param>
        <param>
            <name>EQ_bizLocation</name>
            <value>
                <string>urn:epcglobal:fmcg:loc:0614141073469.1</string>
            </value>
        </param>
    </params>
    <dest>http://127.0.0.1:8899/</dest>
    <controls>
        <schedule>
            <second>0</second>
            <minute>0</minute>
        </schedule>
        <initialRecordTime>2000-07-05T00:00:00.0Z</initialRecordTime>
        <reportIfEmpty>false</reportIfEmpty>
    </controls>
    <subscriptionID>QuerySE8</subscriptionID>
</epcisq:Subscribe>
