<epcisq:Unsubscribe xmlns:epcisq="urn:epcglobal:epcis-query:xsd:1">
    <subscriptionID>QuerySE44</subscriptionID>
</epcisq:Unsubscribe>
