<epcisq:Poll xmlns:epcisq="urn:epcglobal:epcis-query:xsd:1">
    <queryName>SimpleEventQuery</queryName>
    <params>
        <param>
            <name>GE_quantity</name>
            <value>3.1459</value>
        </param>
    </params>
</epcisq:Poll>
