<epcisq:UnsubscribeResult
    xmlns:epcisq="urn:epcglobal:epcis-query:xsd:1" />
