<epcisq:ImplementationException
    xmlns:epcisq="urn:epcglobal:epcis-query:xsd:1">
    <reason>Reason string for the ImplementationException.</reason>
    <severity>ERROR</severity>
    <!-- ERROR or SEVERE -->
    <queryName>SimpleEventQuery</queryName>
    <subscriptionID>QuerySE69</subscriptionID>
</epcisq:ImplementationException>
