<epcisq:QueryResults xmlns:epcisq="urn:epcglobal:epcis-query:xsd:1">
    <queryName>SimpleMasterDataQuery</queryName>
    <resultsBody>
        <VocabularyList>
            <Vocabulary type="urn:epcglobal:epcis:vtype:Disposition">
                <VocabularyElementList>
                    <VocabularyElement id="urn:epcglobal:fmcg:disp:sellable_available" />
                </VocabularyElementList>
            </Vocabulary>
        </VocabularyList>
    </resultsBody>
</epcisq:QueryResults>
