<epcisq:QueryResults xmlns:epcisq="urn:epcglobal:epcis-query:xsd:1">
    <queryName>SimpleEventQuery</queryName>
    <subscriptionID>QuerySE9</subscriptionID>
    <resultsBody>
        <EventList>
            <QuantityEvent>
                <eventTime>2006-06-25T09:26:00Z</eventTime>
                <eventTimeZoneOffset>-06:00</eventTimeZoneOffset>
                <epcClass>
                    urn:epc:idpat:sgtin:0614141.107340.*
                </epcClass>
                <quantity>1</quantity>
                <bizStep>urn:epcglobal:cbv:bizstep:receiving</bizStep>
                <disposition>urn:epcglobal:cbv:disp:active</disposition>
                <bizLocation>
                    <id>urn:epcglobal:fmcg:loc:0614141073469.2</id>
                </bizLocation>
            </QuantityEvent>
            <QuantityEvent>
                <eventTime>2006-06-25T09:27:00Z</eventTime>
                <eventTimeZoneOffset>-06:00</eventTimeZoneOffset>
                <epcClass>
                    urn:epc:idpat:sgtin:0614141.107341.*
                </epcClass>
                <quantity>2</quantity>
                <bizStep>urn:epcglobal:cbv:bizstep:receiving</bizStep>
                <disposition>urn:epcglobal:cbv:disp:active</disposition>
                <bizLocation>
                    <id>urn:epcglobal:fmcg:loc:0614141073469.2</id>
                </bizLocation>
            </QuantityEvent>
            <QuantityEvent>
                <eventTime>2006-06-25T09:28:00Z</eventTime>
                <eventTimeZoneOffset>-06:00</eventTimeZoneOffset>
                <epcClass>
                    urn:epc:idpat:sgtin:0614141.107342.*
                </epcClass>
                <quantity>3</quantity>
                <bizStep>urn:epcglobal:cbv:bizstep:receiving</bizStep>
                <disposition>urn:epcglobal:cbv:disp:active</disposition>
                <bizLocation>
                    <id>urn:epcglobal:fmcg:loc:0614141073469.2</id>
                </bizLocation>
            </QuantityEvent>
            <QuantityEvent>
                <eventTime>2006-06-25T09:29:00Z</eventTime>
                <eventTimeZoneOffset>-06:00</eventTimeZoneOffset>
                <epcClass>
                    urn:epc:idpat:sgtin:0614141.107343.*
                </epcClass>
                <quantity>4</quantity>
                <bizStep>urn:epcglobal:cbv:bizstep:receiving</bizStep>
                <disposition>urn:epcglobal:cbv:disp:active</disposition>
                <bizLocation>
                    <id>urn:epcglobal:fmcg:loc:0614141073469.2</id>
                </bizLocation>
            </QuantityEvent>
            <QuantityEvent>
                <eventTime>2006-06-25T09:30:00Z</eventTime>
                <eventTimeZoneOffset>-06:00</eventTimeZoneOffset>
                <epcClass>
                    urn:epc:idpat:sgtin:0614141.107344.*
                </epcClass>
                <quantity>5</quantity>
                <bizStep>urn:epcglobal:cbv:bizstep:receiving</bizStep>
                <disposition>urn:epcglobal:cbv:disp:active</disposition>
                <bizLocation>
                    <id>urn:epcglobal:fmcg:loc:0614141073469.2</id>
                </bizLocation>
            </QuantityEvent>
            <QuantityEvent>
                <eventTime>2006-06-25T09:31:00Z</eventTime>
                <eventTimeZoneOffset>-06:00</eventTimeZoneOffset>
                <epcClass>
                    urn:epc:idpat:sgtin:0614142.107345.*
                </epcClass>
                <quantity>6</quantity>
                <bizStep>urn:epcglobal:cbv:bizstep:receiving</bizStep>
                <disposition>urn:epcglobal:cbv:disp:active</disposition>
                <bizLocation>
                    <id>urn:epcglobal:fmcg:loc:0614141073469.2</id>
                </bizLocation>
            </QuantityEvent>
            <QuantityEvent>
                <eventTime>2006-06-25T09:32:00Z</eventTime>
                <eventTimeZoneOffset>-06:00</eventTimeZoneOffset>
                <epcClass>
                    urn:epc:idpat:sgtin:0614142.107346.*
                </epcClass>
                <quantity>7</quantity>
                <bizStep>urn:epcglobal:cbv:bizstep:receiving</bizStep>
                <disposition>urn:epcglobal:cbv:disp:active</disposition>
                <bizLocation>
                    <id>urn:epcglobal:fmcg:loc:0614141073469.2</id>
                </bizLocation>
            </QuantityEvent>
            <QuantityEvent>
                <eventTime>2006-06-25T09:33:00Z</eventTime>
                <eventTimeZoneOffset>-06:00</eventTimeZoneOffset>
                <epcClass>
                    urn:epc:idpat:sgtin:0614142.107347.*
                </epcClass>
                <quantity>8</quantity>
                <bizStep>urn:epcglobal:cbv:bizstep:receiving</bizStep>
                <disposition>urn:epcglobal:cbv:disp:active</disposition>
                <bizLocation>
                    <id>urn:epcglobal:fmcg:loc:0614141073469.2</id>
                </bizLocation>
            </QuantityEvent>
            <QuantityEvent>
                <eventTime>2006-06-25T09:34:00Z</eventTime>
                <eventTimeZoneOffset>-06:00</eventTimeZoneOffset>
                <epcClass>
                    urn:epc:idpat:sgtin:0614142.107348.*
                </epcClass>
                <quantity>9</quantity>
                <bizStep>urn:epcglobal:cbv:bizstep:receiving</bizStep>
                <disposition>urn:epcglobal:cbv:disp:active</disposition>
                <bizLocation>
                    <id>urn:epcglobal:fmcg:loc:0614141073469.2</id>
                </bizLocation>
            </QuantityEvent>
            <QuantityEvent>
                <eventTime>2006-06-25T09:35:00Z</eventTime>
                <eventTimeZoneOffset>-06:00</eventTimeZoneOffset>
                <epcClass>
                    urn:epc:idpat:sgtin:0614142.107349.*
                </epcClass>
                <quantity>10</quantity>
                <bizStep>urn:epcglobal:cbv:bizstep:receiving</bizStep>
                <disposition>urn:epcglobal:cbv:disp:active</disposition>
                <bizLocation>
                    <id>urn:epcglobal:fmcg:loc:0614141073469.2</id>
                </bizLocation>
            </QuantityEvent>
        </EventList>
    </resultsBody>
</epcisq:QueryResults>
