<epcisq:QueryResults xmlns:epcisq="urn:epcglobal:epcis-query:xsd:1"
    xmlns:hls="http://schema.hls.com/extension">
    <queryName>SimpleEventQuery</queryName>
    <subscriptionID>QuerySE4</subscriptionID>
    <resultsBody>
        <EventList>
            <ObjectEvent>
                <eventTime>2006-06-25T05:01:00Z</eventTime>
                <eventTimeZoneOffset>-06:00</eventTimeZoneOffset>
                <epcList>
                    <epc>urn:epc:id:sscc:0614141.0000000001</epc>
                </epcList>
                <action>OBSERVE</action>
                <bizStep>urn:epcglobal:cbv:bizstep:receiving</bizStep>
                <disposition>urn:epcglobal:cbv:disp:active</disposition>
                <readPoint>
                    <id>urn:epcglobal:fmcg:loc:0614141073468.RP-1</id>
                </readPoint>
                <bizLocation>
                    <id>urn:epcglobal:fmcg:loc:0614141073468.1</id>
                </bizLocation>
                <hls:temperature>22</hls:temperature>
            </ObjectEvent>
            <ObjectEvent>
                <eventTime>2006-06-25T05:02:00Z</eventTime>
                <eventTimeZoneOffset>-06:00</eventTimeZoneOffset>
                <epcList>
                    <epc>urn:epc:id:sscc:0614141.0000000002</epc>
                </epcList>
                <action>OBSERVE</action>
                <bizStep>urn:epcglobal:cbv:bizstep:receiving</bizStep>
                <disposition>urn:epcglobal:cbv:disp:active</disposition>
                <readPoint>
                    <id>urn:epcglobal:fmcg:loc:0614141073468.RP-1</id>
                </readPoint>
                <bizLocation>
                    <id>urn:epcglobal:fmcg:loc:0614141073468.1</id>
                </bizLocation>
                <hls:temperature>22</hls:temperature>
            </ObjectEvent>
            <ObjectEvent>
                <eventTime>2006-06-25T05:03:00Z</eventTime>
                <eventTimeZoneOffset>-06:00</eventTimeZoneOffset>
                <epcList>
                    <epc>urn:epc:id:sscc:0614141.0000000003</epc>
                </epcList>
                <action>OBSERVE</action>
                <bizStep>urn:epcglobal:cbv:bizstep:receiving</bizStep>
                <disposition>urn:epcglobal:cbv:disp:active</disposition>
                <readPoint>
                    <id>urn:epcglobal:fmcg:loc:0614141073468.RP-1</id>
                </readPoint>
                <bizLocation>
                    <id>urn:epcglobal:fmcg:loc:0614141073468.1</id>
                </bizLocation>
                <hls:temperature>22</hls:temperature>
            </ObjectEvent>
            <ObjectEvent>
                <eventTime>2006-06-25T05:04:00Z</eventTime>
                <eventTimeZoneOffset>-06:00</eventTimeZoneOffset>
                <epcList>
                    <epc>urn:epc:id:sscc:0614141.0000000004</epc>
                </epcList>
                <action>OBSERVE</action>
                <bizStep>urn:epcglobal:cbv:bizstep:receiving</bizStep>
                <disposition>urn:epcglobal:cbv:disp:active</disposition>
                <readPoint>
                    <id>urn:epcglobal:fmcg:loc:0614141073468.RP-1</id>
                </readPoint>
                <bizLocation>
                    <id>urn:epcglobal:fmcg:loc:0614141073468.1</id>
                </bizLocation>
                <hls:temperature>22</hls:temperature>
            </ObjectEvent>
            <ObjectEvent>
                <eventTime>2006-06-25T05:05:00Z</eventTime>
                <eventTimeZoneOffset>-06:00</eventTimeZoneOffset>
                <epcList>
                    <epc>urn:epc:id:sscc:0614141.0000000005</epc>
                </epcList>
                <action>OBSERVE</action>
                <bizStep>urn:epcglobal:cbv:bizstep:receiving</bizStep>
                <disposition>urn:epcglobal:cbv:disp:active</disposition>
                <readPoint>
                    <id>urn:epcglobal:fmcg:loc:0614141073468.RP-1</id>
                </readPoint>
                <bizLocation>
                    <id>urn:epcglobal:fmcg:loc:0614141073468.1</id>
                </bizLocation>
                <hls:temperature>22</hls:temperature>
            </ObjectEvent>
            <ObjectEvent>
                <eventTime>2006-06-25T05:06:00Z</eventTime>
                <eventTimeZoneOffset>-06:00</eventTimeZoneOffset>
                <epcList>
                    <epc>urn:epc:id:sscc:0614142.0000000006</epc>
                </epcList>
                <action>OBSERVE</action>
                <bizStep>urn:epcglobal:cbv:bizstep:receiving</bizStep>
                <disposition>urn:epcglobal:cbv:disp:active</disposition>
                <readPoint>
                    <id>urn:epcglobal:fmcg:loc:0614141073468.RP-1</id>
                </readPoint>
                <bizLocation>
                    <id>urn:epcglobal:fmcg:loc:0614141073468.1</id>
                </bizLocation>
                <hls:temperature>22</hls:temperature>
            </ObjectEvent>
            <ObjectEvent>
                <eventTime>2006-06-25T05:07:00Z</eventTime>
                <eventTimeZoneOffset>-06:00</eventTimeZoneOffset>
                <epcList>
                    <epc>urn:epc:id:sscc:0614142.0000000007</epc>
                </epcList>
                <action>OBSERVE</action>
                <bizStep>urn:epcglobal:cbv:bizstep:receiving</bizStep>
                <disposition>urn:epcglobal:cbv:disp:active</disposition>
                <readPoint>
                    <id>urn:epcglobal:fmcg:loc:0614141073468.RP-1</id>
                </readPoint>
                <bizLocation>
                    <id>urn:epcglobal:fmcg:loc:0614141073468.1</id>
                </bizLocation>
                <hls:temperature>22</hls:temperature>
            </ObjectEvent>
            <ObjectEvent>
                <eventTime>2006-06-25T05:08:00Z</eventTime>
                <eventTimeZoneOffset>-06:00</eventTimeZoneOffset>
                <epcList>
                    <epc>urn:epc:id:sscc:0614142.0000000008</epc>
                </epcList>
                <action>OBSERVE</action>
                <bizStep>urn:epcglobal:cbv:bizstep:receiving</bizStep>
                <disposition>urn:epcglobal:cbv:disp:active</disposition>
                <readPoint>
                    <id>urn:epcglobal:fmcg:loc:0614141073468.RP-1</id>
                </readPoint>
                <bizLocation>
                    <id>urn:epcglobal:fmcg:loc:0614141073468.1</id>
                </bizLocation>
                <hls:temperature>22</hls:temperature>
            </ObjectEvent>
            <ObjectEvent>
                <eventTime>2006-06-25T05:09:00Z</eventTime>
                <eventTimeZoneOffset>-06:00</eventTimeZoneOffset>
                <epcList>
                    <epc>urn:epc:id:sscc:0614142.0000000009</epc>
                </epcList>
                <action>OBSERVE</action>
                <bizStep>urn:epcglobal:cbv:bizstep:receiving</bizStep>
                <disposition>urn:epcglobal:cbv:disp:active</disposition>
                <readPoint>
                    <id>urn:epcglobal:fmcg:loc:0614141073468.RP-1</id>
                </readPoint>
                <bizLocation>
                    <id>urn:epcglobal:fmcg:loc:0614141073468.1</id>
                </bizLocation>
                <hls:temperature>22</hls:temperature>
            </ObjectEvent>
            <ObjectEvent>
                <eventTime>2006-06-25T05:10:00Z</eventTime>
                <eventTimeZoneOffset>-06:00</eventTimeZoneOffset>
                <epcList>
                    <epc>urn:epc:id:sscc:0614142.0000000010</epc>
                </epcList>
                <action>OBSERVE</action>
                <bizStep>urn:epcglobal:cbv:bizstep:receiving</bizStep>
                <disposition>urn:epcglobal:cbv:disp:active</disposition>
                <readPoint>
                    <id>urn:epcglobal:fmcg:loc:0614141073468.RP-1</id>
                </readPoint>
                <bizLocation>
                    <id>urn:epcglobal:fmcg:loc:0614141073468.1</id>
                </bizLocation>
                <hls:temperature>22</hls:temperature>
            </ObjectEvent>
        </EventList>
    </resultsBody>
</epcisq:QueryResults>
