<epcisq:QueryResults xmlns:epcisq="urn:epcglobal:epcis-query:xsd:1">
	<queryName>SimpleEventQuery</queryName>
	<resultsBody>
		<EventList>
			<ObjectEvent>
				<eventTime>2011-04-11T16:07:38.000+02:00</eventTime>
				<recordTime>2011-04-11T16:07:38.000+02:00</recordTime>
				<eventTimeZoneOffset>Z</eventTimeZoneOffset>
				<epcList>
					<epc>AA15VUS2YSCUQ64</epc>
				</epcList>
				<action>OBSERVE</action>
				<bizStep>urn:epcglobal:cbv:bizstep:receiving</bizStep>
				<disposition>urn:epcglobal:cbv:disp:in_progress</disposition>
				<bizLocation>
					<id>urn:epc:id:sgln:2920144133809</id>
					<extension>
						<extension>
							<FixedLocation>
								<id>28</id>
								<name>Telsco</name>
								<gln>2920144133809</gln>
								<address>286-412 Lorem St.</address>
								<zip>558</zip>
								<city>Paris</city>
							</FixedLocation>
						</extension>
					</extension>
				</bizLocation>
			</ObjectEvent>
			<ObjectEvent>
				<eventTime>2011-04-11T16:07:38.000+02:00</eventTime>
				<recordTime>2011-04-11T16:07:38.000+02:00</recordTime>
				<eventTimeZoneOffset>Z</eventTimeZoneOffset>
				<epcList>
					<epc>AA15VUS2YSCUQ64</epc>
				</epcList>
				<action>DELETE</action>
				<bizStep>urn:epcglobal:cbv:bizstep:dispensing</bizStep>
				<disposition>urn:epcglobal:cbv:disp:destroyed</disposition>
				<bizLocation>
					<id>urn:epc:id:sgln:2920144133809</id>
					<extension>
						<extension>
							<FixedLocation>
								<id>28</id>
								<name>Telsco</name>
								<gln>2920144133809</gln>
								<address>286-412 Lorem St.</address>
								<zip>558</zip>
								<city>Paris</city>
							</FixedLocation>
						</extension>
					</extension>
				</bizLocation>
			</ObjectEvent>
			<ObjectEvent>
				<eventTime>2011-04-11T16:07:38.000+02:00</eventTime>
				<recordTime>2011-04-11T16:07:38.000+02:00</recordTime>
				<eventTimeZoneOffset>Z</eventTimeZoneOffset>
				<epcList>
					<epc>MFVHBY2SUC6UQ24</epc>
				</epcList>
				<action>OBSERVE</action>
				<bizStep>urn:epcglobal:cbv:bizstep:receiving</bizStep>
				<disposition>urn:epcglobal:cbv:disp:in_progress</disposition>
				<bizLocation>
					<id>urn:epc:id:sgln:3828277193143</id>
					<extension>
						<extension>
							<FixedLocation>
								<id>24</id>
								<name>Highland Network Ltd</name>
								<gln>3828277193143</gln>
								<address>Ap #785-455 Cursus Rd.</address>
								<zip>231</zip>
								<city>Baghdad</city>
							</FixedLocation>
						</extension>
					</extension>
				</bizLocation>
			</ObjectEvent>
			<ObjectEvent>
				<eventTime>2011-04-11T16:07:38.000+02:00</eventTime>
				<recordTime>2011-04-11T16:07:38.000+02:00</recordTime>
				<eventTimeZoneOffset>Z</eventTimeZoneOffset>
				<epcList>
					<epc>MFVHBY2SUC6UQ24</epc>
				</epcList>
				<action>DELETE</action>
				<bizStep>urn:epcglobal:cbv:bizstep:dispensing</bizStep>
				<disposition>urn:epcglobal:cbv:disp:destroyed</disposition>
				<bizLocation>
					<id>urn:epc:id:sgln:3828277193143</id>
					<extension>
						<extension>
							<FixedLocation>
								<id>24</id>
								<name>Highland Network Ltd</name>
								<gln>3828277193143</gln>
								<address>Ap #785-455 Cursus Rd.</address>
								<zip>231</zip>
								<city>Baghdad</city>
							</FixedLocation>
						</extension>
					</extension>
				</bizLocation>
			</ObjectEvent>
			<ObjectEvent>
				<eventTime>2011-04-11T16:07:38.000+02:00</eventTime>
				<recordTime>2011-04-11T16:07:38.000+02:00</recordTime>
				<eventTimeZoneOffset>Z</eventTimeZoneOffset>
				<epcList>
					<epc>BPSGJ6C2SYA4UUQ</epc>
				</epcList>
				<action>OBSERVE</action>
				<bizStep>urn:epcglobal:cbv:bizstep:receiving</bizStep>
				<disposition>urn:epcglobal:cbv:disp:in_progress</disposition>
				<bizLocation>
					<id>urn:epc:id:sgln:9020208208207</id>
					<extension>
						<extension>
							<FixedLocation>
								<id>21</id>
								<name>Jerry Alka</name>
								<gln>9020208208207</gln>
								<address>306-3719 Orci, Street</address>
								<zip>022</zip>
								<city>New York</city>
							</FixedLocation>
						</extension>
					</extension>
				</bizLocation>
			</ObjectEvent>
			<ObjectEvent>
				<eventTime>2011-04-11T16:07:38.000+02:00</eventTime>
				<recordTime>2011-04-11T16:07:38.000+02:00</recordTime>
				<eventTimeZoneOffset>Z</eventTimeZoneOffset>
				<epcList>
					<epc>BPSGJ6C2SYA4UUQ</epc>
				</epcList>
				<action>DELETE</action>
				<bizStep>urn:epcglobal:cbv:bizstep:dispensing</bizStep>
				<disposition>urn:epcglobal:cbv:disp:destroyed</disposition>
				<bizLocation>
					<id>urn:epc:id:sgln:9020208208207</id>
					<extension>
						<extension>
							<FixedLocation>
								<id>21</id>
								<name>Jerry Alka</name>
								<gln>9020208208207</gln>
								<address>306-3719 Orci, Street</address>
								<zip>022</zip>
								<city>New York</city>
							</FixedLocation>
						</extension>
					</extension>
				</bizLocation>
			</ObjectEvent>
			<ObjectEvent>
				<eventTime>2011-04-11T16:07:38.000+02:00</eventTime>
				<recordTime>2011-04-11T16:07:38.000+02:00</recordTime>
				<eventTimeZoneOffset>Z</eventTimeZoneOffset>
				<epcList>
					<epc>3OC2IYUQC64US2U</epc>
				</epcList>
				<action>OBSERVE</action>
				<bizStep>urn:epcglobal:cbv:bizstep:receiving</bizStep>
				<disposition>urn:epcglobal:cbv:disp:in_progress</disposition>
				<bizLocation>
					<id>urn:epc:id:sgln:7467213165569</id>
					<extension>
						<extension>
							<FixedLocation>
								<id>33</id>
								<name>Fused Tp Ltd</name>
								<gln>7467213165569</gln>
								<address>343-4886 Egestas Ave</address>
								<zip>123</zip>
								<city>Trondheim</city>
							</FixedLocation>
						</extension>
					</extension>
				</bizLocation>
			</ObjectEvent>
			<ObjectEvent>
				<eventTime>2011-04-11T16:07:39.000+02:00</eventTime>
				<recordTime>2011-04-11T16:07:39.000+02:00</recordTime>
				<eventTimeZoneOffset>Z</eventTimeZoneOffset>
				<epcList>
					<epc>BG19E64UQCSUQY2</epc>
				</epcList>
				<action>OBSERVE</action>
				<bizStep>urn:epcglobal:cbv:bizstep:receiving</bizStep>
				<disposition>urn:epcglobal:cbv:disp:in_progress</disposition>
				<bizLocation>
					<id>urn:epc:id:sgln:5829892919291</id>
					<extension>
						<extension>
							<FixedLocation>
								<id>5</id>
								<name>Garrys</name>
								<gln>5829892919291</gln>
								<address>P.O. Box 969, 7623 Neque Avenue</address>
								<zip>123</zip>
								<city>New York</city>
							</FixedLocation>
						</extension>
					</extension>
				</bizLocation>
			</ObjectEvent>
			<ObjectEvent>
				<eventTime>2011-04-11T16:07:39.000+02:00</eventTime>
				<recordTime>2011-04-11T16:07:39.000+02:00</recordTime>
				<eventTimeZoneOffset>Z</eventTimeZoneOffset>
				<epcList>
					<epc>RL42YU2724YCQ6U</epc>
				</epcList>
				<action>OBSERVE</action>
				<bizStep>urn:epcglobal:cbv:bizstep:receiving</bizStep>
				<disposition>urn:epcglobal:cbv:disp:in_progress</disposition>
				<bizLocation>
					<id>urn:epc:id:sgln:2223134613481</id>
					<extension>
						<extension>
							<FixedLocation>
								<id>2</id>
								<name>Gina Freistad</name>
								<gln>2223134613481</gln>
								<address>P.O. Box 524, 4152 Quisque Av.</address>
								<zip>0872</zip>
								<city>Oslo</city>
							</FixedLocation>
						</extension>
					</extension>
				</bizLocation>
			</ObjectEvent>
			<ObjectEvent>
				<eventTime>2011-04-11T16:07:39.000+02:00</eventTime>
				<recordTime>2011-04-11T16:07:39.000+02:00</recordTime>
				<eventTimeZoneOffset>Z</eventTimeZoneOffset>
				<epcList>
					<epc>6FTUQ224YPQ6UCU</epc>
				</epcList>
				<action>OBSERVE</action>
				<bizStep>urn:epcglobal:cbv:bizstep:receiving</bizStep>
				<disposition>urn:epcglobal:cbv:disp:in_progress</disposition>
				<bizLocation>
					<id>urn:epc:id:sgln:4892598195819</id>
					<extension>
						<extension>
							<FixedLocation>
								<id>4</id>
								<name>Hannibalds Corner Store</name>
								<gln>4892598195819</gln>
								<address>P.O. Box 337, 623 Risus. Rd.</address>
								<zip>454</zip>
								<city>Salt Lake City</city>
							</FixedLocation>
						</extension>
					</extension>
				</bizLocation>
			</ObjectEvent>
			<ObjectEvent>
				<eventTime>2011-04-11T16:07:39.000+02:00</eventTime>
				<recordTime>2011-04-11T16:07:39.000+02:00</recordTime>
				<eventTimeZoneOffset>Z</eventTimeZoneOffset>
				<epcList>
					<epc>UGCI0C4YQA62U6U</epc>
				</epcList>
				<action>OBSERVE</action>
				<bizStep>urn:epcglobal:cbv:bizstep:receiving</bizStep>
				<disposition>urn:epcglobal:cbv:disp:in_progress</disposition>
				<bizLocation>
					<id>urn:epc:id:sgln:1192929300497</id>
					<extension>
						<extension>
							<FixedLocation>
								<id>22</id>
								<name>HansahjÃ¸rnet</name>
								<gln>1192929300497</gln>
								<address>P.O. Box 316, 2952 Nonummy. Av.</address>
								<zip>092</zip>
								<city>Bergen</city>
							</FixedLocation>
						</extension>
					</extension>
				</bizLocation>
			</ObjectEvent>
			<ObjectEvent>
				<eventTime>2011-04-11T16:07:39.000+02:00</eventTime>
				<recordTime>2011-04-11T16:07:39.000+02:00</recordTime>
				<eventTimeZoneOffset>Z</eventTimeZoneOffset>
				<epcList>
					<epc>5CHQOYQCUU46U2S</epc>
				</epcList>
				<action>OBSERVE</action>
				<bizStep>urn:epcglobal:cbv:bizstep:receiving</bizStep>
				<disposition>urn:epcglobal:cbv:disp:in_progress</disposition>
				<bizLocation>
					<id>urn:epc:id:sgln:3828277193143</id>
					<extension>
						<extension>
							<FixedLocation>
								<id>24</id>
								<name>Highland Network Ltd</name>
								<gln>3828277193143</gln>
								<address>Ap #785-455 Cursus Rd.</address>
								<zip>231</zip>
								<city>Baghdad</city>
							</FixedLocation>
						</extension>
					</extension>
				</bizLocation>
			</ObjectEvent>
			<ObjectEvent>
				<eventTime>2011-04-11T16:07:39.000+02:00</eventTime>
				<recordTime>2011-04-11T16:07:39.000+02:00</recordTime>
				<eventTimeZoneOffset>Z</eventTimeZoneOffset>
				<epcList>
					<epc>DQAE3CO2QU4UYU6</epc>
				</epcList>
				<action>OBSERVE</action>
				<bizStep>urn:epcglobal:cbv:bizstep:receiving</bizStep>
				<disposition>urn:epcglobal:cbv:disp:in_progress</disposition>
				<bizLocation>
					<id>urn:epc:id:sgln:9020208208207</id>
					<extension>
						<extension>
							<FixedLocation>
								<id>21</id>
								<name>Jerry Alka</name>
								<gln>9020208208207</gln>
								<address>306-3719 Orci, Street</address>
								<zip>022</zip>
								<city>New York</city>
							</FixedLocation>
						</extension>
					</extension>
				</bizLocation>
			</ObjectEvent>
			<ObjectEvent>
				<eventTime>2011-04-11T16:07:39.000+02:00</eventTime>
				<recordTime>2011-04-11T16:07:39.000+02:00</recordTime>
				<eventTimeZoneOffset>Z</eventTimeZoneOffset>
				<epcList>
					<epc>GDHU2UCUQ2YF446</epc>
				</epcList>
				<action>OBSERVE</action>
				<bizStep>urn:epcglobal:cbv:bizstep:receiving</bizStep>
				<disposition>urn:epcglobal:cbv:disp:in_progress</disposition>
				<bizLocation>
					<id>urn:epc:id:sgln:6318949191913</id>
					<extension>
						<extension>
							<FixedLocation>
								<id>6</id>
								<name>John at Service</name>
								<gln>6318949191913</gln>
								<address>P.O. Box 811, 4564 Ipsum St.</address>
								<zip>567</zip>
								<city>St. Paul</city>
							</FixedLocation>
						</extension>
					</extension>
				</bizLocation>
			</ObjectEvent>
			<ObjectEvent>
				<eventTime>2011-04-11T16:07:39.000+02:00</eventTime>
				<recordTime>2011-04-11T16:07:39.000+02:00</recordTime>
				<eventTimeZoneOffset>Z</eventTimeZoneOffset>
				<epcList>
					<epc>7XB3NUU8CQYF246</epc>
				</epcList>
				<action>OBSERVE</action>
				<bizStep>urn:epcglobal:cbv:bizstep:receiving</bizStep>
				<disposition>urn:epcglobal:cbv:disp:in_progress</disposition>
				<bizLocation>
					<id>urn:epc:id:sgln:1235284774739</id>
					<extension>
						<extension>
							<FixedLocation>
								<id>23</id>
								<name>Kezzler Offices</name>
								<gln>1235284774739</gln>
								<address>7313 Lobortis. Rd.</address>
								<zip>123</zip>
								<city>Oslo</city>
							</FixedLocation>
						</extension>
					</extension>
				</bizLocation>
			</ObjectEvent>
			<ObjectEvent>
				<eventTime>2011-04-11T16:07:39.000+02:00</eventTime>
				<recordTime>2011-04-11T16:07:39.000+02:00</recordTime>
				<eventTimeZoneOffset>Z</eventTimeZoneOffset>
				<epcList>
					<epc>QB4BTQ6U4YZY2CU</epc>
				</epcList>
				<action>OBSERVE</action>
				<bizStep>urn:epcglobal:cbv:bizstep:receiving</bizStep>
				<disposition>urn:epcglobal:cbv:disp:in_progress</disposition>
				<bizLocation>
					<id>urn:epc:id:sgln:3345568686769</id>
					<extension>
						<extension>
							<FixedLocation>
								<id>45</id>
								<name>Low Rates Transport</name>
								<gln>3345568686769</gln>
								<address>5438 Posuere Road</address>
								<zip>442</zip>
								<city>Dublin</city>
							</FixedLocation>
						</extension>
					</extension>
				</bizLocation>
			</ObjectEvent>
			<ObjectEvent>
				<eventTime>2011-04-11T16:07:39.000+02:00</eventTime>
				<recordTime>2011-04-11T16:07:39.000+02:00</recordTime>
				<eventTimeZoneOffset>Z</eventTimeZoneOffset>
				<epcList>
					<epc>XLQXD46UQYZ2CDU</epc>
				</epcList>
				<action>OBSERVE</action>
				<bizStep>urn:epcglobal:cbv:bizstep:receiving</bizStep>
				<disposition>urn:epcglobal:cbv:disp:in_progress</disposition>
				<bizLocation>
					<id>urn:epc:id:sgln:6318949191913</id>
					<extension>
						<extension>
							<FixedLocation>
								<id>6</id>
								<name>John at Service</name>
								<gln>6318949191913</gln>
								<address>P.O. Box 811, 4564 Ipsum St.</address>
								<zip>567</zip>
								<city>St. Paul</city>
							</FixedLocation>
						</extension>
					</extension>
				</bizLocation>
			</ObjectEvent>
			<ObjectEvent>
				<eventTime>2011-04-11T16:07:39.000+02:00</eventTime>
				<recordTime>2011-04-11T16:07:39.000+02:00</recordTime>
				<eventTimeZoneOffset>Z</eventTimeZoneOffset>
				<epcList>
					<epc>GH6BD6C21YL4UUQ</epc>
				</epcList>
				<action>OBSERVE</action>
				<bizStep>urn:epcglobal:cbv:bizstep:receiving</bizStep>
				<disposition>urn:epcglobal:cbv:disp:in_progress</disposition>
				<bizLocation>
					<id>urn:epc:id:sgln:1235284774739</id>
					<extension>
						<extension>
							<FixedLocation>
								<id>23</id>
								<name>Kezzler Offices</name>
								<gln>1235284774739</gln>
								<address>7313 Lobortis. Rd.</address>
								<zip>123</zip>
								<city>Oslo</city>
							</FixedLocation>
						</extension>
					</extension>
				</bizLocation>
			</ObjectEvent>
			<ObjectEvent>
				<eventTime>2011-04-11T16:07:39.000+02:00</eventTime>
				<recordTime>2011-04-11T16:07:39.000+02:00</recordTime>
				<eventTimeZoneOffset>Z</eventTimeZoneOffset>
				<epcList>
					<epc>RPLAFYX6CURU2Q4</epc>
				</epcList>
				<action>OBSERVE</action>
				<bizStep>urn:epcglobal:cbv:bizstep:receiving</bizStep>
				<disposition>urn:epcglobal:cbv:disp:in_progress</disposition>
				<bizLocation>
					<id>urn:epc:id:sgln:3345568686769</id>
					<extension>
						<extension>
							<FixedLocation>
								<id>45</id>
								<name>Low Rates Transport</name>
								<gln>3345568686769</gln>
								<address>5438 Posuere Road</address>
								<zip>442</zip>
								<city>Dublin</city>
							</FixedLocation>
						</extension>
					</extension>
				</bizLocation>
			</ObjectEvent>
			<ObjectEvent>
				<eventTime>2011-04-11T16:07:39.000+02:00</eventTime>
				<recordTime>2011-04-11T16:07:39.000+02:00</recordTime>
				<eventTimeZoneOffset>Z</eventTimeZoneOffset>
				<epcList>
					<epc>ETQ6QZUPRY8QVTP</epc>
				</epcList>
				<action>OBSERVE</action>
				<bizStep>urn:epcglobal:cbv:bizstep:receiving</bizStep>
				<disposition>urn:epcglobal:cbv:disp:in_progress</disposition>
				<bizLocation>
					<id>urn:epc:id:sgln:1484802384206</id>
					<extension>
						<extension>
							<FixedLocation>
								<id>1</id>
								<name>Magnars drivein</name>
								<gln>1484802384206</gln>
								<address>9153 Habitant Rd.</address>
								<zip>0956</zip>
								<city>Oslo</city>
							</FixedLocation>
						</extension>
					</extension>
				</bizLocation>
			</ObjectEvent>
			<ObjectEvent>
				<eventTime>2011-04-11T16:07:39.000+02:00</eventTime>
				<recordTime>2011-04-11T16:07:39.000+02:00</recordTime>
				<eventTimeZoneOffset>Z</eventTimeZoneOffset>
				<epcList>
					<epc>NUYPIPQRP8ZTYST</epc>
				</epcList>
				<action>OBSERVE</action>
				<bizStep>urn:epcglobal:cbv:bizstep:receiving</bizStep>
				<disposition>urn:epcglobal:cbv:disp:in_progress</disposition>
				<bizLocation>
					<id>urn:epc:id:sgln:9020208208207</id>
					<extension>
						<extension>
							<FixedLocation>
								<id>21</id>
								<name>Jerry Alka</name>
								<gln>9020208208207</gln>
								<address>306-3719 Orci, Street</address>
								<zip>022</zip>
								<city>New York</city>
							</FixedLocation>
						</extension>
					</extension>
				</bizLocation>
			</ObjectEvent>
			<ObjectEvent>
				<eventTime>2011-04-11T16:07:39.000+02:00</eventTime>
				<recordTime>2011-04-11T16:07:39.000+02:00</recordTime>
				<eventTimeZoneOffset>Z</eventTimeZoneOffset>
				<epcList>
					<epc>NUYPIPQRP8ZTYST</epc>
				</epcList>
				<action>DELETE</action>
				<bizStep>urn:epcglobal:cbv:bizstep:dispensing</bizStep>
				<disposition>urn:epcglobal:cbv:disp:destroyed</disposition>
				<bizLocation>
					<id>urn:epc:id:sgln:9020208208207</id>
					<extension>
						<extension>
							<FixedLocation>
								<id>21</id>
								<name>Jerry Alka</name>
								<gln>9020208208207</gln>
								<address>306-3719 Orci, Street</address>
								<zip>022</zip>
								<city>New York</city>
							</FixedLocation>
						</extension>
					</extension>
				</bizLocation>
			</ObjectEvent>
			<ObjectEvent>
				<eventTime>2011-04-11T16:07:39.000+02:00</eventTime>
				<recordTime>2011-04-11T16:07:39.000+02:00</recordTime>
				<eventTimeZoneOffset>Z</eventTimeZoneOffset>
				<epcList>
					<epc>1NJ8VTEP8QSPZYR</epc>
				</epcList>
				<action>OBSERVE</action>
				<bizStep>urn:epcglobal:cbv:bizstep:receiving</bizStep>
				<disposition>urn:epcglobal:cbv:disp:in_progress</disposition>
				<bizLocation>
					<id>urn:epc:id:sgln:1034972974273</id>
					<extension>
						<extension>
							<FixedLocation>
								<id>10</id>
								<name>Ystad Kommune Apotek</name>
								<gln>1034972974273</gln>
								<address>394-1242 Pellentesque Av.</address>
								<zip>3289</zip>
								<city>Stockholm</city>
							</FixedLocation>
						</extension>
					</extension>
				</bizLocation>
			</ObjectEvent>
			<ObjectEvent>
				<eventTime>2011-04-11T16:07:39.000+02:00</eventTime>
				<recordTime>2011-04-11T16:07:39.000+02:00</recordTime>
				<eventTimeZoneOffset>Z</eventTimeZoneOffset>
				<epcList>
					<epc>DA504P8Y8GRTZQP</epc>
				</epcList>
				<action>OBSERVE</action>
				<bizStep>urn:epcglobal:cbv:bizstep:receiving</bizStep>
				<disposition>urn:epcglobal:cbv:disp:in_progress</disposition>
				<bizLocation>
					<id>urn:epc:id:sgln:1431252563651</id>
					<extension>
						<extension>
							<FixedLocation>
								<id>49</id>
								<name>4U financials</name>
								<gln>1431252563651</gln>
								<address>7237 Taciti Street</address>
								<zip>614</zip>
								<city>San Fransisco</city>
							</FixedLocation>
						</extension>
					</extension>
				</bizLocation>
			</ObjectEvent>
			<ObjectEvent>
				<eventTime>2011-04-11T16:07:39.000+02:00</eventTime>
				<recordTime>2011-04-11T16:07:39.000+02:00</recordTime>
				<eventTimeZoneOffset>Z</eventTimeZoneOffset>
				<epcList>
					<epc>WBDJ8WTUO5FQ48T</epc>
				</epcList>
				<action>OBSERVE</action>
				<bizStep>urn:epcglobal:cbv:bizstep:receiving</bizStep>
				<disposition>urn:epcglobal:cbv:disp:in_progress</disposition>
				<bizLocation>
					<id>urn:epc:id:sgln:5533444200491</id>
					<extension>
						<extension>
							<FixedLocation>
								<id>36</id>
								<name>ABC Telecom Ltd</name>
								<gln>5533444200491</gln>
								<address>Ap #971-5703 Tellus St.</address>
								<zip>767</zip>
								<city>Tallinn</city>
							</FixedLocation>
						</extension>
					</extension>
				</bizLocation>
			</ObjectEvent>
			<ObjectEvent>
				<eventTime>2011-04-11T16:07:40.000+02:00</eventTime>
				<recordTime>2011-04-11T16:07:40.000+02:00</recordTime>
				<eventTimeZoneOffset>Z</eventTimeZoneOffset>
				<epcList>
					<epc>JKG0I5OF8UWT7QY</epc>
				</epcList>
				<action>OBSERVE</action>
				<bizStep>urn:epcglobal:cbv:bizstep:receiving</bizStep>
				<disposition>urn:epcglobal:cbv:disp:in_progress</disposition>
				<bizLocation>
					<id>urn:epc:id:sgln:9399392002275</id>
					<extension>
						<extension>
							<FixedLocation>
								<id>19</id>
								<name>Alles heft</name>
								<gln>9399392002275</gln>
								<address>P.O. Box 527, 6182 Id, Rd.</address>
								<zip>494</zip>
								<city>Amsterdam</city>
							</FixedLocation>
						</extension>
					</extension>
				</bizLocation>
			</ObjectEvent>
			<ObjectEvent>
				<eventTime>2011-04-11T16:07:40.000+02:00</eventTime>
				<recordTime>2011-04-11T16:07:40.000+02:00</recordTime>
				<eventTimeZoneOffset>Z</eventTimeZoneOffset>
				<epcList>
					<epc>5K4TJOFI8WU15TQ</epc>
				</epcList>
				<action>OBSERVE</action>
				<bizStep>urn:epcglobal:cbv:bizstep:receiving</bizStep>
				<disposition>urn:epcglobal:cbv:disp:in_progress</disposition>
				<bizLocation>
					<id>urn:epc:id:sgln:1139838384439</id>
					<extension>
						<extension>
							<FixedLocation>
								<id>11</id>
								<name>Apotek 1 Hallaralla</name>
								<gln>1139838384439</gln>
								<address>P.O. Box 492, 1459 Quis, St.</address>
								<zip>3289</zip>
								<city>Helsinki</city>
							</FixedLocation>
						</extension>
					</extension>
				</bizLocation>
			</ObjectEvent>
			<ObjectEvent>
				<eventTime>2006-06-25T07:01:00.000+02:00</eventTime>
				<recordTime>2006-06-25T07:01:00.000+02:00</recordTime>
				<eventTimeZoneOffset>Z</eventTimeZoneOffset>
				<epcList>
					<epc>x006141410000000001</epc>
				</epcList>
				<action>OBSERVE</action>
				<bizStep>urn:epcglobal:cbv:bizstep:receiving</bizStep>
				<disposition>urn:epcglobal:cbv:disp:active</disposition>
				<bizLocation>
					<id>urn:epc:id:sgln:7374949926534</id>
					<extension>
						<extension>
							<FixedLocation>
								<id>26</id>
								<name>PlusNet Plc</name>
								<gln>7374949926534</gln>
								<address>6845 Fusce St.</address>
								<zip>292</zip>
								<city>Copenhagen</city>
							</FixedLocation>
						</extension>
					</extension>
				</bizLocation>
			</ObjectEvent>
			<ObjectEvent>
				<eventTime>2006-06-25T07:02:00.000+02:00</eventTime>
				<recordTime>2006-06-25T07:02:00.000+02:00</recordTime>
				<eventTimeZoneOffset>Z</eventTimeZoneOffset>
				<epcList>
					<epc>x006141410000000002</epc>
				</epcList>
				<action>OBSERVE</action>
				<bizStep>urn:epcglobal:cbv:bizstep:receiving</bizStep>
				<disposition>urn:epcglobal:cbv:disp:active</disposition>
				<bizLocation>
					<id>urn:epc:id:sgln:7374949926534</id>
					<extension>
						<extension>
							<FixedLocation>
								<id>26</id>
								<name>PlusNet Plc</name>
								<gln>7374949926534</gln>
								<address>6845 Fusce St.</address>
								<zip>292</zip>
								<city>Copenhagen</city>
							</FixedLocation>
						</extension>
					</extension>
				</bizLocation>
			</ObjectEvent>
			<ObjectEvent>
				<eventTime>2006-06-25T07:03:00.000+02:00</eventTime>
				<recordTime>2006-06-25T07:03:00.000+02:00</recordTime>
				<eventTimeZoneOffset>Z</eventTimeZoneOffset>
				<epcList>
					<epc>x006141410000000003</epc>
				</epcList>
				<action>OBSERVE</action>
				<bizStep>urn:epcglobal:cbv:bizstep:receiving</bizStep>
				<disposition>urn:epcglobal:cbv:disp:active</disposition>
				<bizLocation>
					<id>urn:epc:id:sgln:7374949926534</id>
					<extension>
						<extension>
							<FixedLocation>
								<id>26</id>
								<name>PlusNet Plc</name>
								<gln>7374949926534</gln>
								<address>6845 Fusce St.</address>
								<zip>292</zip>
								<city>Copenhagen</city>
							</FixedLocation>
						</extension>
					</extension>
				</bizLocation>
			</ObjectEvent>
		</EventList>
	</resultsBody>
</epcisq:QueryResults>