<epcisq:GetSubscriptionIDsResult
    xmlns:epcisq="urn:epcglobal:epcis-query:xsd:1">
    <string>QuerySE46-1</string>
    <string>QuerySE46-2</string>
</epcisq:GetSubscriptionIDsResult>
