<epcisq:SubscribeResult xmlns:epcisq="urn:epcglobal:epcis-query:xsd:1" />
