<epcisq:QueryResults xmlns:epcisq="urn:epcglobal:epcis-query:xsd:1">
    <queryName>SimpleMasterDataQuery</queryName>
    <resultsBody>
        <VocabularyList/>
    </resultsBody>
</epcisq:QueryResults>
