<epcisq:QueryResults xmlns:epcisq="urn:epcglobal:epcis-query:xsd:1"
    xmlns:fmcg="urn:epcglobal:fmcg:xsd:1">
    <queryName>SimpleEventQuery</queryName>
    <resultsBody>
        <EventList>
            <QuantityEvent>
                <eventTime>2006-06-25T09:29:00Z</eventTime>
                <eventTimeZoneOffset>-06:00</eventTimeZoneOffset>
                <recordTime>2006-06-25T09:29:00Z</recordTime>
                <epcClass>
                    urn:epc:idpat:sgtin:0614141.107343.*
                </epcClass>
                <quantity>4</quantity>
                <bizStep>urn:epcglobal:cbv:bizstep:receiving</bizStep>
                <disposition>urn:epcglobal:cbv:disp:active</disposition>
                <bizLocation>
                    <id>urn:epcglobal:fmcg:loc:0614141073469.2</id>
                </bizLocation>
            </QuantityEvent>
            <QuantityEvent>
                <eventTime>2006-06-25T09:30:00Z</eventTime>
                <eventTimeZoneOffset>-06:00</eventTimeZoneOffset>
                <recordTime>2006-06-25T09:30:00Z</recordTime>
                <epcClass>
                    urn:epc:idpat:sgtin:0614141.107344.*
                </epcClass>
                <quantity>5</quantity>
                <bizStep>urn:epcglobal:cbv:bizstep:receiving</bizStep>
                <disposition>urn:epcglobal:cbv:disp:active</disposition>
                <bizLocation>
                    <id>urn:epcglobal:fmcg:loc:0614141073469.2</id>
                </bizLocation>
            </QuantityEvent>
            <QuantityEvent>
                <eventTime>2006-06-25T09:31:00Z</eventTime>
                <eventTimeZoneOffset>-06:00</eventTimeZoneOffset>
                <recordTime>2006-06-25T09:31:00Z</recordTime>
                <epcClass>
                    urn:epc:idpat:sgtin:0614142.107345.*
                </epcClass>
                <quantity>6</quantity>
                <bizStep>urn:epcglobal:cbv:bizstep:receiving</bizStep>
                <disposition>urn:epcglobal:cbv:disp:active</disposition>
                <bizLocation>
                    <id>urn:epcglobal:fmcg:loc:0614141073469.2</id>
                </bizLocation>
            </QuantityEvent>
            <QuantityEvent>
                <eventTime>2006-06-25T09:32:00Z</eventTime>
                <eventTimeZoneOffset>-06:00</eventTimeZoneOffset>
                <recordTime>2006-06-25T09:32:00Z</recordTime>
                <epcClass>
                    urn:epc:idpat:sgtin:0614142.107346.*
                </epcClass>
                <quantity>7</quantity>
                <bizStep>urn:epcglobal:cbv:bizstep:receiving</bizStep>
                <disposition>urn:epcglobal:cbv:disp:active</disposition>
                <bizLocation>
                    <id>urn:epcglobal:fmcg:loc:0614141073469.2</id>
                </bizLocation>
            </QuantityEvent>
        </EventList>
    </resultsBody>
</epcisq:QueryResults>
