<epcisq:QueryResults xmlns:epcisq="urn:epcglobal:epcis-query:xsd:1">
	<queryName>SimpleEventQuery</queryName>
	<resultsBody>
		<EventList>
			<AggregationEvent>
				<eventTime>2011-04-15T15:13:27.916+02:00</eventTime>
				<recordTime>2011-04-15T15:13:27.916+02:00</recordTime>
				<eventTimeZoneOffset>Z</eventTimeZoneOffset>
				<parentID>x006141410000000001</parentID>
				<childEPCs>
					<epc>x006141411073401</epc>
					<epc>x006141411073402</epc>
					<epc>x006141411073403</epc>
					<epc>x006141411073404</epc>
					<epc>x006141411073405</epc>
					<epc>x006141411073406</epc>
					<epc>x006141411073407</epc>
					<epc>x006141411073408</epc>
					<epc>x006141411073409</epc>
					<epc>x0061414110734010</epc>
				</childEPCs>
				<action>ADD</action>
				<bizStep>urn:epcglobal:cbv:bizstep:commissioning</bizStep>
			</AggregationEvent>
			<AggregationEvent>
				<eventTime>2011-04-15T15:13:27.916+02:00</eventTime>
				<recordTime>2011-04-15T15:13:27.916+02:00</recordTime>
				<eventTimeZoneOffset>Z</eventTimeZoneOffset>
				<parentID>x006141410000000002</parentID>
				<childEPCs>
					<epc>x006141411073411</epc>
					<epc>x006141411073412</epc>
					<epc>x006141411073413</epc>
					<epc>x006141411073414</epc>
					<epc>x006141411073415</epc>
					<epc>x006141411073416</epc>
					<epc>x006141411073417</epc>
					<epc>x006141411073418</epc>
					<epc>x006141411073419</epc>
					<epc>x0061414110734110</epc>
				</childEPCs>
				<action>ADD</action>
				<bizStep>urn:epcglobal:cbv:bizstep:commissioning</bizStep>
			</AggregationEvent>
			<AggregationEvent>
				<eventTime>2011-04-15T15:13:27.916+02:00</eventTime>
				<recordTime>2011-04-15T15:13:27.916+02:00</recordTime>
				<eventTimeZoneOffset>Z</eventTimeZoneOffset>
				<parentID>x006141410000000003</parentID>
				<childEPCs>
					<epc>x006141411073421</epc>
					<epc>x006141411073422</epc>
					<epc>x006141411073423</epc>
					<epc>x006141411073424</epc>
					<epc>x006141411073425</epc>
					<epc>x006141411073426</epc>
					<epc>x006141411073427</epc>
					<epc>x006141411073428</epc>
					<epc>x006141411073429</epc>
					<epc>x0061414110734210</epc>
				</childEPCs>
				<action>ADD</action>
				<bizStep>urn:epcglobal:cbv:bizstep:commissioning</bizStep>
			</AggregationEvent>
			<AggregationEvent>
				<eventTime>2011-04-15T15:13:27.916+02:00</eventTime>
				<recordTime>2011-04-15T15:13:27.916+02:00</recordTime>
				<eventTimeZoneOffset>Z</eventTimeZoneOffset>
				<parentID>x006141410000000004</parentID>
				<childEPCs>
					<epc>x006141411073431</epc>
					<epc>x006141411073432</epc>
					<epc>x006141411073433</epc>
					<epc>x006141411073434</epc>
					<epc>x006141411073435</epc>
					<epc>x006141411073436</epc>
					<epc>x006141411073437</epc>
					<epc>x006141411073438</epc>
					<epc>x006141411073439</epc>
					<epc>x0061414110734310</epc>
				</childEPCs>
				<action>ADD</action>
				<bizStep>urn:epcglobal:cbv:bizstep:commissioning</bizStep>
			</AggregationEvent>
			<AggregationEvent>
				<eventTime>2011-04-15T15:13:27.916+02:00</eventTime>
				<recordTime>2011-04-15T15:13:27.916+02:00</recordTime>
				<eventTimeZoneOffset>Z</eventTimeZoneOffset>
				<parentID>x006141410000000005</parentID>
				<childEPCs>
					<epc>x006141411073441</epc>
					<epc>x006141411073442</epc>
					<epc>x006141411073443</epc>
					<epc>x006141411073444</epc>
					<epc>x006141411073445</epc>
					<epc>x006141411073446</epc>
					<epc>x006141411073447</epc>
					<epc>x006141411073448</epc>
					<epc>x006141411073449</epc>
					<epc>x0061414110734410</epc>
				</childEPCs>
				<action>ADD</action>
				<bizStep>urn:epcglobal:cbv:bizstep:commissioning</bizStep>
			</AggregationEvent>
			<AggregationEvent>
				<eventTime>2011-04-15T15:13:27.916+02:00</eventTime>
				<recordTime>2011-04-15T15:13:27.916+02:00</recordTime>
				<eventTimeZoneOffset>Z</eventTimeZoneOffset>
				<parentID>x006141420000000006</parentID>
				<childEPCs>
					<epc>x006141421073451</epc>
					<epc>x006141421073452</epc>
					<epc>x006141421073453</epc>
					<epc>x006141421073454</epc>
					<epc>x006141421073455</epc>
					<epc>x006141421073456</epc>
					<epc>x006141421073457</epc>
					<epc>x006141421073458</epc>
					<epc>x006141421073459</epc>
					<epc>x0061414210734510</epc>
				</childEPCs>
				<action>ADD</action>
				<bizStep>urn:epcglobal:cbv:bizstep:commissioning</bizStep>
			</AggregationEvent>
			<AggregationEvent>
				<eventTime>2011-04-15T15:13:27.916+02:00</eventTime>
				<recordTime>2011-04-15T15:13:27.916+02:00</recordTime>
				<eventTimeZoneOffset>Z</eventTimeZoneOffset>
				<parentID>x006141420000000007</parentID>
				<childEPCs>
					<epc>x006141421073461</epc>
					<epc>x006141421073462</epc>
					<epc>x006141421073463</epc>
					<epc>x006141421073464</epc>
					<epc>x006141421073465</epc>
					<epc>x006141421073466</epc>
					<epc>x006141421073467</epc>
					<epc>x006141421073468</epc>
					<epc>x006141421073469</epc>
					<epc>x0061414210734610</epc>
				</childEPCs>
				<action>ADD</action>
				<bizStep>urn:epcglobal:cbv:bizstep:commissioning</bizStep>
			</AggregationEvent>
			<AggregationEvent>
				<eventTime>2011-04-15T15:13:27.916+02:00</eventTime>
				<recordTime>2011-04-15T15:13:27.916+02:00</recordTime>
				<eventTimeZoneOffset>Z</eventTimeZoneOffset>
				<parentID>x006141420000000008</parentID>
				<childEPCs>
					<epc>x006141421073471</epc>
					<epc>x006141421073472</epc>
					<epc>x006141421073473</epc>
					<epc>x006141421073474</epc>
					<epc>x006141421073475</epc>
					<epc>x006141421073476</epc>
					<epc>x006141421073477</epc>
					<epc>x006141421073478</epc>
					<epc>x006141421073479</epc>
					<epc>x0061414210734710</epc>
				</childEPCs>
				<action>ADD</action>
				<bizStep>urn:epcglobal:cbv:bizstep:commissioning</bizStep>
			</AggregationEvent>
			<AggregationEvent>
				<eventTime>2011-04-15T15:13:27.916+02:00</eventTime>
				<recordTime>2011-04-15T15:13:27.916+02:00</recordTime>
				<eventTimeZoneOffset>Z</eventTimeZoneOffset>
				<parentID>x006141420000000009</parentID>
				<childEPCs>
					<epc>x006141421073481</epc>
					<epc>x006141421073482</epc>
					<epc>x006141421073483</epc>
					<epc>x006141421073484</epc>
					<epc>x006141421073485</epc>
					<epc>x006141421073486</epc>
					<epc>x006141421073487</epc>
					<epc>x006141421073488</epc>
					<epc>x006141421073489</epc>
					<epc>x0061414210734810</epc>
				</childEPCs>
				<action>ADD</action>
				<bizStep>urn:epcglobal:cbv:bizstep:commissioning</bizStep>
			</AggregationEvent>
			<AggregationEvent>
				<eventTime>2011-04-15T15:13:27.916+02:00</eventTime>
				<recordTime>2011-04-15T15:13:27.916+02:00</recordTime>
				<eventTimeZoneOffset>Z</eventTimeZoneOffset>
				<parentID>x006141420000000010</parentID>
				<childEPCs>
					<epc>x006141421073491</epc>
					<epc>x006141421073492</epc>
					<epc>x006141421073493</epc>
					<epc>x006141421073494</epc>
					<epc>x006141421073495</epc>
					<epc>x006141421073496</epc>
					<epc>x006141421073497</epc>
					<epc>x006141421073498</epc>
					<epc>x006141421073499</epc>
					<epc>x0061414210734910</epc>
				</childEPCs>
				<action>ADD</action>
				<bizStep>urn:epcglobal:cbv:bizstep:commissioning</bizStep>
			</AggregationEvent>
		</EventList>
	</resultsBody>
</epcisq:QueryResults>