<epcisq:poll xmlns:epcisq="urn:epcglobal:epcis-query:xsd:1">
	<queryName>SimpleEventQuery</queryName>
	<params>
		<param>
			<name>EQ_bizTransaction_urn:epcglobal:fmcg:btt:po</name>
			<value>
				<string>urn:epcglobal:fmcg:bti:po:0614141073468.1</string>
				<string>urn:epcglobal:fmcg:bti:po:0614141073468.2</string>
				<string>urn:epcglobal:fmcg:bti:po:0614141073468.3</string>
				<string>urn:epcglobal:fmcg:bti:po:0614141073468.4</string>
				<string>urn:epcglobal:fmcg:bti:po:0614141073468.5</string>
			</value>
		</param>
	</params>
</epcisq:poll>
