<epcisq:poll xmlns:epcisq="urn:epcglobal:epcis-query:xsd:1">
	<queryName>SimpleEventQuery</queryName>
	<params>
		<param>
			<name>MATCH_parentID</name>
			<value>
				<string>urn:epc:id:sscc:0614141.0000000005</string>
			</value>
		</param>
	</params>
</epcisq:poll>
