<epcisq:poll xmlns:epcisq="urn:epcglobal:epcis-query:xsd:1">
	<queryName>SimpleEventQuery</queryName>
	<params>
		<param>
			<name>HASATTR_bizLocation</name>
			<value>
				<string>urn:epcglobal:fmcg:mda:sslta</string>
			</value>
		</param>
		<param>
			<name>WD_bizLocation</name>
			<value>urn:epcglobal:fmcg:loc:0614141073468</value>
		</param>

	</params>
</epcisq:poll>
