<epcisq:poll xmlns:epcisq="urn:epcglobal:epcis-query:xsd:1">
	<queryName>SimpleEventQuery</queryName>
	<params>
		<param>
			<name>MATCH_epc</name>
			<value>
				<string>urn:epc:idpat:sgtin:0614141.107340.*</string>
			</value>
		</param>
		<param>
			<name>EQ_bizStep</name>
			<value>
				<string>urn:epcglobal:cbv:bizstep:commissioning</string>
			</value>
		</param>

	</params>
</epcisq:poll>
