<epcisq:poll xmlns:epcisq="urn:epcglobal:epcis-query:xsd:1">
	<queryName>SimpleEventQuery</queryName>
	<params>
		<param>
			<name>EQ_http://schema.hls.com/extension#temperature</name>
			<value>30</value>
		</param>
		<param>
			<name>EQ_http://schema.hls.com/extension#batchNumber</name>
			<value>1</value>
		</param>
	</params>
</epcisq:poll>
