<?xml version="1.0" encoding="UTF-8"?>
<epcisq:EPCISQueryDocument
	xmlns:epcisq="urn:epcglobal:epcis-query:xsd:1"
	xmlns:epcis="urn:epcglobal:epcis:xsd:1"
	xmlns:epcglobal="urn:epcglobal:xsd:1"
	xmlns:sbdh="http://www.unece.org/cefact/namespaces/StandardBusinessDocumentHeader"
	xmlns:xsi="http://www.w3.org/2001/XMLSchema-instance"
	xsi:schemaLocation="urn:epcglobal:epcis-query:xsd:1 ./EPCglobal-epcis-query-1_0.xsd"
	schemaVersion="1.0"
	creationDate="2006-07-06T00:00:00.000Z">
	<EPCISHeader>
		<sbdh:StandardBusinessDocumentHeader>
			<sbdh:HeaderVersion>1.0</sbdh:HeaderVersion>
			<sbdh:Sender>
				<sbdh:Identifier Authority="EAN.UCC">0614141107340</sbdh:Identifier>
			</sbdh:Sender>
			<sbdh:Receiver>
				<sbdh:Identifier Authority="EAN.UCC">0614141107340</sbdh:Identifier>
			</sbdh:Receiver>
			<sbdh:DocumentIdentification>
				<sbdh:Standard>EPCIS</sbdh:Standard>
				<sbdh:TypeVersion>1.0</sbdh:TypeVersion>
				<sbdh:InstanceIdentifier>Test-EPCIS10-SE66-Request-1-Subscribe</sbdh:InstanceIdentifier>
				<sbdh:Type>EPCIS Queries</sbdh:Type>
				<sbdh:CreationDateAndTime>2006-07-06T00:00:00.000Z</sbdh:CreationDateAndTime>
			</sbdh:DocumentIdentification>
		</sbdh:StandardBusinessDocumentHeader>
	</EPCISHeader>
	<EPCISBody>
		<epcisq:Subscribe>
			<queryName>SimpleEventQuery</queryName>
			<params>
				<param>
					<name>eventType</name>
					<value>
						<string>ObjectEvent</string>
					</value>
				</param>
				<param>
					<name>WD_bizLocation</name>
					<value>
						<string>urn:epcglobal:fmcg:loc:0614141073468</string>
					</value>
				</param>
			</params>
			<dest>http://192.168.0.1:8080/notificationReceiver</dest>
			<controls>
				<schedule>
					<second>0</second>
					<minute>0</minute>
				</schedule>
				<!-- NOTE: The value for initialRecordTime should be set according
					 to the prepared event data. -->
				<initialRecordTime>2006-07-25T09:30:00.000Z</initialRecordTime>
				<reportIfEmpty>false</reportIfEmpty>
			</controls>
			<subscriptionID>QuerySE66</subscriptionID>
		</epcisq:Subscribe>
	</EPCISBody>
</epcisq:EPCISQueryDocument>
