<epcisq:QueryResults xmlns:epcisq="urn:epcglobal:epcis-query:xsd:1" xmlns:fmcg="urn:epcglobal:fmcg:xsd:1" xmlns:hls="http://schema.hls.com/extension">
  	<queryName>SimpleEventQuery</queryName>
	<resultsBody>
    <EventList>
			<ObjectEvent>
				<eventTime>2006-06-25T00:01:00Z</eventTime>
				<eventTimeZoneOffset>-06:00</eventTimeZoneOffset>
<recordTime>2006-06-25T00:01:00Z</recordTime>
				<epcList>
					<epc>urn:epc:id:sgtin:0614141.107340.1</epc>
				</epcList>
				<action>ADD</action>
				<bizStep>urn:epcglobal:cbv:bizstep:commissioning</bizStep>
				<disposition>urn:epcglobal:cbv:disp:active</disposition>
				<readPoint>
					<id>urn:epcglobal:fmcg:loc:0614141073467.RP-1</id>
				</readPoint>
				<bizLocation>
					<id>urn:epcglobal:fmcg:loc:0614141073467.1</id>
				</bizLocation>
				<hls:temperature>20</hls:temperature>
				<hls:batchNumber>1</hls:batchNumber>
			</ObjectEvent>
			<ObjectEvent>
				<eventTime>2006-06-25T00:02:00Z</eventTime>
				<eventTimeZoneOffset>-06:00</eventTimeZoneOffset>
<recordTime>2006-06-25T00:02:00Z</recordTime>
				<epcList>
					<epc>urn:epc:id:sgtin:0614141.107340.2</epc>
				</epcList>
				<action>ADD</action>
				<bizStep>urn:epcglobal:cbv:bizstep:commissioning</bizStep>
				<disposition>urn:epcglobal:cbv:disp:active</disposition>
				<readPoint>
					<id>urn:epcglobal:fmcg:loc:0614141073467.RP-1</id>
				</readPoint>
				<bizLocation>
					<id>urn:epcglobal:fmcg:loc:0614141073467.1</id>
				</bizLocation>
				<hls:temperature>20</hls:temperature>
				<hls:batchNumber>1</hls:batchNumber>
			</ObjectEvent>
			<ObjectEvent>
				<eventTime>2006-06-25T00:03:00Z</eventTime>
				<eventTimeZoneOffset>-06:00</eventTimeZoneOffset>
<recordTime>2006-06-25T00:03:00Z</recordTime>
				<epcList>
					<epc>urn:epc:id:sgtin:0614141.107340.3</epc>
				</epcList>
				<action>ADD</action>
				<bizStep>urn:epcglobal:cbv:bizstep:commissioning</bizStep>
				<disposition>urn:epcglobal:cbv:disp:active</disposition>
				<readPoint>
					<id>urn:epcglobal:fmcg:loc:0614141073467.RP-1</id>
				</readPoint>
				<bizLocation>
					<id>urn:epcglobal:fmcg:loc:0614141073467.1</id>
				</bizLocation>
				<hls:temperature>20</hls:temperature>
				<hls:batchNumber>1</hls:batchNumber>
			</ObjectEvent>
			<ObjectEvent>
				<eventTime>2006-06-25T00:04:00Z</eventTime>
				<eventTimeZoneOffset>-06:00</eventTimeZoneOffset>
<recordTime>2006-06-25T00:04:00Z</recordTime>
				<epcList>
					<epc>urn:epc:id:sgtin:0614141.107340.4</epc>
				</epcList>
				<action>ADD</action>
				<bizStep>urn:epcglobal:cbv:bizstep:commissioning</bizStep>
				<disposition>urn:epcglobal:cbv:disp:active</disposition>
				<readPoint>
					<id>urn:epcglobal:fmcg:loc:0614141073467.RP-1</id>
				</readPoint>
				<bizLocation>
					<id>urn:epcglobal:fmcg:loc:0614141073467.1</id>
				</bizLocation>
				<hls:temperature>20</hls:temperature>
				<hls:batchNumber>1</hls:batchNumber>
			</ObjectEvent>
			<ObjectEvent>
				<eventTime>2006-06-25T00:05:00Z</eventTime>
				<eventTimeZoneOffset>-06:00</eventTimeZoneOffset>
<recordTime>2006-06-25T00:05:00Z</recordTime>
				<epcList>
					<epc>urn:epc:id:sgtin:0614141.107340.5</epc>
				</epcList>
				<action>ADD</action>
				<bizStep>urn:epcglobal:cbv:bizstep:commissioning</bizStep>
				<disposition>urn:epcglobal:cbv:disp:active</disposition>
				<readPoint>
					<id>urn:epcglobal:fmcg:loc:0614141073467.RP-1</id>
				</readPoint>
				<bizLocation>
					<id>urn:epcglobal:fmcg:loc:0614141073467.1</id>
				</bizLocation>
				<hls:temperature>20</hls:temperature>
				<hls:batchNumber>1</hls:batchNumber>
			</ObjectEvent>
      
	</EventList>
	</resultsBody>
</epcisq:QueryResults>
