<epcisq:QueryResults xmlns:epcisq="urn:epcglobal:epcis-query:xsd:1" xmlns:fmcg="urn:epcglobal:fmcg:xsd:1">
  	<queryName>SimpleEventQuery</queryName>
	<resultsBody>
		<EventList>
			<QuantityEvent>
				<eventTime>2006-06-25T09:26:00Z</eventTime>
				<eventTimeZoneOffset>-06:00</eventTimeZoneOffset>
<recordTime>2006-06-25T09:26:00Z</recordTime>
				<epcClass>urn:epc:idpat:sgtin:0614141.107340.*</epcClass>
				<quantity>1</quantity>
				<bizStep>urn:epcglobal:cbv:bizstep:receiving</bizStep>
				<disposition>urn:epcglobal:cbv:disp:active</disposition>
				<bizLocation>
					<id>urn:epcglobal:fmcg:loc:0614141073469.2</id>
				</bizLocation>
			</QuantityEvent>
			<QuantityEvent>
				<eventTime>2006-06-25T09:27:00Z</eventTime>
				<eventTimeZoneOffset>-06:00</eventTimeZoneOffset>
<recordTime>2006-06-25T09:27:00Z</recordTime>
				<epcClass>urn:epc:idpat:sgtin:0614141.107341.*</epcClass>
				<quantity>2</quantity>
				<bizStep>urn:epcglobal:cbv:bizstep:receiving</bizStep>
				<disposition>urn:epcglobal:cbv:disp:active</disposition>
				<bizLocation>
					<id>urn:epcglobal:fmcg:loc:0614141073469.2</id>
				</bizLocation>
			</QuantityEvent>
			<QuantityEvent>
				<eventTime>2006-06-25T09:28:00Z</eventTime>
				<eventTimeZoneOffset>-06:00</eventTimeZoneOffset>
<recordTime>2006-06-25T09:28:00Z</recordTime>
				<epcClass>urn:epc:idpat:sgtin:0614141.107342.*</epcClass>
				<quantity>3</quantity>
				<bizStep>urn:epcglobal:cbv:bizstep:receiving</bizStep>
				<disposition>urn:epcglobal:cbv:disp:active</disposition>
				<bizLocation>
					<id>urn:epcglobal:fmcg:loc:0614141073469.2</id>
				</bizLocation>
			</QuantityEvent>

		</EventList>
	</resultsBody>
</epcisq:QueryResults>
