<epcisq:EPCISQueryDocument 
	xmlns:epcisq="urn:epcglobal:epcis-query:xsd:1" 
	xmlns:epcismd="urn:epcglobal:epcis-masterdata:xsd:1" 
	xmlns:epcis="urn:epcglobal:epcis:xsd:1" 
	xmlns:epcglobal="urn:epcglobal:xsd:1" 
	xmlns:sbdh="http://www.unece.org/cefact/namespaces/StandardBusinessDocumentHeader" 
	xmlns:xsi="http://www.w3.org/2001/XMLSchema-instance" 
	xsi:schemaLocation="urn:epcglobal:epcis-query:xsd:1 .\EPCglobal-epcis-query-1_0.xsd" 
	schemaVersion="3.1415926535897932384626433832795" 
	creationDate="2006-06-27T09:30:47.0Z">
	<EPCISHeader>
		<sbdh:StandardBusinessDocumentHeader>
			<sbdh:HeaderVersion>1.0</sbdh:HeaderVersion>
			<sbdh:Sender>
				<sbdh:Identifier Authority="EAN.UCC">0614141107340</sbdh:Identifier>
			</sbdh:Sender>
			<sbdh:Receiver>
				<sbdh:Identifier Authority="EAN.UCC">0614141107340</sbdh:Identifier>
			</sbdh:Receiver>
			<sbdh:DocumentIdentification>
				<sbdh:Standard>EPCIS</sbdh:Standard>
				<sbdh:TypeVersion>1.0</sbdh:TypeVersion>
				<sbdh:InstanceIdentifier>Test-EPCIS10-MD11-AS2-Response</sbdh:InstanceIdentifier>
				<sbdh:Type>EPCIS Queries</sbdh:Type>
				<sbdh:CreationDateAndTime>2006-06-27T09:30:47.0Z</sbdh:CreationDateAndTime>
			</sbdh:DocumentIdentification>
		</sbdh:StandardBusinessDocumentHeader>
		<sbdh:CorrelationInformation>
			<sbdh:RequestingDocumentInstanceIdentifier>Test-EPCIS10-MD11-AS2-Request</sbdh:RequestingDocumentInstanceIdentifier>
		</sbdh:CorrelationInformation>
	</EPCISHeader>
	<EPCISBody>
		<epcisq:QueryResults  xmlns:epcisq="urn:epcglobal:epcis-query:xsd:1">
			<queryName>SimpleMasterDataQuery</queryName>
		</epcisq:QueryResults>
	</EPCISBody>
</epcisq:EPCISQueryDocument>
