<?xml version="1.0" encoding="UTF-8"?>
<epcisq:EPCISQueryDocument xmlns:epcisq="urn:epcglobal:epcis-query:xsd:1" xmlns:sbdh="http://www.unece.org/cefact/namespaces/StandardBusinessDocumentHeader" xmlns:epcismd="urn:epcglobal:epcis-masterdata:xsd:1" xmlns:epcis="urn:epcglobal:epcis:xsd:1" xmlns:epcglobal="urn:epcglobal:xsd:1" xmlns:xsi="http://www.w3.org/2001/XMLSchema-instance" creationDate="2006-07-25T05:00:00Z" schemaVersion="1.0">
	<EPCISHeader>
		<sbdh:StandardBusinessDocumentHeader>
			<sbdh:HeaderVersion>1.0</sbdh:HeaderVersion>
			<sbdh:Sender>
				<sbdh:Identifier Authority="EAN.UCC">0614141107340</sbdh:Identifier>
			</sbdh:Sender>
			<sbdh:Receiver>
				<sbdh:Identifier Authority="EAN.UCC">0614141107340</sbdh:Identifier>
			</sbdh:Receiver>
			<sbdh:DocumentIdentification>
				<sbdh:Standard>EPCIS</sbdh:Standard>
				<sbdh:TypeVersion>1.0</sbdh:TypeVersion>
				<sbdh:InstanceIdentifier>Test-EPCIS10-MD13-AS2-Response</sbdh:InstanceIdentifier>
				<sbdh:Type>EPCIS Queries</sbdh:Type>
				<sbdh:CreationDateAndTime>2006-06-27T09:30:47.0Z</sbdh:CreationDateAndTime>
			</sbdh:DocumentIdentification>
		</sbdh:StandardBusinessDocumentHeader>
		<sbdh:CorrelationInformation>
			<sbdh:RequestingDocumentInstanceIdentifier>Test EPCIS 1.0 SE4.Request</sbdh:RequestingDocumentInstanceIdentifier>
		</sbdh:CorrelationInformation>
	</EPCISHeader>
	<EPCISBody>
		<epcisq:QueryResults>
			<queryName>SimpleEventQuery</queryName>
			<subscriptionID>QuerySE4</subscriptionID>
			<resultsBody>
				<EventList>
					<ObjectEvent>
				<eventTime>2006-06-25T05:01:00Z</eventTime>
				<eventTimeZoneOffset>-06:00</eventTimeZoneOffset>
				<epcList>
					<epc>urn:epc:id:sscc:0614141.0000000001</epc>
				</epcList>
				<action>OBSERVE</action>
				<bizStep>urn:epcglobal:cbv:bizstep:receiving</bizStep>
				<disposition>urn:epcglobal:cbv:disp:active</disposition>
				<readPoint>
					<id>urn:epcglobal:fmcg:loc:0614141073468.RP-1</id>
				</readPoint>
				<bizLocation>
					<id>urn:epcglobal:fmcg:loc:0614141073468.1</id>
				</bizLocation>
			</ObjectEvent>
			<ObjectEvent>
				<eventTime>2006-06-25T05:02:00Z</eventTime>
				<eventTimeZoneOffset>-06:00</eventTimeZoneOffset>
				<epcList>
					<epc>urn:epc:id:sscc:0614141.0000000002</epc>
				</epcList>
				<action>OBSERVE</action>
				<bizStep>urn:epcglobal:cbv:bizstep:receiving</bizStep>
				<disposition>urn:epcglobal:cbv:disp:active</disposition>
				<readPoint>
					<id>urn:epcglobal:fmcg:loc:0614141073468.RP-1</id>
				</readPoint>
				<bizLocation>
					<id>urn:epcglobal:fmcg:loc:0614141073468.1</id>
				</bizLocation>
			</ObjectEvent>
			<ObjectEvent>
				<eventTime>2006-06-25T05:03:00Z</eventTime>
				<eventTimeZoneOffset>-06:00</eventTimeZoneOffset>
				<epcList>
					<epc>urn:epc:id:sscc:0614141.0000000003</epc>
				</epcList>
				<action>OBSERVE</action>
				<bizStep>urn:epcglobal:cbv:bizstep:receiving</bizStep>
				<disposition>urn:epcglobal:cbv:disp:active</disposition>
				<readPoint>
					<id>urn:epcglobal:fmcg:loc:0614141073468.RP-1</id>
				</readPoint>
				<bizLocation>
					<id>urn:epcglobal:fmcg:loc:0614141073468.1</id>
				</bizLocation>
			</ObjectEvent>
			<ObjectEvent>
				<eventTime>2006-06-25T05:04:00Z</eventTime>
				<eventTimeZoneOffset>-06:00</eventTimeZoneOffset>
				<epcList>
					<epc>urn:epc:id:sscc:0614141.0000000004</epc>
				</epcList>
				<action>OBSERVE</action>
				<bizStep>urn:epcglobal:cbv:bizstep:receiving</bizStep>
				<disposition>urn:epcglobal:cbv:disp:active</disposition>
				<readPoint>
					<id>urn:epcglobal:fmcg:loc:0614141073468.RP-1</id>
				</readPoint>
				<bizLocation>
					<id>urn:epcglobal:fmcg:loc:0614141073468.1</id>
				</bizLocation>
			</ObjectEvent>
			<ObjectEvent>
				<eventTime>2006-06-25T05:05:00Z</eventTime>
				<eventTimeZoneOffset>-06:00</eventTimeZoneOffset>
				<epcList>
					<epc>urn:epc:id:sscc:0614141.0000000005</epc>
				</epcList>
				<action>OBSERVE</action>
				<bizStep>urn:epcglobal:cbv:bizstep:receiving</bizStep>
				<disposition>urn:epcglobal:cbv:disp:active</disposition>
				<readPoint>
					<id>urn:epcglobal:fmcg:loc:0614141073468.RP-1</id>
				</readPoint>
				<bizLocation>
					<id>urn:epcglobal:fmcg:loc:0614141073468.1</id>
				</bizLocation>
			</ObjectEvent>
			<ObjectEvent>
				<eventTime>2006-06-25T05:06:00Z</eventTime>
				<eventTimeZoneOffset>-06:00</eventTimeZoneOffset>
				<epcList>
					<epc>urn:epc:id:sscc:0614142.0000000006</epc>
				</epcList>
				<action>OBSERVE</action>
				<bizStep>urn:epcglobal:cbv:bizstep:receiving</bizStep>
				<disposition>urn:epcglobal:cbv:disp:active</disposition>
				<readPoint>
					<id>urn:epcglobal:fmcg:loc:0614141073468.RP-1</id>
				</readPoint>
				<bizLocation>
					<id>urn:epcglobal:fmcg:loc:0614141073468.1</id>
				</bizLocation>
			</ObjectEvent>
			<ObjectEvent>
				<eventTime>2006-06-25T05:07:00Z</eventTime>
				<eventTimeZoneOffset>-06:00</eventTimeZoneOffset>
				<epcList>
					<epc>urn:epc:id:sscc:0614142.0000000007</epc>
				</epcList>
				<action>OBSERVE</action>
				<bizStep>urn:epcglobal:cbv:bizstep:receiving</bizStep>
				<disposition>urn:epcglobal:cbv:disp:active</disposition>
				<readPoint>
					<id>urn:epcglobal:fmcg:loc:0614141073468.RP-1</id>
				</readPoint>
				<bizLocation>
					<id>urn:epcglobal:fmcg:loc:0614141073468.1</id>
				</bizLocation>
			</ObjectEvent>
			<ObjectEvent>
				<eventTime>2006-06-25T05:08:00Z</eventTime>
				<eventTimeZoneOffset>-06:00</eventTimeZoneOffset>
				<epcList>
					<epc>urn:epc:id:sscc:0614142.0000000008</epc>
				</epcList>
				<action>OBSERVE</action>
				<bizStep>urn:epcglobal:cbv:bizstep:receiving</bizStep>
				<disposition>urn:epcglobal:cbv:disp:active</disposition>
				<readPoint>
					<id>urn:epcglobal:fmcg:loc:0614141073468.RP-1</id>
				</readPoint>
				<bizLocation>
					<id>urn:epcglobal:fmcg:loc:0614141073468.1</id>
				</bizLocation>
			</ObjectEvent>
			<ObjectEvent>
				<eventTime>2006-06-25T05:09:00Z</eventTime>
				<eventTimeZoneOffset>-06:00</eventTimeZoneOffset>
				<epcList>
					<epc>urn:epc:id:sscc:0614142.0000000009</epc>
				</epcList>
				<action>OBSERVE</action>
				<bizStep>urn:epcglobal:cbv:bizstep:receiving</bizStep>
				<disposition>urn:epcglobal:cbv:disp:active</disposition>
				<readPoint>
					<id>urn:epcglobal:fmcg:loc:0614141073468.RP-1</id>
				</readPoint>
				<bizLocation>
					<id>urn:epcglobal:fmcg:loc:0614141073468.1</id>
				</bizLocation>
			</ObjectEvent>
			<ObjectEvent>
				<eventTime>2006-06-25T05:10:00Z</eventTime>
				<eventTimeZoneOffset>-06:00</eventTimeZoneOffset>
				<epcList>
					<epc>urn:epc:id:sscc:0614142.0000000010</epc>
				</epcList>
				<action>OBSERVE</action>
				<bizStep>urn:epcglobal:cbv:bizstep:receiving</bizStep>
				<disposition>urn:epcglobal:cbv:disp:active</disposition>
				<readPoint>
					<id>urn:epcglobal:fmcg:loc:0614141073468.RP-1</id>
				</readPoint>
				<bizLocation>
					<id>urn:epcglobal:fmcg:loc:0614141073468.1</id>
				</bizLocation>
			</ObjectEvent>
				</EventList>
			</resultsBody>
		</epcisq:QueryResults>
	</EPCISBody>
</epcisq:EPCISQueryDocument>
