<?xml version="1.0" encoding="UTF-8"?>
<epcisq:EPCISQueryDocument
	xmlns:epcisq="urn:epcglobal:epcis-query:xsd:1"
	xmlns:epcis="urn:epcglobal:epcis:xsd:1"
	xmlns:epcglobal="urn:epcglobal:xsd:1"
	xmlns:sbdh="http://www.unece.org/cefact/namespaces/StandardBusinessDocumentHeader"
	xmlns:xsi="http://www.w3.org/2001/XMLSchema-instance"
	xsi:schemaLocation="urn:epcglobal:epcis-query:xsd:1 ./EPCglobal-epcis-query-1_0.xsd"
	schemaVersion="1.0"
	creationDate="2006-07-06T00:00:00.000Z">
	<EPCISHeader>
		<sbdh:StandardBusinessDocumentHeader>
			<sbdh:HeaderVersion>1.0</sbdh:HeaderVersion>
			<sbdh:Sender>
				<sbdh:Identifier Authority="EAN.UCC">0614141107340</sbdh:Identifier>
			</sbdh:Sender>
			<sbdh:Receiver>
				<sbdh:Identifier Authority="EAN.UCC">0614141107340</sbdh:Identifier>
			</sbdh:Receiver>
			<sbdh:DocumentIdentification>
				<sbdh:Standard>EPCIS</sbdh:Standard>
				<sbdh:TypeVersion>1.0</sbdh:TypeVersion>
				<sbdh:InstanceIdentifier>Test-EPCIS10-SE48-Response-1-2-QueryResults</sbdh:InstanceIdentifier>
				<sbdh:Type>EPCIS Queries</sbdh:Type>
				<sbdh:CreationDateAndTime>2006-07-06T00:00:00.000Z</sbdh:CreationDateAndTime>
			</sbdh:DocumentIdentification>
		</sbdh:StandardBusinessDocumentHeader>
		<sbdh:CorrelationInformation>
			<sbdh:RequestingDocumentInstanceIdentifier>Test-EPCIS10-SE48-Request-1-Subscribe</sbdh:RequestingDocumentInstanceIdentifier>
		</sbdh:CorrelationInformation>
	</EPCISHeader>
	<EPCISBody>
		<epcisq:QueryResults>
			<queryName>SimpleEventQuery</queryName>
			<subscriptionID>QuerySE48-1</subscriptionID>
			<resultsBody>
				<EventList>
					<!-- FIXME -->
					<!-- Current XML schema does not provide us with a way to
						describe an empty EventList. -->
				</EventList>
			</resultsBody>
		</epcisq:QueryResults>
	</EPCISBody>
</epcisq:EPCISQueryDocument>
