<?xml version="1.0" encoding="UTF-8"?>
<epcisq:EPCISQueryDocument
    xmlns:epcisq="urn:epcglobal:epcis-query:xsd:1"
    xmlns:sbdh="http://www.unece.org/cefact/namespaces/StandardBusinessDocumentHeader"
    xmlns:epcismd="urn:epcglobal:epcis-masterdata:xsd:1"
    xmlns:epcis="urn:epcglobal:epcis:xsd:1"
    xmlns:epcglobal="urn:epcglobal:xsd:1"
    xmlns:xsi="http://www.w3.org/2001/XMLSchema-instance"
    creationDate="2006-07-07T07:00:00Z"
    schemaVersion="1.0">
    <EPCISHeader>
        <sbdh:StandardBusinessDocumentHeader>
            <sbdh:HeaderVersion>1.0</sbdh:HeaderVersion>
            <sbdh:Sender>
                <sbdh:Identifier Authority="EAN.UCC">0614141107340</sbdh:Identifier>
            </sbdh:Sender>
            <sbdh:Receiver>
                <sbdh:Identifier Authority="EAN.UCC">0614141107340</sbdh:Identifier>
            </sbdh:Receiver>
            <sbdh:DocumentIdentification>
                <sbdh:Standard>EPCIS</sbdh:Standard>
                <sbdh:TypeVersion>1.0</sbdh:TypeVersion>
                <sbdh:InstanceIdentifier>Test-EPCIS10-MD13-AS2-Response</sbdh:InstanceIdentifier>
                <sbdh:Type>EPCIS Queries</sbdh:Type>
                <sbdh:CreationDateAndTime>2006-06-27T09:30:47.0Z</sbdh:CreationDateAndTime>
            </sbdh:DocumentIdentification>
        </sbdh:StandardBusinessDocumentHeader>
        <sbdh:CorrelationInformation>
            <sbdh:RequestingDocumentInstanceIdentifier>Test EPCIS 1.0 SE7.Request</sbdh:RequestingDocumentInstanceIdentifier>
        </sbdh:CorrelationInformation>
    </EPCISHeader>

    <EPCISBody>
        <epcisq:NoSuchNameException>
            <reason>No such query (dummy reason text)</reason>
        </epcisq:NoSuchNameException>
    </EPCISBody>
</epcisq:EPCISQueryDocument>
