<epcisq:QueryResults xmlns:epcisq="urn:epcglobal:epcis-query:xsd:1" xmlns:fmcg="urn:epcglobal:fmcg:xsd:1" xmlns:hls="http://schema.hls.com/extension">
  	<queryName>SimpleEventQuery</queryName>
	<resultsBody>
		<EventList>
			<AggregationEvent>
				<eventTime>2006-06-25T03:51:00Z</eventTime>
				<eventTimeZoneOffset>-06:00</eventTimeZoneOffset>
<recordTime>2006-06-25T03:51:00Z</recordTime>
				<parentID>urn:epc:id:sscc:0614141.0000000001</parentID>
				<childEPCs>
					<epc>urn:epc:id:sgtin:0614141.107340.1</epc>
					<epc>urn:epc:id:sgtin:0614141.107340.2</epc>
					<epc>urn:epc:id:sgtin:0614141.107340.3</epc>
					<epc>urn:epc:id:sgtin:0614141.107340.4</epc>
					<epc>urn:epc:id:sgtin:0614141.107340.5</epc>
					<epc>urn:epc:id:sgtin:0614141.107340.6</epc>
					<epc>urn:epc:id:sgtin:0614141.107340.7</epc>
					<epc>urn:epc:id:sgtin:0614141.107340.8</epc>
					<epc>urn:epc:id:sgtin:0614141.107340.9</epc>
					<epc>urn:epc:id:sgtin:0614141.107340.10</epc>
				</childEPCs>
				<action>ADD</action>
				<bizStep>urn:epcglobal:cbv:bizstep:casetopalletaggregation</bizStep>
				<disposition>urn:epcglobal:cbv:disp:active</disposition>
				<readPoint>
					<id>urn:epcglobal:fmcg:loc:0614141073467.RP-1</id>
				</readPoint>
				<bizLocation>
					<id>urn:epcglobal:fmcg:loc:0614141073467.1</id>
				</bizLocation>
			</AggregationEvent>

		</EventList>
	</resultsBody>
</epcisq:QueryResults>
      