<?xml version="1.0" encoding="UTF-8"?>
<epcisq:EPCISQueryDocument xmlns:epcisq="urn:epcglobal:epcis-query:xsd:1" xmlns:sbdh="http://www.unece.org/cefact/namespaces/StandardBusinessDocumentHeader" xmlns:epcismd="urn:epcglobal:epcis-masterdata:xsd:1" xmlns:epcis="urn:epcglobal:epcis:xsd:1" xmlns:epcglobal="urn:epcglobal:xsd:1" xmlns:xsi="http://www.w3.org/2001/XMLSchema-instance" xsi:schemaLocation="urn:epcglobal:epcis-query:xsd:1
C:\DOCUME~1\mjames\Desktop\epcis\EPCglobal-epcis-query-1_0.xsd" xmlns:hls="http://schema.hls.com/extension" creationDate="2006-07-07T00:00:00Z" schemaVersion="1.0">
	<EPCISHeader>
		<sbdh:StandardBusinessDocumentHeader>
			<sbdh:HeaderVersion>1.0</sbdh:HeaderVersion>
			<sbdh:Sender>
				<sbdh:Identifier Authority="EAN.UCC">0614141107340</sbdh:Identifier>
			</sbdh:Sender>
			<sbdh:Receiver>
				<sbdh:Identifier Authority="EAN.UCC">0614141107340</sbdh:Identifier>
			</sbdh:Receiver>
			<sbdh:DocumentIdentification>
				<sbdh:Standard>EPCIS</sbdh:Standard>
				<sbdh:TypeVersion>1.0</sbdh:TypeVersion>
				<sbdh:InstanceIdentifier>Test-EPCIS10-MD13-AS2-Response</sbdh:InstanceIdentifier>
				<sbdh:Type>EPCIS Queries</sbdh:Type>
				<sbdh:CreationDateAndTime>2006-06-27T09:30:47.0Z</sbdh:CreationDateAndTime>
			</sbdh:DocumentIdentification>
		</sbdh:StandardBusinessDocumentHeader>
		<sbdh:CorrelationInformation>
			<sbdh:RequestingDocumentInstanceIdentifier>Test EPCIS 1.0 SE1.Request</sbdh:RequestingDocumentInstanceIdentifier>
		</sbdh:CorrelationInformation>
	</EPCISHeader>
	<EPCISBody>
		<epcisq:QueryResults>
			<queryName>SimpleEventQuery</queryName>
			<resultsBody>
				<EventList>
					<ObjectEvent>
				<eventTime>2006-06-25T00:01:00Z</eventTime>
				<eventTimeZoneOffset>-06:00</eventTimeZoneOffset>
				<epcList>
					<epc>urn:epc:id:sgtin:0614141.107340.1</epc>
				</epcList>
				<action>ADD</action>
				<bizStep>urn:epcglobal:cbv:bizstep:commissioning</bizStep>
				<disposition>urn:epcglobal:cbv:disp:active</disposition>
				<readPoint>
					<id>urn:epcglobal:fmcg:loc:0614141073467.RP-1</id>
				</readPoint>
				<bizLocation>
					<id>urn:epcglobal:fmcg:loc:0614141073467.1</id>
				</bizLocation>
				<hls:temperature>20</hls:temperature>
				<hls:batchNumber>1</hls:batchNumber>
			</ObjectEvent>
			<ObjectEvent>
				<eventTime>2006-06-25T00:02:00Z</eventTime>
				<eventTimeZoneOffset>-06:00</eventTimeZoneOffset>
				<epcList>
					<epc>urn:epc:id:sgtin:0614141.107340.2</epc>
				</epcList>
				<action>ADD</action>
				<bizStep>urn:epcglobal:cbv:bizstep:commissioning</bizStep>
				<disposition>urn:epcglobal:cbv:disp:active</disposition>
				<readPoint>
					<id>urn:epcglobal:fmcg:loc:0614141073467.RP-1</id>
				</readPoint>
				<bizLocation>
					<id>urn:epcglobal:fmcg:loc:0614141073467.1</id>
				</bizLocation>
				<hls:temperature>20</hls:temperature>
				<hls:batchNumber>1</hls:batchNumber>
			</ObjectEvent>
			<ObjectEvent>
				<eventTime>2006-06-25T00:03:00Z</eventTime>
				<eventTimeZoneOffset>-06:00</eventTimeZoneOffset>
				<epcList>
					<epc>urn:epc:id:sgtin:0614141.107340.3</epc>
				</epcList>
				<action>ADD</action>
				<bizStep>urn:epcglobal:cbv:bizstep:commissioning</bizStep>
				<disposition>urn:epcglobal:cbv:disp:active</disposition>
				<readPoint>
					<id>urn:epcglobal:fmcg:loc:0614141073467.RP-1</id>
				</readPoint>
				<bizLocation>
					<id>urn:epcglobal:fmcg:loc:0614141073467.1</id>
				</bizLocation>
				<hls:temperature>20</hls:temperature>
				<hls:batchNumber>1</hls:batchNumber>
			</ObjectEvent>
			<ObjectEvent>
				<eventTime>2006-06-25T00:04:00Z</eventTime>
				<eventTimeZoneOffset>-06:00</eventTimeZoneOffset>
				<epcList>
					<epc>urn:epc:id:sgtin:0614141.107340.4</epc>
				</epcList>
				<action>ADD</action>
				<bizStep>urn:epcglobal:cbv:bizstep:commissioning</bizStep>
				<disposition>urn:epcglobal:cbv:disp:active</disposition>
				<readPoint>
					<id>urn:epcglobal:fmcg:loc:0614141073467.RP-1</id>
				</readPoint>
				<bizLocation>
					<id>urn:epcglobal:fmcg:loc:0614141073467.1</id>
				</bizLocation>
				<hls:temperature>20</hls:temperature>
				<hls:batchNumber>1</hls:batchNumber>
			</ObjectEvent>
			<ObjectEvent>
				<eventTime>2006-06-25T00:05:00Z</eventTime>
				<eventTimeZoneOffset>-06:00</eventTimeZoneOffset>
				<epcList>
					<epc>urn:epc:id:sgtin:0614141.107340.5</epc>
				</epcList>
				<action>ADD</action>
				<bizStep>urn:epcglobal:cbv:bizstep:commissioning</bizStep>
				<disposition>urn:epcglobal:cbv:disp:active</disposition>
				<readPoint>
					<id>urn:epcglobal:fmcg:loc:0614141073467.RP-1</id>
				</readPoint>
				<bizLocation>
					<id>urn:epcglobal:fmcg:loc:0614141073467.1</id>
				</bizLocation>
				<hls:temperature>20</hls:temperature>
				<hls:batchNumber>1</hls:batchNumber>
			</ObjectEvent>
			<ObjectEvent>
				<eventTime>2006-06-25T00:06:00Z</eventTime>
				<eventTimeZoneOffset>-06:00</eventTimeZoneOffset>
				<epcList>
					<epc>urn:epc:id:sgtin:0614141.107340.6</epc>
				</epcList>
				<action>ADD</action>
				<bizStep>urn:epcglobal:cbv:bizstep:commissioning</bizStep>
				<disposition>urn:epcglobal:cbv:disp:active</disposition>
				<readPoint>
					<id>urn:epcglobal:fmcg:loc:0614141073467.RP-1</id>
				</readPoint>
				<bizLocation>
					<id>urn:epcglobal:fmcg:loc:0614141073467.1</id>
				</bizLocation>
				<hls:temperature>20</hls:temperature>
				<hls:batchNumber>1</hls:batchNumber>
			</ObjectEvent>
			<ObjectEvent>
				<eventTime>2006-06-25T00:07:00Z</eventTime>
				<eventTimeZoneOffset>-06:00</eventTimeZoneOffset>
				<epcList>
					<epc>urn:epc:id:sgtin:0614141.107340.7</epc>
				</epcList>
				<action>ADD</action>
				<bizStep>urn:epcglobal:cbv:bizstep:commissioning</bizStep>
				<disposition>urn:epcglobal:cbv:disp:active</disposition>
				<readPoint>
					<id>urn:epcglobal:fmcg:loc:0614141073467.RP-1</id>
				</readPoint>
				<bizLocation>
					<id>urn:epcglobal:fmcg:loc:0614141073467.1</id>
				</bizLocation>
				<hls:temperature>20</hls:temperature>
				<hls:batchNumber>1</hls:batchNumber>
			</ObjectEvent>
			<ObjectEvent>
				<eventTime>2006-06-25T00:08:00Z</eventTime>
				<eventTimeZoneOffset>-06:00</eventTimeZoneOffset>
				<epcList>
					<epc>urn:epc:id:sgtin:0614141.107340.8</epc>
				</epcList>
				<action>ADD</action>
				<bizStep>urn:epcglobal:cbv:bizstep:commissioning</bizStep>
				<disposition>urn:epcglobal:cbv:disp:active</disposition>
				<readPoint>
					<id>urn:epcglobal:fmcg:loc:0614141073467.RP-1</id>
				</readPoint>
				<bizLocation>
					<id>urn:epcglobal:fmcg:loc:0614141073467.1</id>
				</bizLocation>
				<hls:temperature>20</hls:temperature>
				<hls:batchNumber>1</hls:batchNumber>
			</ObjectEvent>
			<ObjectEvent>
				<eventTime>2006-06-25T00:09:00Z</eventTime>
				<eventTimeZoneOffset>-06:00</eventTimeZoneOffset>
				<epcList>
					<epc>urn:epc:id:sgtin:0614141.107340.9</epc>
				</epcList>
				<action>ADD</action>
				<bizStep>urn:epcglobal:cbv:bizstep:commissioning</bizStep>
				<disposition>urn:epcglobal:cbv:disp:active</disposition>
				<readPoint>
					<id>urn:epcglobal:fmcg:loc:0614141073467.RP-1</id>
				</readPoint>
				<bizLocation>
					<id>urn:epcglobal:fmcg:loc:0614141073467.1</id>
				</bizLocation>
				<hls:temperature>20</hls:temperature>
				<hls:batchNumber>1</hls:batchNumber>
			</ObjectEvent>
			<ObjectEvent>
				<eventTime>2006-06-25T00:10:00Z</eventTime>
				<eventTimeZoneOffset>-06:00</eventTimeZoneOffset>
				<epcList>
					<epc>urn:epc:id:sgtin:0614141.107340.10</epc>
				</epcList>
				<action>ADD</action>
				<bizStep>urn:epcglobal:cbv:bizstep:commissioning</bizStep>
				<disposition>urn:epcglobal:cbv:disp:active</disposition>
				<readPoint>
					<id>urn:epcglobal:fmcg:loc:0614141073467.RP-1</id>
				</readPoint>
				<bizLocation>
					<id>urn:epcglobal:fmcg:loc:0614141073467.1</id>
				</bizLocation>
				<hls:temperature>20</hls:temperature>
				<hls:batchNumber>1</hls:batchNumber>
			</ObjectEvent>
				</EventList>
			</resultsBody>
		</epcisq:QueryResults>
	</EPCISBody>
</epcisq:EPCISQueryDocument>
