<epcisq:QueryResults xmlns:epcisq="urn:epcglobal:epcis-query:xsd:1" xmlns:fmcg="urn:epcglobal:fmcg:xsd:1" xmlns:hls="http://schema.hls.com/extension">
  	<queryName>SimpleEventQuery</queryName>
	<resultsBody>
		<EventList>
			<TransactionEvent>
				<eventTime>2006-06-25T07:16:00Z</eventTime>
				<eventTimeZoneOffset>-06:00</eventTimeZoneOffset>
<recordTime>2006-06-25T07:16:00Z</recordTime>
				<bizTransactionList>
					<bizTransaction type="urn:epcglobal:fmcg:btt:po">urn:epcglobal:fmcg:bti:po:0614141073468.1</bizTransaction>
					<bizTransaction type="urn:epcglobal:fmcg:btt:bol">urn:epcglobal:fmcg:bti:bol:0614141073468.A</bizTransaction>
				</bizTransactionList>
				<epcList>
					<epc>urn:epc:id:sgtin:0614141.107340.1</epc>
					<epc>urn:epc:id:sgtin:0614141.107340.2</epc>
					<epc>urn:epc:id:sgtin:0614141.107340.3</epc>
					<epc>urn:epc:id:sgtin:0614141.107340.4</epc>
					<epc>urn:epc:id:sgtin:0614141.107340.5</epc>
					<epc>urn:epc:id:sgtin:0614141.107340.6</epc>
					<epc>urn:epc:id:sgtin:0614141.107340.7</epc>
					<epc>urn:epc:id:sgtin:0614141.107340.8</epc>
					<epc>urn:epc:id:sgtin:0614141.107340.9</epc>
					<epc>urn:epc:id:sgtin:0614141.107340.10</epc>
					<epc>urn:epc:id:sgtin:0614141.107341.1</epc>
					<epc>urn:epc:id:sgtin:0614141.107341.2</epc>
					<epc>urn:epc:id:sgtin:0614141.107341.3</epc>
					<epc>urn:epc:id:sgtin:0614141.107341.4</epc>
					<epc>urn:epc:id:sgtin:0614141.107341.5</epc>
					<epc>urn:epc:id:sgtin:0614141.107341.6</epc>
					<epc>urn:epc:id:sgtin:0614141.107341.7</epc>
					<epc>urn:epc:id:sgtin:0614141.107341.8</epc>
					<epc>urn:epc:id:sgtin:0614141.107341.9</epc>
					<epc>urn:epc:id:sgtin:0614141.107341.10</epc>
				</epcList>
				<action>ADD</action>
				<bizStep>urn:epcglobal:cbv:bizstep:shipping</bizStep>
				<disposition>urn:epcglobal:fmcg:disp:sellable_available</disposition>
				<readPoint>
					<id>urn:epcglobal:fmcg:loc:0614141073468.RP-3</id>
				</readPoint>
				<bizLocation>
					<id>urn:epcglobal:fmcg:loc:0614141073468.3</id>
				</bizLocation>
			</TransactionEvent>
			<TransactionEvent>
				<eventTime>2006-06-25T07:17:00Z</eventTime>
				<eventTimeZoneOffset>-06:00</eventTimeZoneOffset>
<recordTime>2006-06-25T07:17:00Z</recordTime>
				<bizTransactionList>
					<bizTransaction type="urn:epcglobal:fmcg:btt:po">urn:epcglobal:fmcg:bti:po:0614141073468.2</bizTransaction>
					<bizTransaction type="urn:epcglobal:fmcg:btt:bol">urn:epcglobal:fmcg:bti:bol:0614141073468.B</bizTransaction>
				</bizTransactionList>
				<epcList>
					<epc>urn:epc:id:sgtin:0614141.107342.1</epc>
					<epc>urn:epc:id:sgtin:0614141.107342.2</epc>
					<epc>urn:epc:id:sgtin:0614141.107342.3</epc>
					<epc>urn:epc:id:sgtin:0614141.107342.4</epc>
					<epc>urn:epc:id:sgtin:0614141.107342.5</epc>
					<epc>urn:epc:id:sgtin:0614141.107342.6</epc>
					<epc>urn:epc:id:sgtin:0614141.107342.7</epc>
					<epc>urn:epc:id:sgtin:0614141.107342.8</epc>
					<epc>urn:epc:id:sgtin:0614141.107342.9</epc>
					<epc>urn:epc:id:sgtin:0614141.107342.10</epc>
					<epc>urn:epc:id:sgtin:0614141.107343.1</epc>
					<epc>urn:epc:id:sgtin:0614141.107343.2</epc>
					<epc>urn:epc:id:sgtin:0614141.107343.3</epc>
					<epc>urn:epc:id:sgtin:0614141.107343.4</epc>
					<epc>urn:epc:id:sgtin:0614141.107343.5</epc>
					<epc>urn:epc:id:sgtin:0614141.107343.6</epc>
					<epc>urn:epc:id:sgtin:0614141.107343.7</epc>
					<epc>urn:epc:id:sgtin:0614141.107343.8</epc>
					<epc>urn:epc:id:sgtin:0614141.107343.9</epc>
					<epc>urn:epc:id:sgtin:0614141.107343.10</epc>
				</epcList>
				<action>ADD</action>
				<bizStep>urn:epcglobal:cbv:bizstep:shipping</bizStep>
				<disposition>urn:epcglobal:fmcg:disp:sellable_available</disposition>
				<readPoint>
					<id>urn:epcglobal:fmcg:loc:0614141073468.RP-3</id>
				</readPoint>
				<bizLocation>
					<id>urn:epcglobal:fmcg:loc:0614141073468.3</id>
				</bizLocation>
			</TransactionEvent>
			<TransactionEvent>
				<eventTime>2006-06-25T07:18:00Z</eventTime>
				<eventTimeZoneOffset>-06:00</eventTimeZoneOffset>
<recordTime>2006-06-25T07:18:00Z</recordTime>
				<bizTransactionList>
					<bizTransaction type="urn:epcglobal:fmcg:btt:po">urn:epcglobal:fmcg:bti:po:0614141073468.3</bizTransaction>
					<bizTransaction type="urn:epcglobal:fmcg:btt:bol">urn:epcglobal:fmcg:bti:bol:0614141073468.C</bizTransaction>
				</bizTransactionList>
				<epcList>
					<epc>urn:epc:id:sgtin:0614141.107344.1</epc>
					<epc>urn:epc:id:sgtin:0614141.107344.2</epc>
					<epc>urn:epc:id:sgtin:0614141.107344.3</epc>
					<epc>urn:epc:id:sgtin:0614141.107344.4</epc>
					<epc>urn:epc:id:sgtin:0614141.107344.5</epc>
					<epc>urn:epc:id:sgtin:0614141.107344.6</epc>
					<epc>urn:epc:id:sgtin:0614141.107344.7</epc>
					<epc>urn:epc:id:sgtin:0614141.107344.8</epc>
					<epc>urn:epc:id:sgtin:0614141.107344.9</epc>
					<epc>urn:epc:id:sgtin:0614141.107344.10</epc>
					<epc>urn:epc:id:sgtin:0614142.107345.1</epc>
					<epc>urn:epc:id:sgtin:0614142.107345.2</epc>
					<epc>urn:epc:id:sgtin:0614142.107345.3</epc>
					<epc>urn:epc:id:sgtin:0614142.107345.4</epc>
					<epc>urn:epc:id:sgtin:0614142.107345.5</epc>
					<epc>urn:epc:id:sgtin:0614142.107345.6</epc>
					<epc>urn:epc:id:sgtin:0614142.107345.7</epc>
					<epc>urn:epc:id:sgtin:0614142.107345.8</epc>
					<epc>urn:epc:id:sgtin:0614142.107345.9</epc>
					<epc>urn:epc:id:sgtin:0614142.107345.10</epc>
				</epcList>
				<action>ADD</action>
				<bizStep>urn:epcglobal:cbv:bizstep:shipping</bizStep>
				<disposition>urn:epcglobal:fmcg:disp:sellable_available</disposition>
				<readPoint>
					<id>urn:epcglobal:fmcg:loc:0614141073468.RP-3</id>
				</readPoint>
				<bizLocation>
					<id>urn:epcglobal:fmcg:loc:0614141073468.3</id>
				</bizLocation>
			</TransactionEvent>
			<TransactionEvent>
				<eventTime>2006-06-25T07:19:00Z</eventTime>
				<eventTimeZoneOffset>-06:00</eventTimeZoneOffset>
<recordTime>2006-06-25T07:19:00Z</recordTime>
				<bizTransactionList>
					<bizTransaction type="urn:epcglobal:fmcg:btt:po">urn:epcglobal:fmcg:bti:po:0614141073468.4</bizTransaction>
					<bizTransaction type="urn:epcglobal:fmcg:btt:bol">urn:epcglobal:fmcg:bti:bol:0614141073468.D</bizTransaction>
				</bizTransactionList>
				<epcList>
					<epc>urn:epc:id:sgtin:0614142.107346.1</epc>
					<epc>urn:epc:id:sgtin:0614142.107346.2</epc>
					<epc>urn:epc:id:sgtin:0614142.107346.3</epc>
					<epc>urn:epc:id:sgtin:0614142.107346.4</epc>
					<epc>urn:epc:id:sgtin:0614142.107346.5</epc>
					<epc>urn:epc:id:sgtin:0614142.107346.6</epc>
					<epc>urn:epc:id:sgtin:0614142.107346.7</epc>
					<epc>urn:epc:id:sgtin:0614142.107346.8</epc>
					<epc>urn:epc:id:sgtin:0614142.107346.9</epc>
					<epc>urn:epc:id:sgtin:0614142.107346.10</epc>
					<epc>urn:epc:id:sgtin:0614142.107347.1</epc>
					<epc>urn:epc:id:sgtin:0614142.107347.2</epc>
					<epc>urn:epc:id:sgtin:0614142.107347.3</epc>
					<epc>urn:epc:id:sgtin:0614142.107347.4</epc>
					<epc>urn:epc:id:sgtin:0614142.107347.5</epc>
					<epc>urn:epc:id:sgtin:0614142.107347.6</epc>
					<epc>urn:epc:id:sgtin:0614142.107347.7</epc>
					<epc>urn:epc:id:sgtin:0614142.107347.8</epc>
					<epc>urn:epc:id:sgtin:0614142.107347.9</epc>
					<epc>urn:epc:id:sgtin:0614142.107347.10</epc>
				</epcList>
				<action>ADD</action>
				<bizStep>urn:epcglobal:cbv:bizstep:shipping</bizStep>
				<disposition>urn:epcglobal:fmcg:disp:sellable_available</disposition>
				<readPoint>
					<id>urn:epcglobal:fmcg:loc:0614141073468.RP-3</id>
				</readPoint>
				<bizLocation>
					<id>urn:epcglobal:fmcg:loc:0614141073468.3</id>
				</bizLocation>
			</TransactionEvent>
			<TransactionEvent>
				<eventTime>2006-06-25T07:20:00Z</eventTime>
				<eventTimeZoneOffset>-06:00</eventTimeZoneOffset>
<recordTime>2006-06-25T07:20:00Z</recordTime>
				<bizTransactionList>
					<bizTransaction type="urn:epcglobal:fmcg:btt:po">urn:epcglobal:fmcg:bti:po:0614141073468.5</bizTransaction>
					<bizTransaction type="urn:epcglobal:fmcg:btt:bol">urn:epcglobal:fmcg:bti:bol:0614141073468.E</bizTransaction>
				</bizTransactionList>
				<epcList>
					<epc>urn:epc:id:sgtin:0614142.107348.1</epc>
					<epc>urn:epc:id:sgtin:0614142.107348.2</epc>
					<epc>urn:epc:id:sgtin:0614142.107348.3</epc>
					<epc>urn:epc:id:sgtin:0614142.107348.4</epc>
					<epc>urn:epc:id:sgtin:0614142.107348.5</epc>
					<epc>urn:epc:id:sgtin:0614142.107348.6</epc>
					<epc>urn:epc:id:sgtin:0614142.107348.7</epc>
					<epc>urn:epc:id:sgtin:0614142.107348.8</epc>
					<epc>urn:epc:id:sgtin:0614142.107348.9</epc>
					<epc>urn:epc:id:sgtin:0614142.107348.10</epc>
					<epc>urn:epc:id:sgtin:0614142.107349.1</epc>
					<epc>urn:epc:id:sgtin:0614142.107349.2</epc>
					<epc>urn:epc:id:sgtin:0614142.107349.3</epc>
					<epc>urn:epc:id:sgtin:0614142.107349.4</epc>
					<epc>urn:epc:id:sgtin:0614142.107349.5</epc>
					<epc>urn:epc:id:sgtin:0614142.107349.6</epc>
					<epc>urn:epc:id:sgtin:0614142.107349.7</epc>
					<epc>urn:epc:id:sgtin:0614142.107349.8</epc>
					<epc>urn:epc:id:sgtin:0614142.107349.9</epc>
					<epc>urn:epc:id:sgtin:0614142.107349.10</epc>
				</epcList>
				<action>ADD</action>
				<bizStep>urn:epcglobal:cbv:bizstep:shipping</bizStep>
				<disposition>urn:epcglobal:fmcg:disp:sellable_available</disposition>
				<readPoint>
					<id>urn:epcglobal:fmcg:loc:0614141073468.RP-3</id>
				</readPoint>
				<bizLocation>
					<id>urn:epcglobal:fmcg:loc:0614141073468.3</id>
				</bizLocation>
			</TransactionEvent>

			<TransactionEvent>
				<eventTime>2006-06-25T08:21:00Z</eventTime>
				<eventTimeZoneOffset>-06:00</eventTimeZoneOffset>
<recordTime>2006-06-25T08:21:00Z</recordTime>
				<bizTransactionList>
					<bizTransaction type="urn:epcglobal:fmcg:btt:po">urn:epcglobal:fmcg:bti:po:0614141073468.1</bizTransaction>
					<bizTransaction type="urn:epcglobal:fmcg:btt:bol">urn:epcglobal:fmcg:bti:bol:0614141073468.A</bizTransaction>
				</bizTransactionList>
				<epcList>
					<epc>urn:epc:id:sgtin:0614141.107340.1</epc>
					<epc>urn:epc:id:sgtin:0614141.107340.2</epc>
					<epc>urn:epc:id:sgtin:0614141.107340.3</epc>
					<epc>urn:epc:id:sgtin:0614141.107340.4</epc>
					<epc>urn:epc:id:sgtin:0614141.107340.5</epc>
					<epc>urn:epc:id:sgtin:0614141.107340.6</epc>
					<epc>urn:epc:id:sgtin:0614141.107340.7</epc>
					<epc>urn:epc:id:sgtin:0614141.107340.8</epc>
					<epc>urn:epc:id:sgtin:0614141.107340.9</epc>
					<epc>urn:epc:id:sgtin:0614141.107340.10</epc>
					<epc>urn:epc:id:sgtin:0614141.107341.1</epc>
					<epc>urn:epc:id:sgtin:0614141.107341.2</epc>
					<epc>urn:epc:id:sgtin:0614141.107341.3</epc>
					<epc>urn:epc:id:sgtin:0614141.107341.4</epc>
					<epc>urn:epc:id:sgtin:0614141.107341.5</epc>
					<epc>urn:epc:id:sgtin:0614141.107341.6</epc>
					<epc>urn:epc:id:sgtin:0614141.107341.7</epc>
					<epc>urn:epc:id:sgtin:0614141.107341.8</epc>
					<epc>urn:epc:id:sgtin:0614141.107341.9</epc>
					<epc>urn:epc:id:sgtin:0614141.107341.10</epc>
				</epcList>
				<action>OBSERVE</action>
				<bizStep>urn:epcglobal:cbv:bizstep:receiving</bizStep>
				<disposition>urn:epcglobal:fmcg:disp:sellable_available</disposition>
				<readPoint>
					<id>urn:epcglobal:fmcg:loc:0614141073469.RP-1</id>
				</readPoint>
				<bizLocation>
					<id>urn:epcglobal:fmcg:loc:0614141073469.1</id>
				</bizLocation>
			</TransactionEvent>
			<TransactionEvent>
				<eventTime>2006-06-25T08:22:00Z</eventTime>
				<eventTimeZoneOffset>-06:00</eventTimeZoneOffset>
<recordTime>2006-06-25T08:22:00Z</recordTime>
				<bizTransactionList>
					<bizTransaction type="urn:epcglobal:fmcg:btt:po">urn:epcglobal:fmcg:bti:po:0614141073468.2</bizTransaction>
					<bizTransaction type="urn:epcglobal:fmcg:btt:bol">urn:epcglobal:fmcg:bti:bol:0614141073468.B</bizTransaction>
				</bizTransactionList>
				<epcList>
					<epc>urn:epc:id:sgtin:0614141.107342.1</epc>
					<epc>urn:epc:id:sgtin:0614141.107342.2</epc>
					<epc>urn:epc:id:sgtin:0614141.107342.3</epc>
					<epc>urn:epc:id:sgtin:0614141.107342.4</epc>
					<epc>urn:epc:id:sgtin:0614141.107342.5</epc>
					<epc>urn:epc:id:sgtin:0614141.107342.6</epc>
					<epc>urn:epc:id:sgtin:0614141.107342.7</epc>
					<epc>urn:epc:id:sgtin:0614141.107342.8</epc>
					<epc>urn:epc:id:sgtin:0614141.107342.9</epc>
					<epc>urn:epc:id:sgtin:0614141.107342.10</epc>
					<epc>urn:epc:id:sgtin:0614141.107343.1</epc>
					<epc>urn:epc:id:sgtin:0614141.107343.2</epc>
					<epc>urn:epc:id:sgtin:0614141.107343.3</epc>
					<epc>urn:epc:id:sgtin:0614141.107343.4</epc>
					<epc>urn:epc:id:sgtin:0614141.107343.5</epc>
					<epc>urn:epc:id:sgtin:0614141.107343.6</epc>
					<epc>urn:epc:id:sgtin:0614141.107343.7</epc>
					<epc>urn:epc:id:sgtin:0614141.107343.8</epc>
					<epc>urn:epc:id:sgtin:0614141.107343.9</epc>
					<epc>urn:epc:id:sgtin:0614141.107343.10</epc>
				</epcList>
				<action>OBSERVE</action>
				<bizStep>urn:epcglobal:cbv:bizstep:receiving</bizStep>
				<disposition>urn:epcglobal:fmcg:disp:sellable_available</disposition>
				<readPoint>
					<id>urn:epcglobal:fmcg:loc:0614141073469.RP-1</id>
				</readPoint>
				<bizLocation>
					<id>urn:epcglobal:fmcg:loc:0614141073469.1</id>
				</bizLocation>
			</TransactionEvent>
			<TransactionEvent>
				<eventTime>2006-06-25T08:23:00Z</eventTime>
				<eventTimeZoneOffset>-06:00</eventTimeZoneOffset>
<recordTime>2006-06-25T08:23:00Z</recordTime>
				<bizTransactionList>
					<bizTransaction type="urn:epcglobal:fmcg:btt:po">urn:epcglobal:fmcg:bti:po:0614141073468.3</bizTransaction>
					<bizTransaction type="urn:epcglobal:fmcg:btt:bol">urn:epcglobal:fmcg:bti:bol:0614141073468.C</bizTransaction>
				</bizTransactionList>
				<epcList>
					<epc>urn:epc:id:sgtin:0614141.107344.1</epc>
					<epc>urn:epc:id:sgtin:0614141.107344.2</epc>
					<epc>urn:epc:id:sgtin:0614141.107344.3</epc>
					<epc>urn:epc:id:sgtin:0614141.107344.4</epc>
					<epc>urn:epc:id:sgtin:0614141.107344.5</epc>
					<epc>urn:epc:id:sgtin:0614141.107344.6</epc>
					<epc>urn:epc:id:sgtin:0614141.107344.7</epc>
					<epc>urn:epc:id:sgtin:0614141.107344.8</epc>
					<epc>urn:epc:id:sgtin:0614141.107344.9</epc>
					<epc>urn:epc:id:sgtin:0614141.107344.10</epc>
					<epc>urn:epc:id:sgtin:0614142.107345.1</epc>
					<epc>urn:epc:id:sgtin:0614142.107345.2</epc>
					<epc>urn:epc:id:sgtin:0614142.107345.3</epc>
					<epc>urn:epc:id:sgtin:0614142.107345.4</epc>
					<epc>urn:epc:id:sgtin:0614142.107345.5</epc>
					<epc>urn:epc:id:sgtin:0614142.107345.6</epc>
					<epc>urn:epc:id:sgtin:0614142.107345.7</epc>
					<epc>urn:epc:id:sgtin:0614142.107345.8</epc>
					<epc>urn:epc:id:sgtin:0614142.107345.9</epc>
					<epc>urn:epc:id:sgtin:0614142.107345.10</epc>
				</epcList>
				<action>OBSERVE</action>
				<bizStep>urn:epcglobal:cbv:bizstep:receiving</bizStep>
				<disposition>urn:epcglobal:fmcg:disp:sellable_available</disposition>
				<readPoint>
					<id>urn:epcglobal:fmcg:loc:0614141073469.RP-1</id>
				</readPoint>
				<bizLocation>
					<id>urn:epcglobal:fmcg:loc:0614141073469.1</id>
				</bizLocation>
			</TransactionEvent>
			<TransactionEvent>
				<eventTime>2006-06-25T08:24:00Z</eventTime>
				<eventTimeZoneOffset>-06:00</eventTimeZoneOffset>
<recordTime>2006-06-25T08:24:00Z</recordTime>
				<bizTransactionList>
					<bizTransaction type="urn:epcglobal:fmcg:btt:po">urn:epcglobal:fmcg:bti:po:0614141073468.4</bizTransaction>
					<bizTransaction type="urn:epcglobal:fmcg:btt:bol">urn:epcglobal:fmcg:bti:bol:0614141073468.D</bizTransaction>
				</bizTransactionList>
				<epcList>
					<epc>urn:epc:id:sgtin:0614142.107346.1</epc>
					<epc>urn:epc:id:sgtin:0614142.107346.2</epc>
					<epc>urn:epc:id:sgtin:0614142.107346.3</epc>
					<epc>urn:epc:id:sgtin:0614142.107346.4</epc>
					<epc>urn:epc:id:sgtin:0614142.107346.5</epc>
					<epc>urn:epc:id:sgtin:0614142.107346.6</epc>
					<epc>urn:epc:id:sgtin:0614142.107346.7</epc>
					<epc>urn:epc:id:sgtin:0614142.107346.8</epc>
					<epc>urn:epc:id:sgtin:0614142.107346.9</epc>
					<epc>urn:epc:id:sgtin:0614142.107346.10</epc>
					<epc>urn:epc:id:sgtin:0614142.107347.1</epc>
					<epc>urn:epc:id:sgtin:0614142.107347.2</epc>
					<epc>urn:epc:id:sgtin:0614142.107347.3</epc>
					<epc>urn:epc:id:sgtin:0614142.107347.4</epc>
					<epc>urn:epc:id:sgtin:0614142.107347.5</epc>
					<epc>urn:epc:id:sgtin:0614142.107347.6</epc>
					<epc>urn:epc:id:sgtin:0614142.107347.7</epc>
					<epc>urn:epc:id:sgtin:0614142.107347.8</epc>
					<epc>urn:epc:id:sgtin:0614142.107347.9</epc>
					<epc>urn:epc:id:sgtin:0614142.107347.10</epc>
				</epcList>
				<action>OBSERVE</action>
				<bizStep>urn:epcglobal:cbv:bizstep:receiving</bizStep>
				<disposition>urn:epcglobal:fmcg:disp:sellable_available</disposition>
				<readPoint>
					<id>urn:epcglobal:fmcg:loc:0614141073469.RP-1</id>
				</readPoint>
				<bizLocation>
					<id>urn:epcglobal:fmcg:loc:0614141073469.1</id>
				</bizLocation>
			</TransactionEvent>
			<TransactionEvent>
				<eventTime>2006-06-25T08:25:00Z</eventTime>
				<eventTimeZoneOffset>-06:00</eventTimeZoneOffset>
<recordTime>2006-06-25T08:25:00Z</recordTime>
				<bizTransactionList>
					<bizTransaction type="urn:epcglobal:fmcg:btt:po">urn:epcglobal:fmcg:bti:po:0614141073468.5</bizTransaction>
					<bizTransaction type="urn:epcglobal:fmcg:btt:bol">urn:epcglobal:fmcg:bti:bol:0614141073468.E</bizTransaction>
				</bizTransactionList>
				<epcList>
					<epc>urn:epc:id:sgtin:0614142.107348.1</epc>
					<epc>urn:epc:id:sgtin:0614142.107348.2</epc>
					<epc>urn:epc:id:sgtin:0614142.107348.3</epc>
					<epc>urn:epc:id:sgtin:0614142.107348.4</epc>
					<epc>urn:epc:id:sgtin:0614142.107348.5</epc>
					<epc>urn:epc:id:sgtin:0614142.107348.6</epc>
					<epc>urn:epc:id:sgtin:0614142.107348.7</epc>
					<epc>urn:epc:id:sgtin:0614142.107348.8</epc>
					<epc>urn:epc:id:sgtin:0614142.107348.9</epc>
					<epc>urn:epc:id:sgtin:0614142.107348.10</epc>
					<epc>urn:epc:id:sgtin:0614142.107349.1</epc>
					<epc>urn:epc:id:sgtin:0614142.107349.2</epc>
					<epc>urn:epc:id:sgtin:0614142.107349.3</epc>
					<epc>urn:epc:id:sgtin:0614142.107349.4</epc>
					<epc>urn:epc:id:sgtin:0614142.107349.5</epc>
					<epc>urn:epc:id:sgtin:0614142.107349.6</epc>
					<epc>urn:epc:id:sgtin:0614142.107349.7</epc>
					<epc>urn:epc:id:sgtin:0614142.107349.8</epc>
					<epc>urn:epc:id:sgtin:0614142.107349.9</epc>
					<epc>urn:epc:id:sgtin:0614142.107349.10</epc>
				</epcList>
				<action>OBSERVE</action>
				<bizStep>urn:epcglobal:cbv:bizstep:receiving</bizStep>
				<disposition>urn:epcglobal:fmcg:disp:sellable_available</disposition>
				<readPoint>
					<id>urn:epcglobal:fmcg:loc:0614141073469.RP-1</id>
				</readPoint>
				<bizLocation>
					<id>urn:epcglobal:fmcg:loc:0614141073469.1</id>
				</bizLocation>
			</TransactionEvent>

		</EventList>
	</resultsBody>
</epcisq:QueryResults>
