<?xml version="1.0" encoding="UTF-8"?>
<epcisq:EPCISQueryDocument xmlns:epcisq="urn:epcglobal:epcis-query:xsd:1" xmlns:sbdh="http://www.unece.org/cefact/namespaces/StandardBusinessDocumentHeader" xmlns:epcismd="urn:epcglobal:epcis-masterdata:xsd:1" xmlns:epcis="urn:epcglobal:epcis:xsd:1" xmlns:epcglobal="urn:epcglobal:xsd:1" xmlns:xsi="http://www.w3.org/2001/XMLSchema-instance" creationDate="2006-07-25T09:25:00Z" schemaVersion="1.0">
	<EPCISHeader>
		<sbdh:StandardBusinessDocumentHeader>
			<sbdh:HeaderVersion>1.0</sbdh:HeaderVersion>
			<sbdh:Sender>
				<sbdh:Identifier Authority="EAN.UCC">0614141107340</sbdh:Identifier>
			</sbdh:Sender>
			<sbdh:Receiver>
				<sbdh:Identifier Authority="EAN.UCC">0614141107340</sbdh:Identifier>
			</sbdh:Receiver>
			<sbdh:DocumentIdentification>
				<sbdh:Standard>EPCIS</sbdh:Standard>
				<sbdh:TypeVersion>1.0</sbdh:TypeVersion>
				<sbdh:InstanceIdentifier>Test-EPCIS10-MD13-AS2-Response</sbdh:InstanceIdentifier>
				<sbdh:Type>EPCIS Queries</sbdh:Type>
				<sbdh:CreationDateAndTime>2006-06-27T09:30:47.0Z</sbdh:CreationDateAndTime>
			</sbdh:DocumentIdentification>
		</sbdh:StandardBusinessDocumentHeader>
		<sbdh:CorrelationInformation>
			<sbdh:RequestingDocumentInstanceIdentifier>Test EPCIS 1.0 SE9.Request</sbdh:RequestingDocumentInstanceIdentifier>
		</sbdh:CorrelationInformation>
	</EPCISHeader>
	<EPCISBody>
		<epcisq:QueryResults>
			<queryName>SimpleEventQuery</queryName>
			<subscriptionID>QuerySE9</subscriptionID>
			<resultsBody>
				<EventList>
					<QuantityEvent>
						<eventTime>2006-06-25T09:26:00Z</eventTime>
				<eventTimeZoneOffset>-06:00</eventTimeZoneOffset>
						<epcClass>urn:epc:idpat:sgtin:0614141.107340.*</epcClass>
						<quantity>1</quantity>
						<bizStep>urn:epcglobal:cbv:bizstep:receiving</bizStep>
						<disposition>urn:epcglobal:cbv:disp:active</disposition>
						<bizLocation>
							<id>urn:epcglobal:fmcg:loc:0614141073469.2</id>
						</bizLocation>
					</QuantityEvent>
					<QuantityEvent>
						<eventTime>2006-06-25T09:27:00Z</eventTime>
				<eventTimeZoneOffset>-06:00</eventTimeZoneOffset>
						<epcClass>urn:epc:idpat:sgtin:0614141.107341.*</epcClass>
						<quantity>2</quantity>
						<bizStep>urn:epcglobal:cbv:bizstep:receiving</bizStep>
						<disposition>urn:epcglobal:cbv:disp:active</disposition>
						<bizLocation>
							<id>urn:epcglobal:fmcg:loc:0614141073469.2</id>
						</bizLocation>
					</QuantityEvent>
					<QuantityEvent>
						<eventTime>2006-06-25T09:28:00Z</eventTime>
				<eventTimeZoneOffset>-06:00</eventTimeZoneOffset>
						<epcClass>urn:epc:idpat:sgtin:0614141.107342.*</epcClass>
						<quantity>3</quantity>
						<bizStep>urn:epcglobal:cbv:bizstep:receiving</bizStep>
						<disposition>urn:epcglobal:cbv:disp:active</disposition>
						<bizLocation>
							<id>urn:epcglobal:fmcg:loc:0614141073469.2</id>
						</bizLocation>
					</QuantityEvent>
					<QuantityEvent>
						<eventTime>2006-06-25T09:29:00Z</eventTime>
				<eventTimeZoneOffset>-06:00</eventTimeZoneOffset>
						<epcClass>urn:epc:idpat:sgtin:0614141.107343.*</epcClass>
						<quantity>4</quantity>
						<bizStep>urn:epcglobal:cbv:bizstep:receiving</bizStep>
						<disposition>urn:epcglobal:cbv:disp:active</disposition>
						<bizLocation>
							<id>urn:epcglobal:fmcg:loc:0614141073469.2</id>
						</bizLocation>
					</QuantityEvent>
					<QuantityEvent>
						<eventTime>2006-06-25T09:30:00Z</eventTime>
				<eventTimeZoneOffset>-06:00</eventTimeZoneOffset>
						<epcClass>urn:epc:idpat:sgtin:0614141.107344.*</epcClass>
						<quantity>5</quantity>
						<bizStep>urn:epcglobal:cbv:bizstep:receiving</bizStep>
						<disposition>urn:epcglobal:cbv:disp:active</disposition>
						<bizLocation>
							<id>urn:epcglobal:fmcg:loc:0614141073469.2</id>
						</bizLocation>
					</QuantityEvent>
					<QuantityEvent>
						<eventTime>2006-06-25T09:31:00Z</eventTime>
				<eventTimeZoneOffset>-06:00</eventTimeZoneOffset>
						<epcClass>urn:epc:idpat:sgtin:0614142.107345.*</epcClass>
						<quantity>6</quantity>
						<bizStep>urn:epcglobal:cbv:bizstep:receiving</bizStep>
						<disposition>urn:epcglobal:cbv:disp:active</disposition>
						<bizLocation>
							<id>urn:epcglobal:fmcg:loc:0614141073469.2</id>
						</bizLocation>
					</QuantityEvent>
					<QuantityEvent>
						<eventTime>2006-06-25T09:32:00Z</eventTime>
				<eventTimeZoneOffset>-06:00</eventTimeZoneOffset>
						<epcClass>urn:epc:idpat:sgtin:0614142.107346.*</epcClass>
						<quantity>7</quantity>
						<bizStep>urn:epcglobal:cbv:bizstep:receiving</bizStep>
						<disposition>urn:epcglobal:cbv:disp:active</disposition>
						<bizLocation>
							<id>urn:epcglobal:fmcg:loc:0614141073469.2</id>
						</bizLocation>
					</QuantityEvent>
					<QuantityEvent>
						<eventTime>2006-06-25T09:33:00Z</eventTime>
				<eventTimeZoneOffset>-06:00</eventTimeZoneOffset>
						<epcClass>urn:epc:idpat:sgtin:0614142.107347.*</epcClass>
						<quantity>8</quantity>
						<bizStep>urn:epcglobal:cbv:bizstep:receiving</bizStep>
						<disposition>urn:epcglobal:cbv:disp:active</disposition>
						<bizLocation>
							<id>urn:epcglobal:fmcg:loc:0614141073469.2</id>
						</bizLocation>
					</QuantityEvent>
					<QuantityEvent>
						<eventTime>2006-06-25T09:34:00Z</eventTime>
				<eventTimeZoneOffset>-06:00</eventTimeZoneOffset>
						<epcClass>urn:epc:idpat:sgtin:0614142.107348.*</epcClass>
						<quantity>9</quantity>
						<bizStep>urn:epcglobal:cbv:bizstep:receiving</bizStep>
						<disposition>urn:epcglobal:cbv:disp:active</disposition>
						<bizLocation>
							<id>urn:epcglobal:fmcg:loc:0614141073469.2</id>
						</bizLocation>
					</QuantityEvent>
					<QuantityEvent>
						<eventTime>2006-06-25T09:35:00Z</eventTime>
				<eventTimeZoneOffset>-06:00</eventTimeZoneOffset>
						<epcClass>urn:epc:idpat:sgtin:0614142.107349.*</epcClass>
						<quantity>10</quantity>
						<bizStep>urn:epcglobal:cbv:bizstep:receiving</bizStep>
						<disposition>urn:epcglobal:cbv:disp:active</disposition>
						<bizLocation>
							<id>urn:epcglobal:fmcg:loc:0614141073469.2</id>
						</bizLocation>
					</QuantityEvent>
				</EventList>
			</resultsBody>
		</epcisq:QueryResults>
	</EPCISBody>
</epcisq:EPCISQueryDocument>
