<epcisq:QueryResults xmlns:epcisq="urn:epcglobal:epcis-query:xsd:1" xmlns:fmcg="urn:epcglobal:fmcg:xsd:1" xmlns:hls="http://schema.hls.com/extension">
  	<queryName>SimpleEventQuery</queryName>
	<resultsBody>
		<EventList>
			<ObjectEvent>
				<eventTime>2006-06-25T00:01:00Z</eventTime>
				<eventTimeZoneOffset>-06:00</eventTimeZoneOffset>
<recordTime>2006-06-25T00:01:00Z</recordTime>
				<epcList>
					<epc>urn:epc:id:sgtin:0614141.107340.1</epc>
				</epcList>
				<action>ADD</action>
				<bizStep>urn:epcglobal:cbv:bizstep:commissioning</bizStep>
				<disposition>urn:epcglobal:cbv:disp:active</disposition>
				<readPoint>
					<id>urn:epcglobal:fmcg:loc:0614141073467.RP-1</id>
				</readPoint>
				<bizLocation>
					<id>urn:epcglobal:fmcg:loc:0614141073467.1</id>
				</bizLocation>
				<hls:temperature>20</hls:temperature>
				<hls:batchNumber>1</hls:batchNumber>
			</ObjectEvent>
			<ObjectEvent>
				<eventTime>2006-06-25T00:02:00Z</eventTime>
				<eventTimeZoneOffset>-06:00</eventTimeZoneOffset>
<recordTime>2006-06-25T00:02:00Z</recordTime>
				<epcList>
					<epc>urn:epc:id:sgtin:0614141.107340.2</epc>
				</epcList>
				<action>ADD</action>
				<bizStep>urn:epcglobal:cbv:bizstep:commissioning</bizStep>
				<disposition>urn:epcglobal:cbv:disp:active</disposition>
				<readPoint>
					<id>urn:epcglobal:fmcg:loc:0614141073467.RP-1</id>
				</readPoint>
				<bizLocation>
					<id>urn:epcglobal:fmcg:loc:0614141073467.1</id>
				</bizLocation>
				<hls:temperature>20</hls:temperature>
				<hls:batchNumber>1</hls:batchNumber>
			</ObjectEvent>
			<ObjectEvent>
				<eventTime>2006-06-25T00:03:00Z</eventTime>
				<eventTimeZoneOffset>-06:00</eventTimeZoneOffset>
<recordTime>2006-06-25T00:03:00Z</recordTime>
				<epcList>
					<epc>urn:epc:id:sgtin:0614141.107340.3</epc>
				</epcList>
				<action>ADD</action>
				<bizStep>urn:epcglobal:cbv:bizstep:commissioning</bizStep>
				<disposition>urn:epcglobal:cbv:disp:active</disposition>
				<readPoint>
					<id>urn:epcglobal:fmcg:loc:0614141073467.RP-1</id>
				</readPoint>
				<bizLocation>
					<id>urn:epcglobal:fmcg:loc:0614141073467.1</id>
				</bizLocation>
				<hls:temperature>20</hls:temperature>
				<hls:batchNumber>1</hls:batchNumber>
			</ObjectEvent>
			<ObjectEvent>
				<eventTime>2006-06-25T00:04:00Z</eventTime>
				<eventTimeZoneOffset>-06:00</eventTimeZoneOffset>
<recordTime>2006-06-25T00:04:00Z</recordTime>
				<epcList>
					<epc>urn:epc:id:sgtin:0614141.107340.4</epc>
				</epcList>
				<action>ADD</action>
				<bizStep>urn:epcglobal:cbv:bizstep:commissioning</bizStep>
				<disposition>urn:epcglobal:cbv:disp:active</disposition>
				<readPoint>
					<id>urn:epcglobal:fmcg:loc:0614141073467.RP-1</id>
				</readPoint>
				<bizLocation>
					<id>urn:epcglobal:fmcg:loc:0614141073467.1</id>
				</bizLocation>
				<hls:temperature>20</hls:temperature>
				<hls:batchNumber>1</hls:batchNumber>
			</ObjectEvent>
			<ObjectEvent>
				<eventTime>2006-06-25T00:05:00Z</eventTime>
				<eventTimeZoneOffset>-06:00</eventTimeZoneOffset>
<recordTime>2006-06-25T00:05:00Z</recordTime>
				<epcList>
					<epc>urn:epc:id:sgtin:0614141.107340.5</epc>
				</epcList>
				<action>ADD</action>
				<bizStep>urn:epcglobal:cbv:bizstep:commissioning</bizStep>
				<disposition>urn:epcglobal:cbv:disp:active</disposition>
				<readPoint>
					<id>urn:epcglobal:fmcg:loc:0614141073467.RP-1</id>
				</readPoint>
				<bizLocation>
					<id>urn:epcglobal:fmcg:loc:0614141073467.1</id>
				</bizLocation>
				<hls:temperature>20</hls:temperature>
				<hls:batchNumber>1</hls:batchNumber>
			</ObjectEvent>
			<ObjectEvent>
				<eventTime>2006-06-25T00:06:00Z</eventTime>
				<eventTimeZoneOffset>-06:00</eventTimeZoneOffset>
<recordTime>2006-06-25T00:06:00Z</recordTime>
				<epcList>
					<epc>urn:epc:id:sgtin:0614141.107340.6</epc>
				</epcList>
				<action>ADD</action>
				<bizStep>urn:epcglobal:cbv:bizstep:commissioning</bizStep>
				<disposition>urn:epcglobal:cbv:disp:active</disposition>
				<readPoint>
					<id>urn:epcglobal:fmcg:loc:0614141073467.RP-1</id>
				</readPoint>
				<bizLocation>
					<id>urn:epcglobal:fmcg:loc:0614141073467.1</id>
				</bizLocation>
				<hls:temperature>20</hls:temperature>
				<hls:batchNumber>1</hls:batchNumber>
			</ObjectEvent>
			<ObjectEvent>
				<eventTime>2006-06-25T00:07:00Z</eventTime>
				<eventTimeZoneOffset>-06:00</eventTimeZoneOffset>
<recordTime>2006-06-25T00:07:00Z</recordTime>
				<epcList>
					<epc>urn:epc:id:sgtin:0614141.107340.7</epc>
				</epcList>
				<action>ADD</action>
				<bizStep>urn:epcglobal:cbv:bizstep:commissioning</bizStep>
				<disposition>urn:epcglobal:cbv:disp:active</disposition>
				<readPoint>
					<id>urn:epcglobal:fmcg:loc:0614141073467.RP-1</id>
				</readPoint>
				<bizLocation>
					<id>urn:epcglobal:fmcg:loc:0614141073467.1</id>
				</bizLocation>
				<hls:temperature>20</hls:temperature>
				<hls:batchNumber>1</hls:batchNumber>
			</ObjectEvent>
			<ObjectEvent>
				<eventTime>2006-06-25T00:08:00Z</eventTime>
				<eventTimeZoneOffset>-06:00</eventTimeZoneOffset>
<recordTime>2006-06-25T00:08:00Z</recordTime>
				<epcList>
					<epc>urn:epc:id:sgtin:0614141.107340.8</epc>
				</epcList>
				<action>ADD</action>
				<bizStep>urn:epcglobal:cbv:bizstep:commissioning</bizStep>
				<disposition>urn:epcglobal:cbv:disp:active</disposition>
				<readPoint>
					<id>urn:epcglobal:fmcg:loc:0614141073467.RP-1</id>
				</readPoint>
				<bizLocation>
					<id>urn:epcglobal:fmcg:loc:0614141073467.1</id>
				</bizLocation>
				<hls:temperature>20</hls:temperature>
				<hls:batchNumber>1</hls:batchNumber>
			</ObjectEvent>
			<ObjectEvent>
				<eventTime>2006-06-25T00:09:00Z</eventTime>
				<eventTimeZoneOffset>-06:00</eventTimeZoneOffset>
<recordTime>2006-06-25T00:09:00Z</recordTime>
				<epcList>
					<epc>urn:epc:id:sgtin:0614141.107340.9</epc>
				</epcList>
				<action>ADD</action>
				<bizStep>urn:epcglobal:cbv:bizstep:commissioning</bizStep>
				<disposition>urn:epcglobal:cbv:disp:active</disposition>
				<readPoint>
					<id>urn:epcglobal:fmcg:loc:0614141073467.RP-1</id>
				</readPoint>
				<bizLocation>
					<id>urn:epcglobal:fmcg:loc:0614141073467.1</id>
				</bizLocation>
				<hls:temperature>20</hls:temperature>
				<hls:batchNumber>1</hls:batchNumber>
			</ObjectEvent>
			<ObjectEvent>
				<eventTime>2006-06-25T00:10:00Z</eventTime>
				<eventTimeZoneOffset>-06:00</eventTimeZoneOffset>
<recordTime>2006-06-25T00:10:00Z</recordTime>
				<epcList>
					<epc>urn:epc:id:sgtin:0614141.107340.10</epc>
				</epcList>
				<action>ADD</action>
				<bizStep>urn:epcglobal:cbv:bizstep:commissioning</bizStep>
				<disposition>urn:epcglobal:cbv:disp:active</disposition>
				<readPoint>
					<id>urn:epcglobal:fmcg:loc:0614141073467.RP-1</id>
				</readPoint>
				<bizLocation>
					<id>urn:epcglobal:fmcg:loc:0614141073467.1</id>
				</bizLocation>
				<hls:temperature>20</hls:temperature>
				<hls:batchNumber>1</hls:batchNumber>
			</ObjectEvent>
			<ObjectEvent>
				<eventTime>2006-06-25T00:11:00Z</eventTime>
				<eventTimeZoneOffset>-06:00</eventTimeZoneOffset>
<recordTime>2006-06-25T00:11:00Z</recordTime>
				<epcList>
					<epc>urn:epc:id:sgtin:0614141.107341.1</epc>
				</epcList>
				<action>ADD</action>
				<bizStep>urn:epcglobal:cbv:bizstep:commissioning</bizStep>
				<disposition>urn:epcglobal:cbv:disp:active</disposition>
				<readPoint>
					<id>urn:epcglobal:fmcg:loc:0614141073467.RP-1</id>
				</readPoint>
				<bizLocation>
					<id>urn:epcglobal:fmcg:loc:0614141073467.1</id>
				</bizLocation>
				<hls:temperature>20</hls:temperature>
				<hls:batchNumber>1</hls:batchNumber>
			</ObjectEvent>
			<ObjectEvent>
				<eventTime>2006-06-25T00:12:00Z</eventTime>
				<eventTimeZoneOffset>-06:00</eventTimeZoneOffset>
<recordTime>2006-06-25T00:12:00Z</recordTime>
				<epcList>
					<epc>urn:epc:id:sgtin:0614141.107341.2</epc>
				</epcList>
				<action>ADD</action>
				<bizStep>urn:epcglobal:cbv:bizstep:commissioning</bizStep>
				<disposition>urn:epcglobal:cbv:disp:active</disposition>
				<readPoint>
					<id>urn:epcglobal:fmcg:loc:0614141073467.RP-1</id>
				</readPoint>
				<bizLocation>
					<id>urn:epcglobal:fmcg:loc:0614141073467.1</id>
				</bizLocation>
				<hls:temperature>20</hls:temperature>
				<hls:batchNumber>1</hls:batchNumber>
			</ObjectEvent>
			<ObjectEvent>
				<eventTime>2006-06-25T00:13:00Z</eventTime>
				<eventTimeZoneOffset>-06:00</eventTimeZoneOffset>
<recordTime>2006-06-25T00:13:00Z</recordTime>
				<epcList>
					<epc>urn:epc:id:sgtin:0614141.107341.3</epc>
				</epcList>
				<action>ADD</action>
				<bizStep>urn:epcglobal:cbv:bizstep:commissioning</bizStep>
				<disposition>urn:epcglobal:cbv:disp:active</disposition>
				<readPoint>
					<id>urn:epcglobal:fmcg:loc:0614141073467.RP-1</id>
				</readPoint>
				<bizLocation>
					<id>urn:epcglobal:fmcg:loc:0614141073467.1</id>
				</bizLocation>
				<hls:temperature>20</hls:temperature>
				<hls:batchNumber>1</hls:batchNumber>
			</ObjectEvent>
			<ObjectEvent>
				<eventTime>2006-06-25T00:14:00Z</eventTime>
				<eventTimeZoneOffset>-06:00</eventTimeZoneOffset>
<recordTime>2006-06-25T00:14:00Z</recordTime>
				<epcList>
					<epc>urn:epc:id:sgtin:0614141.107341.4</epc>
				</epcList>
				<action>ADD</action>
				<bizStep>urn:epcglobal:cbv:bizstep:commissioning</bizStep>
				<disposition>urn:epcglobal:cbv:disp:active</disposition>
				<readPoint>
					<id>urn:epcglobal:fmcg:loc:0614141073467.RP-1</id>
				</readPoint>
				<bizLocation>
					<id>urn:epcglobal:fmcg:loc:0614141073467.1</id>
				</bizLocation>
				<hls:temperature>20</hls:temperature>
				<hls:batchNumber>1</hls:batchNumber>
			</ObjectEvent>
			<ObjectEvent>
				<eventTime>2006-06-25T00:15:00Z</eventTime>
				<eventTimeZoneOffset>-06:00</eventTimeZoneOffset>
<recordTime>2006-06-25T00:15:00Z</recordTime>
				<epcList>
					<epc>urn:epc:id:sgtin:0614141.107341.5</epc>
				</epcList>
				<action>ADD</action>
				<bizStep>urn:epcglobal:cbv:bizstep:commissioning</bizStep>
				<disposition>urn:epcglobal:cbv:disp:active</disposition>
				<readPoint>
					<id>urn:epcglobal:fmcg:loc:0614141073467.RP-1</id>
				</readPoint>
				<bizLocation>
					<id>urn:epcglobal:fmcg:loc:0614141073467.1</id>
				</bizLocation>
				<hls:temperature>20</hls:temperature>
				<hls:batchNumber>1</hls:batchNumber>
			</ObjectEvent>
			<ObjectEvent>
				<eventTime>2006-06-25T00:16:00Z</eventTime>
				<eventTimeZoneOffset>-06:00</eventTimeZoneOffset>
<recordTime>2006-06-25T00:16:00Z</recordTime>
				<epcList>
					<epc>urn:epc:id:sgtin:0614141.107341.6</epc>
				</epcList>
				<action>ADD</action>
				<bizStep>urn:epcglobal:cbv:bizstep:commissioning</bizStep>
				<disposition>urn:epcglobal:cbv:disp:active</disposition>
				<readPoint>
					<id>urn:epcglobal:fmcg:loc:0614141073467.RP-1</id>
				</readPoint>
				<bizLocation>
					<id>urn:epcglobal:fmcg:loc:0614141073467.1</id>
				</bizLocation>
				<hls:temperature>20</hls:temperature>
				<hls:batchNumber>1</hls:batchNumber>
			</ObjectEvent>
			<ObjectEvent>
				<eventTime>2006-06-25T00:17:00Z</eventTime>
				<eventTimeZoneOffset>-06:00</eventTimeZoneOffset>
<recordTime>2006-06-25T00:17:00Z</recordTime>
				<epcList>
					<epc>urn:epc:id:sgtin:0614141.107341.7</epc>
				</epcList>
				<action>ADD</action>
				<bizStep>urn:epcglobal:cbv:bizstep:commissioning</bizStep>
				<disposition>urn:epcglobal:cbv:disp:active</disposition>
				<readPoint>
					<id>urn:epcglobal:fmcg:loc:0614141073467.RP-1</id>
				</readPoint>
				<bizLocation>
					<id>urn:epcglobal:fmcg:loc:0614141073467.1</id>
				</bizLocation>
				<hls:temperature>20</hls:temperature>
				<hls:batchNumber>1</hls:batchNumber>
			</ObjectEvent>
			<ObjectEvent>
				<eventTime>2006-06-25T00:18:00Z</eventTime>
				<eventTimeZoneOffset>-06:00</eventTimeZoneOffset>
<recordTime>2006-06-25T00:18:00Z</recordTime>
				<epcList>
					<epc>urn:epc:id:sgtin:0614141.107341.8</epc>
				</epcList>
				<action>ADD</action>
				<bizStep>urn:epcglobal:cbv:bizstep:commissioning</bizStep>
				<disposition>urn:epcglobal:cbv:disp:active</disposition>
				<readPoint>
					<id>urn:epcglobal:fmcg:loc:0614141073467.RP-1</id>
				</readPoint>
				<bizLocation>
					<id>urn:epcglobal:fmcg:loc:0614141073467.1</id>
				</bizLocation>
				<hls:temperature>20</hls:temperature>
				<hls:batchNumber>1</hls:batchNumber>
			</ObjectEvent>
			<ObjectEvent>
				<eventTime>2006-06-25T00:19:00Z</eventTime>
				<eventTimeZoneOffset>-06:00</eventTimeZoneOffset>
<recordTime>2006-06-25T00:19:00Z</recordTime>
				<epcList>
					<epc>urn:epc:id:sgtin:0614141.107341.9</epc>
				</epcList>
				<action>ADD</action>
				<bizStep>urn:epcglobal:cbv:bizstep:commissioning</bizStep>
				<disposition>urn:epcglobal:cbv:disp:active</disposition>
				<readPoint>
					<id>urn:epcglobal:fmcg:loc:0614141073467.RP-1</id>
				</readPoint>
				<bizLocation>
					<id>urn:epcglobal:fmcg:loc:0614141073467.1</id>
				</bizLocation>
				<hls:temperature>20</hls:temperature>
				<hls:batchNumber>1</hls:batchNumber>
			</ObjectEvent>
			<ObjectEvent>
				<eventTime>2006-06-25T00:20:00Z</eventTime>
				<eventTimeZoneOffset>-06:00</eventTimeZoneOffset>
<recordTime>2006-06-25T00:20:00Z</recordTime>
				<epcList>
					<epc>urn:epc:id:sgtin:0614141.107341.10</epc>
				</epcList>
				<action>ADD</action>
				<bizStep>urn:epcglobal:cbv:bizstep:commissioning</bizStep>
				<disposition>urn:epcglobal:cbv:disp:active</disposition>
				<readPoint>
					<id>urn:epcglobal:fmcg:loc:0614141073467.RP-1</id>
				</readPoint>
				<bizLocation>
					<id>urn:epcglobal:fmcg:loc:0614141073467.1</id>
				</bizLocation>
				<hls:temperature>20</hls:temperature>
				<hls:batchNumber>1</hls:batchNumber>
			</ObjectEvent>
			<ObjectEvent>
				<eventTime>2006-06-25T00:21:00Z</eventTime>
				<eventTimeZoneOffset>-06:00</eventTimeZoneOffset>
<recordTime>2006-06-25T00:21:00Z</recordTime>
				<epcList>
					<epc>urn:epc:id:sgtin:0614141.107342.1</epc>
				</epcList>
				<action>ADD</action>
				<bizStep>urn:epcglobal:cbv:bizstep:commissioning</bizStep>
				<disposition>urn:epcglobal:cbv:disp:active</disposition>
				<readPoint>
					<id>urn:epcglobal:fmcg:loc:0614141073467.RP-1</id>
				</readPoint>
				<bizLocation>
					<id>urn:epcglobal:fmcg:loc:0614141073467.1</id>
				</bizLocation>
				<hls:temperature>20</hls:temperature>
				<hls:batchNumber>1</hls:batchNumber>
			</ObjectEvent>
			<ObjectEvent>
				<eventTime>2006-06-25T00:22:00Z</eventTime>
				<eventTimeZoneOffset>-06:00</eventTimeZoneOffset>
<recordTime>2006-06-25T00:22:00Z</recordTime>
				<epcList>
					<epc>urn:epc:id:sgtin:0614141.107342.2</epc>
				</epcList>
				<action>ADD</action>
				<bizStep>urn:epcglobal:cbv:bizstep:commissioning</bizStep>
				<disposition>urn:epcglobal:cbv:disp:active</disposition>
				<readPoint>
					<id>urn:epcglobal:fmcg:loc:0614141073467.RP-1</id>
				</readPoint>
				<bizLocation>
					<id>urn:epcglobal:fmcg:loc:0614141073467.1</id>
				</bizLocation>
				<hls:temperature>20</hls:temperature>
				<hls:batchNumber>1</hls:batchNumber>
			</ObjectEvent>
			<ObjectEvent>
				<eventTime>2006-06-25T00:23:00Z</eventTime>
				<eventTimeZoneOffset>-06:00</eventTimeZoneOffset>
<recordTime>2006-06-25T00:23:00Z</recordTime>
				<epcList>
					<epc>urn:epc:id:sgtin:0614141.107342.3</epc>
				</epcList>
				<action>ADD</action>
				<bizStep>urn:epcglobal:cbv:bizstep:commissioning</bizStep>
				<disposition>urn:epcglobal:cbv:disp:active</disposition>
				<readPoint>
					<id>urn:epcglobal:fmcg:loc:0614141073467.RP-1</id>
				</readPoint>
				<bizLocation>
					<id>urn:epcglobal:fmcg:loc:0614141073467.1</id>
				</bizLocation>
				<hls:temperature>20</hls:temperature>
				<hls:batchNumber>1</hls:batchNumber>
			</ObjectEvent>
			<ObjectEvent>
				<eventTime>2006-06-25T00:24:00Z</eventTime>
				<eventTimeZoneOffset>-06:00</eventTimeZoneOffset>
<recordTime>2006-06-25T00:24:00Z</recordTime>
				<epcList>
					<epc>urn:epc:id:sgtin:0614141.107342.4</epc>
				</epcList>
				<action>ADD</action>
				<bizStep>urn:epcglobal:cbv:bizstep:commissioning</bizStep>
				<disposition>urn:epcglobal:cbv:disp:active</disposition>
				<readPoint>
					<id>urn:epcglobal:fmcg:loc:0614141073467.RP-1</id>
				</readPoint>
				<bizLocation>
					<id>urn:epcglobal:fmcg:loc:0614141073467.1</id>
				</bizLocation>
				<hls:temperature>20</hls:temperature>
				<hls:batchNumber>1</hls:batchNumber>
			</ObjectEvent>
			<ObjectEvent>
				<eventTime>2006-06-25T00:25:00Z</eventTime>
				<eventTimeZoneOffset>-06:00</eventTimeZoneOffset>
<recordTime>2006-06-25T00:25:00Z</recordTime>
				<epcList>
					<epc>urn:epc:id:sgtin:0614141.107342.5</epc>
				</epcList>
				<action>ADD</action>
				<bizStep>urn:epcglobal:cbv:bizstep:commissioning</bizStep>
				<disposition>urn:epcglobal:cbv:disp:active</disposition>
				<readPoint>
					<id>urn:epcglobal:fmcg:loc:0614141073467.RP-1</id>
				</readPoint>
				<bizLocation>
					<id>urn:epcglobal:fmcg:loc:0614141073467.1</id>
				</bizLocation>
				<hls:temperature>20</hls:temperature>
				<hls:batchNumber>1</hls:batchNumber>
			</ObjectEvent>
			<ObjectEvent>
				<eventTime>2006-06-25T00:26:00Z</eventTime>
				<eventTimeZoneOffset>-06:00</eventTimeZoneOffset>
<recordTime>2006-06-25T00:26:00Z</recordTime>
				<epcList>
					<epc>urn:epc:id:sgtin:0614141.107342.6</epc>
				</epcList>
				<action>ADD</action>
				<bizStep>urn:epcglobal:cbv:bizstep:commissioning</bizStep>
				<disposition>urn:epcglobal:cbv:disp:active</disposition>
				<readPoint>
					<id>urn:epcglobal:fmcg:loc:0614141073467.RP-1</id>
				</readPoint>
				<bizLocation>
					<id>urn:epcglobal:fmcg:loc:0614141073467.1</id>
				</bizLocation>
				<hls:temperature>20</hls:temperature>
				<hls:batchNumber>1</hls:batchNumber>
			</ObjectEvent>
			<ObjectEvent>
				<eventTime>2006-06-25T00:27:00Z</eventTime>
				<eventTimeZoneOffset>-06:00</eventTimeZoneOffset>
<recordTime>2006-06-25T00:27:00Z</recordTime>
				<epcList>
					<epc>urn:epc:id:sgtin:0614141.107342.7</epc>
				</epcList>
				<action>ADD</action>
				<bizStep>urn:epcglobal:cbv:bizstep:commissioning</bizStep>
				<disposition>urn:epcglobal:cbv:disp:active</disposition>
				<readPoint>
					<id>urn:epcglobal:fmcg:loc:0614141073467.RP-1</id>
				</readPoint>
				<bizLocation>
					<id>urn:epcglobal:fmcg:loc:0614141073467.1</id>
				</bizLocation>
				<hls:temperature>20</hls:temperature>
				<hls:batchNumber>1</hls:batchNumber>
			</ObjectEvent>
			<ObjectEvent>
				<eventTime>2006-06-25T00:28:00Z</eventTime>
				<eventTimeZoneOffset>-06:00</eventTimeZoneOffset>
<recordTime>2006-06-25T00:28:00Z</recordTime>
				<epcList>
					<epc>urn:epc:id:sgtin:0614141.107342.8</epc>
				</epcList>
				<action>ADD</action>
				<bizStep>urn:epcglobal:cbv:bizstep:commissioning</bizStep>
				<disposition>urn:epcglobal:cbv:disp:active</disposition>
				<readPoint>
					<id>urn:epcglobal:fmcg:loc:0614141073467.RP-1</id>
				</readPoint>
				<bizLocation>
					<id>urn:epcglobal:fmcg:loc:0614141073467.1</id>
				</bizLocation>
				<hls:temperature>20</hls:temperature>
				<hls:batchNumber>1</hls:batchNumber>
			</ObjectEvent>
			<ObjectEvent>
				<eventTime>2006-06-25T00:29:00Z</eventTime>
				<eventTimeZoneOffset>-06:00</eventTimeZoneOffset>
<recordTime>2006-06-25T00:29:00Z</recordTime>
				<epcList>
					<epc>urn:epc:id:sgtin:0614141.107342.9</epc>
				</epcList>
				<action>ADD</action>
				<bizStep>urn:epcglobal:cbv:bizstep:commissioning</bizStep>
				<disposition>urn:epcglobal:cbv:disp:active</disposition>
				<readPoint>
					<id>urn:epcglobal:fmcg:loc:0614141073467.RP-1</id>
				</readPoint>
				<bizLocation>
					<id>urn:epcglobal:fmcg:loc:0614141073467.1</id>
				</bizLocation>
				<hls:temperature>20</hls:temperature>
				<hls:batchNumber>1</hls:batchNumber>
			</ObjectEvent>
			<ObjectEvent>
				<eventTime>2006-06-25T00:30:00Z</eventTime>
				<eventTimeZoneOffset>-06:00</eventTimeZoneOffset>
<recordTime>2006-06-25T00:30:00Z</recordTime>
				<epcList>
					<epc>urn:epc:id:sgtin:0614141.107342.10</epc>
				</epcList>
				<action>ADD</action>
				<bizStep>urn:epcglobal:cbv:bizstep:commissioning</bizStep>
				<disposition>urn:epcglobal:cbv:disp:active</disposition>
				<readPoint>
					<id>urn:epcglobal:fmcg:loc:0614141073467.RP-1</id>
				</readPoint>
				<bizLocation>
					<id>urn:epcglobal:fmcg:loc:0614141073467.1</id>
				</bizLocation>
				<hls:temperature>20</hls:temperature>
				<hls:batchNumber>1</hls:batchNumber>
			</ObjectEvent>
			<ObjectEvent>
				<eventTime>2006-06-25T00:31:00Z</eventTime>
				<eventTimeZoneOffset>-06:00</eventTimeZoneOffset>
<recordTime>2006-06-25T00:31:00Z</recordTime>
				<epcList>
					<epc>urn:epc:id:sgtin:0614141.107343.1</epc>
				</epcList>
				<action>ADD</action>
				<bizStep>urn:epcglobal:cbv:bizstep:commissioning</bizStep>
				<disposition>urn:epcglobal:cbv:disp:active</disposition>
				<readPoint>
					<id>urn:epcglobal:fmcg:loc:0614141073467.RP-1</id>
				</readPoint>
				<bizLocation>
					<id>urn:epcglobal:fmcg:loc:0614141073467.1</id>
				</bizLocation>
				<hls:temperature>20</hls:temperature>
				<hls:batchNumber>1</hls:batchNumber>
			</ObjectEvent>
			<ObjectEvent>
				<eventTime>2006-06-25T00:32:00Z</eventTime>
				<eventTimeZoneOffset>-06:00</eventTimeZoneOffset>
<recordTime>2006-06-25T00:32:00Z</recordTime>
				<epcList>
					<epc>urn:epc:id:sgtin:0614141.107343.2</epc>
				</epcList>
				<action>ADD</action>
				<bizStep>urn:epcglobal:cbv:bizstep:commissioning</bizStep>
				<disposition>urn:epcglobal:cbv:disp:active</disposition>
				<readPoint>
					<id>urn:epcglobal:fmcg:loc:0614141073467.RP-1</id>
				</readPoint>
				<bizLocation>
					<id>urn:epcglobal:fmcg:loc:0614141073467.1</id>
				</bizLocation>
				<hls:temperature>20</hls:temperature>
				<hls:batchNumber>1</hls:batchNumber>
			</ObjectEvent>
			<ObjectEvent>
				<eventTime>2006-06-25T00:33:00Z</eventTime>
				<eventTimeZoneOffset>-06:00</eventTimeZoneOffset>
<recordTime>2006-06-25T00:33:00Z</recordTime>
				<epcList>
					<epc>urn:epc:id:sgtin:0614141.107343.3</epc>
				</epcList>
				<action>ADD</action>
				<bizStep>urn:epcglobal:cbv:bizstep:commissioning</bizStep>
				<disposition>urn:epcglobal:cbv:disp:active</disposition>
				<readPoint>
					<id>urn:epcglobal:fmcg:loc:0614141073467.RP-1</id>
				</readPoint>
				<bizLocation>
					<id>urn:epcglobal:fmcg:loc:0614141073467.1</id>
				</bizLocation>
				<hls:temperature>20</hls:temperature>
				<hls:batchNumber>1</hls:batchNumber>
			</ObjectEvent>
			<ObjectEvent>
				<eventTime>2006-06-25T00:34:00Z</eventTime>
				<eventTimeZoneOffset>-06:00</eventTimeZoneOffset>
<recordTime>2006-06-25T00:34:00Z</recordTime>
				<epcList>
					<epc>urn:epc:id:sgtin:0614141.107343.4</epc>
				</epcList>
				<action>ADD</action>
				<bizStep>urn:epcglobal:cbv:bizstep:commissioning</bizStep>
				<disposition>urn:epcglobal:cbv:disp:active</disposition>
				<readPoint>
					<id>urn:epcglobal:fmcg:loc:0614141073467.RP-1</id>
				</readPoint>
				<bizLocation>
					<id>urn:epcglobal:fmcg:loc:0614141073467.1</id>
				</bizLocation>
				<hls:temperature>20</hls:temperature>
				<hls:batchNumber>1</hls:batchNumber>
			</ObjectEvent>
			<ObjectEvent>
				<eventTime>2006-06-25T00:35:00Z</eventTime>
				<eventTimeZoneOffset>-06:00</eventTimeZoneOffset>
<recordTime>2006-06-25T00:35:00Z</recordTime>
				<epcList>
					<epc>urn:epc:id:sgtin:0614141.107343.5</epc>
				</epcList>
				<action>ADD</action>
				<bizStep>urn:epcglobal:cbv:bizstep:commissioning</bizStep>
				<disposition>urn:epcglobal:cbv:disp:active</disposition>
				<readPoint>
					<id>urn:epcglobal:fmcg:loc:0614141073467.RP-1</id>
				</readPoint>
				<bizLocation>
					<id>urn:epcglobal:fmcg:loc:0614141073467.1</id>
				</bizLocation>
				<hls:temperature>20</hls:temperature>
				<hls:batchNumber>1</hls:batchNumber>
			</ObjectEvent>
			<ObjectEvent>
				<eventTime>2006-06-25T00:36:00Z</eventTime>
				<eventTimeZoneOffset>-06:00</eventTimeZoneOffset>
<recordTime>2006-06-25T00:36:00Z</recordTime>
				<epcList>
					<epc>urn:epc:id:sgtin:0614141.107343.6</epc>
				</epcList>
				<action>ADD</action>
				<bizStep>urn:epcglobal:cbv:bizstep:commissioning</bizStep>
				<disposition>urn:epcglobal:cbv:disp:active</disposition>
				<readPoint>
					<id>urn:epcglobal:fmcg:loc:0614141073467.RP-1</id>
				</readPoint>
				<bizLocation>
					<id>urn:epcglobal:fmcg:loc:0614141073467.1</id>
				</bizLocation>
				<hls:temperature>20</hls:temperature>
				<hls:batchNumber>1</hls:batchNumber>
			</ObjectEvent>
			<ObjectEvent>
				<eventTime>2006-06-25T00:37:00Z</eventTime>
				<eventTimeZoneOffset>-06:00</eventTimeZoneOffset>
<recordTime>2006-06-25T00:37:00Z</recordTime>
				<epcList>
					<epc>urn:epc:id:sgtin:0614141.107343.7</epc>
				</epcList>
				<action>ADD</action>
				<bizStep>urn:epcglobal:cbv:bizstep:commissioning</bizStep>
				<disposition>urn:epcglobal:cbv:disp:active</disposition>
				<readPoint>
					<id>urn:epcglobal:fmcg:loc:0614141073467.RP-1</id>
				</readPoint>
				<bizLocation>
					<id>urn:epcglobal:fmcg:loc:0614141073467.1</id>
				</bizLocation>
				<hls:temperature>20</hls:temperature>
				<hls:batchNumber>1</hls:batchNumber>
			</ObjectEvent>
			<ObjectEvent>
				<eventTime>2006-06-25T00:38:00Z</eventTime>
				<eventTimeZoneOffset>-06:00</eventTimeZoneOffset>
<recordTime>2006-06-25T00:38:00Z</recordTime>
				<epcList>
					<epc>urn:epc:id:sgtin:0614141.107343.8</epc>
				</epcList>
				<action>ADD</action>
				<bizStep>urn:epcglobal:cbv:bizstep:commissioning</bizStep>
				<disposition>urn:epcglobal:cbv:disp:active</disposition>
				<readPoint>
					<id>urn:epcglobal:fmcg:loc:0614141073467.RP-1</id>
				</readPoint>
				<bizLocation>
					<id>urn:epcglobal:fmcg:loc:0614141073467.1</id>
				</bizLocation>
				<hls:temperature>20</hls:temperature>
				<hls:batchNumber>1</hls:batchNumber>
			</ObjectEvent>
			<ObjectEvent>
				<eventTime>2006-06-25T00:39:00Z</eventTime>
				<eventTimeZoneOffset>-06:00</eventTimeZoneOffset>
<recordTime>2006-06-25T00:39:00Z</recordTime>
				<epcList>
					<epc>urn:epc:id:sgtin:0614141.107343.9</epc>
				</epcList>
				<action>ADD</action>
				<bizStep>urn:epcglobal:cbv:bizstep:commissioning</bizStep>
				<disposition>urn:epcglobal:cbv:disp:active</disposition>
				<readPoint>
					<id>urn:epcglobal:fmcg:loc:0614141073467.RP-1</id>
				</readPoint>
				<bizLocation>
					<id>urn:epcglobal:fmcg:loc:0614141073467.1</id>
				</bizLocation>
				<hls:temperature>20</hls:temperature>
				<hls:batchNumber>1</hls:batchNumber>
			</ObjectEvent>
			<ObjectEvent>
				<eventTime>2006-06-25T00:40:00Z</eventTime>
				<eventTimeZoneOffset>-06:00</eventTimeZoneOffset>
<recordTime>2006-06-25T00:40:00Z</recordTime>
				<epcList>
					<epc>urn:epc:id:sgtin:0614141.107343.10</epc>
				</epcList>
				<action>ADD</action>
				<bizStep>urn:epcglobal:cbv:bizstep:commissioning</bizStep>
				<disposition>urn:epcglobal:cbv:disp:active</disposition>
				<readPoint>
					<id>urn:epcglobal:fmcg:loc:0614141073467.RP-1</id>
				</readPoint>
				<bizLocation>
					<id>urn:epcglobal:fmcg:loc:0614141073467.1</id>
				</bizLocation>
				<hls:temperature>20</hls:temperature>
				<hls:batchNumber>1</hls:batchNumber>
			</ObjectEvent>
			<ObjectEvent>
				<eventTime>2006-06-25T00:41:00Z</eventTime>
				<eventTimeZoneOffset>-06:00</eventTimeZoneOffset>
<recordTime>2006-06-25T00:41:00Z</recordTime>
				<epcList>
					<epc>urn:epc:id:sgtin:0614141.107344.1</epc>
				</epcList>
				<action>ADD</action>
				<bizStep>urn:epcglobal:cbv:bizstep:commissioning</bizStep>
				<disposition>urn:epcglobal:cbv:disp:active</disposition>
				<readPoint>
					<id>urn:epcglobal:fmcg:loc:0614141073467.RP-1</id>
				</readPoint>
				<bizLocation>
					<id>urn:epcglobal:fmcg:loc:0614141073467.1</id>
				</bizLocation>
				<hls:temperature>20</hls:temperature>
				<hls:batchNumber>1</hls:batchNumber>
			</ObjectEvent>
			<ObjectEvent>
				<eventTime>2006-06-25T00:42:00Z</eventTime>
				<eventTimeZoneOffset>-06:00</eventTimeZoneOffset>
<recordTime>2006-06-25T00:42:00Z</recordTime>
				<epcList>
					<epc>urn:epc:id:sgtin:0614141.107344.2</epc>
				</epcList>
				<action>ADD</action>
				<bizStep>urn:epcglobal:cbv:bizstep:commissioning</bizStep>
				<disposition>urn:epcglobal:cbv:disp:active</disposition>
				<readPoint>
					<id>urn:epcglobal:fmcg:loc:0614141073467.RP-1</id>
				</readPoint>
				<bizLocation>
					<id>urn:epcglobal:fmcg:loc:0614141073467.1</id>
				</bizLocation>
				<hls:temperature>20</hls:temperature>
				<hls:batchNumber>1</hls:batchNumber>
			</ObjectEvent>
			<ObjectEvent>
				<eventTime>2006-06-25T00:43:00Z</eventTime>
				<eventTimeZoneOffset>-06:00</eventTimeZoneOffset>
<recordTime>2006-06-25T00:43:00Z</recordTime>
				<epcList>
					<epc>urn:epc:id:sgtin:0614141.107344.3</epc>
				</epcList>
				<action>ADD</action>
				<bizStep>urn:epcglobal:cbv:bizstep:commissioning</bizStep>
				<disposition>urn:epcglobal:cbv:disp:active</disposition>
				<readPoint>
					<id>urn:epcglobal:fmcg:loc:0614141073467.RP-1</id>
				</readPoint>
				<bizLocation>
					<id>urn:epcglobal:fmcg:loc:0614141073467.1</id>
				</bizLocation>
				<hls:temperature>20</hls:temperature>
				<hls:batchNumber>1</hls:batchNumber>
			</ObjectEvent>
			<ObjectEvent>
				<eventTime>2006-06-25T00:44:00Z</eventTime>
				<eventTimeZoneOffset>-06:00</eventTimeZoneOffset>
<recordTime>2006-06-25T00:44:00Z</recordTime>
				<epcList>
					<epc>urn:epc:id:sgtin:0614141.107344.4</epc>
				</epcList>
				<action>ADD</action>
				<bizStep>urn:epcglobal:cbv:bizstep:commissioning</bizStep>
				<disposition>urn:epcglobal:cbv:disp:active</disposition>
				<readPoint>
					<id>urn:epcglobal:fmcg:loc:0614141073467.RP-1</id>
				</readPoint>
				<bizLocation>
					<id>urn:epcglobal:fmcg:loc:0614141073467.1</id>
				</bizLocation>
				<hls:temperature>20</hls:temperature>
				<hls:batchNumber>1</hls:batchNumber>
			</ObjectEvent>
			<ObjectEvent>
				<eventTime>2006-06-25T00:45:00Z</eventTime>
				<eventTimeZoneOffset>-06:00</eventTimeZoneOffset>
<recordTime>2006-06-25T00:45:00Z</recordTime>
				<epcList>
					<epc>urn:epc:id:sgtin:0614141.107344.5</epc>
				</epcList>
				<action>ADD</action>
				<bizStep>urn:epcglobal:cbv:bizstep:commissioning</bizStep>
				<disposition>urn:epcglobal:cbv:disp:active</disposition>
				<readPoint>
					<id>urn:epcglobal:fmcg:loc:0614141073467.RP-1</id>
				</readPoint>
				<bizLocation>
					<id>urn:epcglobal:fmcg:loc:0614141073467.1</id>
				</bizLocation>
				<hls:temperature>20</hls:temperature>
				<hls:batchNumber>1</hls:batchNumber>
			</ObjectEvent>
			<ObjectEvent>
				<eventTime>2006-06-25T00:46:00Z</eventTime>
				<eventTimeZoneOffset>-06:00</eventTimeZoneOffset>
<recordTime>2006-06-25T00:46:00Z</recordTime>
				<epcList>
					<epc>urn:epc:id:sgtin:0614141.107344.6</epc>
				</epcList>
				<action>ADD</action>
				<bizStep>urn:epcglobal:cbv:bizstep:commissioning</bizStep>
				<disposition>urn:epcglobal:cbv:disp:active</disposition>
				<readPoint>
					<id>urn:epcglobal:fmcg:loc:0614141073467.RP-1</id>
				</readPoint>
				<bizLocation>
					<id>urn:epcglobal:fmcg:loc:0614141073467.1</id>
				</bizLocation>
				<hls:temperature>20</hls:temperature>
				<hls:batchNumber>1</hls:batchNumber>
			</ObjectEvent>
			<ObjectEvent>
				<eventTime>2006-06-25T00:47:00Z</eventTime>
				<eventTimeZoneOffset>-06:00</eventTimeZoneOffset>
<recordTime>2006-06-25T00:47:00Z</recordTime>
				<epcList>
					<epc>urn:epc:id:sgtin:0614141.107344.7</epc>
				</epcList>
				<action>ADD</action>
				<bizStep>urn:epcglobal:cbv:bizstep:commissioning</bizStep>
				<disposition>urn:epcglobal:cbv:disp:active</disposition>
				<readPoint>
					<id>urn:epcglobal:fmcg:loc:0614141073467.RP-1</id>
				</readPoint>
				<bizLocation>
					<id>urn:epcglobal:fmcg:loc:0614141073467.1</id>
				</bizLocation>
				<hls:temperature>20</hls:temperature>
				<hls:batchNumber>1</hls:batchNumber>
			</ObjectEvent>
			<ObjectEvent>
				<eventTime>2006-06-25T00:48:00Z</eventTime>
				<eventTimeZoneOffset>-06:00</eventTimeZoneOffset>
<recordTime>2006-06-25T00:48:00Z</recordTime>
				<epcList>
					<epc>urn:epc:id:sgtin:0614141.107344.8</epc>
				</epcList>
				<action>ADD</action>
				<bizStep>urn:epcglobal:cbv:bizstep:commissioning</bizStep>
				<disposition>urn:epcglobal:cbv:disp:active</disposition>
				<readPoint>
					<id>urn:epcglobal:fmcg:loc:0614141073467.RP-1</id>
				</readPoint>
				<bizLocation>
					<id>urn:epcglobal:fmcg:loc:0614141073467.1</id>
				</bizLocation>
				<hls:temperature>20</hls:temperature>
				<hls:batchNumber>1</hls:batchNumber>
			</ObjectEvent>
			<ObjectEvent>
				<eventTime>2006-06-25T00:49:00Z</eventTime>
				<eventTimeZoneOffset>-06:00</eventTimeZoneOffset>
<recordTime>2006-06-25T00:49:00Z</recordTime>
				<epcList>
					<epc>urn:epc:id:sgtin:0614141.107344.9</epc>
				</epcList>
				<action>ADD</action>
				<bizStep>urn:epcglobal:cbv:bizstep:commissioning</bizStep>
				<disposition>urn:epcglobal:cbv:disp:active</disposition>
				<readPoint>
					<id>urn:epcglobal:fmcg:loc:0614141073467.RP-1</id>
				</readPoint>
				<bizLocation>
					<id>urn:epcglobal:fmcg:loc:0614141073467.1</id>
				</bizLocation>
				<hls:temperature>20</hls:temperature>
				<hls:batchNumber>1</hls:batchNumber>
			</ObjectEvent>
			<ObjectEvent>
				<eventTime>2006-06-25T00:50:00Z</eventTime>
				<eventTimeZoneOffset>-06:00</eventTimeZoneOffset>
<recordTime>2006-06-25T00:50:00Z</recordTime>
				<epcList>
					<epc>urn:epc:id:sgtin:0614141.107344.10</epc>
				</epcList>
				<action>ADD</action>
				<bizStep>urn:epcglobal:cbv:bizstep:commissioning</bizStep>
				<disposition>urn:epcglobal:cbv:disp:active</disposition>
				<readPoint>
					<id>urn:epcglobal:fmcg:loc:0614141073467.RP-1</id>
				</readPoint>
				<bizLocation>
					<id>urn:epcglobal:fmcg:loc:0614141073467.1</id>
				</bizLocation>
				<hls:temperature>20</hls:temperature>
				<hls:batchNumber>1</hls:batchNumber>
			</ObjectEvent>
			<ObjectEvent>
				<eventTime>2006-06-25T00:51:00Z</eventTime>
				<eventTimeZoneOffset>-06:00</eventTimeZoneOffset>
<recordTime>2006-06-25T00:51:00Z</recordTime>
				<epcList>
					<epc>urn:epc:id:sgtin:0614142.107345.1</epc>
				</epcList>
				<action>ADD</action>
				<bizStep>urn:epcglobal:cbv:bizstep:commissioning</bizStep>
				<disposition>urn:epcglobal:cbv:disp:active</disposition>
				<readPoint>
					<id>urn:epcglobal:fmcg:loc:0614141073467.RP-1</id>
				</readPoint>
				<bizLocation>
					<id>urn:epcglobal:fmcg:loc:0614141073467.1</id>
				</bizLocation>
				<hls:temperature>30</hls:temperature>
				<hls:batchNumber>2</hls:batchNumber>
			</ObjectEvent>
			<ObjectEvent>
				<eventTime>2006-06-25T00:52:00Z</eventTime>
				<eventTimeZoneOffset>-06:00</eventTimeZoneOffset>
<recordTime>2006-06-25T00:52:00Z</recordTime>
				<epcList>
					<epc>urn:epc:id:sgtin:0614142.107345.2</epc>
				</epcList>
				<action>ADD</action>
				<bizStep>urn:epcglobal:cbv:bizstep:commissioning</bizStep>
				<disposition>urn:epcglobal:cbv:disp:active</disposition>
				<readPoint>
					<id>urn:epcglobal:fmcg:loc:0614141073467.RP-1</id>
				</readPoint>
				<bizLocation>
					<id>urn:epcglobal:fmcg:loc:0614141073467.1</id>
				</bizLocation>
				<hls:temperature>30</hls:temperature>
				<hls:batchNumber>2</hls:batchNumber>
			</ObjectEvent>
			<ObjectEvent>
				<eventTime>2006-06-25T00:53:00Z</eventTime>
				<eventTimeZoneOffset>-06:00</eventTimeZoneOffset>
<recordTime>2006-06-25T00:53:00Z</recordTime>
				<epcList>
					<epc>urn:epc:id:sgtin:0614142.107345.3</epc>
				</epcList>
				<action>ADD</action>
				<bizStep>urn:epcglobal:cbv:bizstep:commissioning</bizStep>
				<disposition>urn:epcglobal:cbv:disp:active</disposition>
				<readPoint>
					<id>urn:epcglobal:fmcg:loc:0614141073467.RP-1</id>
				</readPoint>
				<bizLocation>
					<id>urn:epcglobal:fmcg:loc:0614141073467.1</id>
				</bizLocation>
				<hls:temperature>30</hls:temperature>
				<hls:batchNumber>2</hls:batchNumber>
			</ObjectEvent>
			<ObjectEvent>
				<eventTime>2006-06-25T00:54:00Z</eventTime>
				<eventTimeZoneOffset>-06:00</eventTimeZoneOffset>
<recordTime>2006-06-25T00:54:00Z</recordTime>
				<epcList>
					<epc>urn:epc:id:sgtin:0614142.107345.4</epc>
				</epcList>
				<action>ADD</action>
				<bizStep>urn:epcglobal:cbv:bizstep:commissioning</bizStep>
				<disposition>urn:epcglobal:cbv:disp:active</disposition>
				<readPoint>
					<id>urn:epcglobal:fmcg:loc:0614141073467.RP-1</id>
				</readPoint>
				<bizLocation>
					<id>urn:epcglobal:fmcg:loc:0614141073467.1</id>
				</bizLocation>
				<hls:temperature>30</hls:temperature>
				<hls:batchNumber>2</hls:batchNumber>
			</ObjectEvent>
			<ObjectEvent>
				<eventTime>2006-06-25T00:55:00Z</eventTime>
				<eventTimeZoneOffset>-06:00</eventTimeZoneOffset>
<recordTime>2006-06-25T00:55:00Z</recordTime>
				<epcList>
					<epc>urn:epc:id:sgtin:0614142.107345.5</epc>
				</epcList>
				<action>ADD</action>
				<bizStep>urn:epcglobal:cbv:bizstep:commissioning</bizStep>
				<disposition>urn:epcglobal:cbv:disp:active</disposition>
				<readPoint>
					<id>urn:epcglobal:fmcg:loc:0614141073467.RP-1</id>
				</readPoint>
				<bizLocation>
					<id>urn:epcglobal:fmcg:loc:0614141073467.1</id>
				</bizLocation>
				<hls:temperature>30</hls:temperature>
				<hls:batchNumber>2</hls:batchNumber>
			</ObjectEvent>
			<ObjectEvent>
				<eventTime>2006-06-25T00:56:00Z</eventTime>
				<eventTimeZoneOffset>-06:00</eventTimeZoneOffset>
<recordTime>2006-06-25T00:56:00Z</recordTime>
				<epcList>
					<epc>urn:epc:id:sgtin:0614142.107345.6</epc>
				</epcList>
				<action>ADD</action>
				<bizStep>urn:epcglobal:cbv:bizstep:commissioning</bizStep>
				<disposition>urn:epcglobal:cbv:disp:active</disposition>
				<readPoint>
					<id>urn:epcglobal:fmcg:loc:0614141073467.RP-1</id>
				</readPoint>
				<bizLocation>
					<id>urn:epcglobal:fmcg:loc:0614141073467.1</id>
				</bizLocation>
				<hls:temperature>30</hls:temperature>
				<hls:batchNumber>2</hls:batchNumber>
			</ObjectEvent>
			<ObjectEvent>
				<eventTime>2006-06-25T00:57:00Z</eventTime>
				<eventTimeZoneOffset>-06:00</eventTimeZoneOffset>
<recordTime>2006-06-25T00:57:00Z</recordTime>
				<epcList>
					<epc>urn:epc:id:sgtin:0614142.107345.7</epc>
				</epcList>
				<action>ADD</action>
				<bizStep>urn:epcglobal:cbv:bizstep:commissioning</bizStep>
				<disposition>urn:epcglobal:cbv:disp:active</disposition>
				<readPoint>
					<id>urn:epcglobal:fmcg:loc:0614141073467.RP-1</id>
				</readPoint>
				<bizLocation>
					<id>urn:epcglobal:fmcg:loc:0614141073467.1</id>
				</bizLocation>
				<hls:temperature>30</hls:temperature>
				<hls:batchNumber>2</hls:batchNumber>
			</ObjectEvent>
			<ObjectEvent>
				<eventTime>2006-06-25T00:58:00Z</eventTime>
				<eventTimeZoneOffset>-06:00</eventTimeZoneOffset>
<recordTime>2006-06-25T00:58:00Z</recordTime>
				<epcList>
					<epc>urn:epc:id:sgtin:0614142.107345.8</epc>
				</epcList>
				<action>ADD</action>
				<bizStep>urn:epcglobal:cbv:bizstep:commissioning</bizStep>
				<disposition>urn:epcglobal:cbv:disp:active</disposition>
				<readPoint>
					<id>urn:epcglobal:fmcg:loc:0614141073467.RP-1</id>
				</readPoint>
				<bizLocation>
					<id>urn:epcglobal:fmcg:loc:0614141073467.1</id>
				</bizLocation>
				<hls:temperature>30</hls:temperature>
				<hls:batchNumber>2</hls:batchNumber>
			</ObjectEvent>
			<ObjectEvent>
				<eventTime>2006-06-25T00:59:00Z</eventTime>
				<eventTimeZoneOffset>-06:00</eventTimeZoneOffset>
<recordTime>2006-06-25T00:59:00Z</recordTime>
				<epcList>
					<epc>urn:epc:id:sgtin:0614142.107345.9</epc>
				</epcList>
				<action>ADD</action>
				<bizStep>urn:epcglobal:cbv:bizstep:commissioning</bizStep>
				<disposition>urn:epcglobal:cbv:disp:active</disposition>
				<readPoint>
					<id>urn:epcglobal:fmcg:loc:0614141073467.RP-1</id>
				</readPoint>
				<bizLocation>
					<id>urn:epcglobal:fmcg:loc:0614141073467.1</id>
				</bizLocation>
				<hls:temperature>30</hls:temperature>
				<hls:batchNumber>2</hls:batchNumber>
			</ObjectEvent>
			<ObjectEvent>
				<eventTime>2006-06-25T01:00:00Z</eventTime>
				<eventTimeZoneOffset>-06:00</eventTimeZoneOffset>
<recordTime>2006-06-25T01:00:00Z</recordTime>
				<epcList>
					<epc>urn:epc:id:sgtin:0614142.107345.10</epc>
				</epcList>
				<action>ADD</action>
				<bizStep>urn:epcglobal:cbv:bizstep:commissioning</bizStep>
				<disposition>urn:epcglobal:cbv:disp:active</disposition>
				<readPoint>
					<id>urn:epcglobal:fmcg:loc:0614141073467.RP-1</id>
				</readPoint>
				<bizLocation>
					<id>urn:epcglobal:fmcg:loc:0614141073467.1</id>
				</bizLocation>
				<hls:temperature>30</hls:temperature>
				<hls:batchNumber>2</hls:batchNumber>
			</ObjectEvent>
			<ObjectEvent>
				<eventTime>2006-06-25T01:01:00Z</eventTime>
				<eventTimeZoneOffset>-06:00</eventTimeZoneOffset>
<recordTime>2006-06-25T01:01:00Z</recordTime>
				<epcList>
					<epc>urn:epc:id:sgtin:0614142.107346.1</epc>
				</epcList>
				<action>ADD</action>
				<bizStep>urn:epcglobal:cbv:bizstep:commissioning</bizStep>
				<disposition>urn:epcglobal:cbv:disp:active</disposition>
				<readPoint>
					<id>urn:epcglobal:fmcg:loc:0614141073467.RP-1</id>
				</readPoint>
				<bizLocation>
					<id>urn:epcglobal:fmcg:loc:0614141073467.1</id>
				</bizLocation>
				<hls:temperature>30</hls:temperature>
				<hls:batchNumber>2</hls:batchNumber>
			</ObjectEvent>
			<ObjectEvent>
				<eventTime>2006-06-25T01:02:00Z</eventTime>
				<eventTimeZoneOffset>-06:00</eventTimeZoneOffset>
<recordTime>2006-06-25T01:02:00Z</recordTime>
				<epcList>
					<epc>urn:epc:id:sgtin:0614142.107346.2</epc>
				</epcList>
				<action>ADD</action>
				<bizStep>urn:epcglobal:cbv:bizstep:commissioning</bizStep>
				<disposition>urn:epcglobal:cbv:disp:active</disposition>
				<readPoint>
					<id>urn:epcglobal:fmcg:loc:0614141073467.RP-1</id>
				</readPoint>
				<bizLocation>
					<id>urn:epcglobal:fmcg:loc:0614141073467.1</id>
				</bizLocation>
				<hls:temperature>30</hls:temperature>
				<hls:batchNumber>2</hls:batchNumber>
			</ObjectEvent>
			<ObjectEvent>
				<eventTime>2006-06-25T01:03:00Z</eventTime>
				<eventTimeZoneOffset>-06:00</eventTimeZoneOffset>
<recordTime>2006-06-25T01:03:00Z</recordTime>
				<epcList>
					<epc>urn:epc:id:sgtin:0614142.107346.3</epc>
				</epcList>
				<action>ADD</action>
				<bizStep>urn:epcglobal:cbv:bizstep:commissioning</bizStep>
				<disposition>urn:epcglobal:cbv:disp:active</disposition>
				<readPoint>
					<id>urn:epcglobal:fmcg:loc:0614141073467.RP-1</id>
				</readPoint>
				<bizLocation>
					<id>urn:epcglobal:fmcg:loc:0614141073467.1</id>
				</bizLocation>
				<hls:temperature>30</hls:temperature>
				<hls:batchNumber>2</hls:batchNumber>
			</ObjectEvent>
			<ObjectEvent>
				<eventTime>2006-06-25T01:04:00Z</eventTime>
				<eventTimeZoneOffset>-06:00</eventTimeZoneOffset>
<recordTime>2006-06-25T01:04:00Z</recordTime>
				<epcList>
					<epc>urn:epc:id:sgtin:0614142.107346.4</epc>
				</epcList>
				<action>ADD</action>
				<bizStep>urn:epcglobal:cbv:bizstep:commissioning</bizStep>
				<disposition>urn:epcglobal:cbv:disp:active</disposition>
				<readPoint>
					<id>urn:epcglobal:fmcg:loc:0614141073467.RP-1</id>
				</readPoint>
				<bizLocation>
					<id>urn:epcglobal:fmcg:loc:0614141073467.1</id>
				</bizLocation>
				<hls:temperature>30</hls:temperature>
				<hls:batchNumber>2</hls:batchNumber>
			</ObjectEvent>
			<ObjectEvent>
				<eventTime>2006-06-25T01:05:00Z</eventTime>
				<eventTimeZoneOffset>-06:00</eventTimeZoneOffset>
<recordTime>2006-06-25T01:05:00Z</recordTime>
				<epcList>
					<epc>urn:epc:id:sgtin:0614142.107346.5</epc>
				</epcList>
				<action>ADD</action>
				<bizStep>urn:epcglobal:cbv:bizstep:commissioning</bizStep>
				<disposition>urn:epcglobal:cbv:disp:active</disposition>
				<readPoint>
					<id>urn:epcglobal:fmcg:loc:0614141073467.RP-1</id>
				</readPoint>
				<bizLocation>
					<id>urn:epcglobal:fmcg:loc:0614141073467.1</id>
				</bizLocation>
				<hls:temperature>30</hls:temperature>
				<hls:batchNumber>2</hls:batchNumber>
			</ObjectEvent>
			<ObjectEvent>
				<eventTime>2006-06-25T01:06:00Z</eventTime>
				<eventTimeZoneOffset>-06:00</eventTimeZoneOffset>
<recordTime>2006-06-25T01:06:00Z</recordTime>
				<epcList>
					<epc>urn:epc:id:sgtin:0614142.107346.6</epc>
				</epcList>
				<action>ADD</action>
				<bizStep>urn:epcglobal:cbv:bizstep:commissioning</bizStep>
				<disposition>urn:epcglobal:cbv:disp:active</disposition>
				<readPoint>
					<id>urn:epcglobal:fmcg:loc:0614141073467.RP-1</id>
				</readPoint>
				<bizLocation>
					<id>urn:epcglobal:fmcg:loc:0614141073467.1</id>
				</bizLocation>
				<hls:temperature>30</hls:temperature>
				<hls:batchNumber>2</hls:batchNumber>
			</ObjectEvent>
			<ObjectEvent>
				<eventTime>2006-06-25T01:07:00Z</eventTime>
				<eventTimeZoneOffset>-06:00</eventTimeZoneOffset>
<recordTime>2006-06-25T01:07:00Z</recordTime>
				<epcList>
					<epc>urn:epc:id:sgtin:0614142.107346.7</epc>
				</epcList>
				<action>ADD</action>
				<bizStep>urn:epcglobal:cbv:bizstep:commissioning</bizStep>
				<disposition>urn:epcglobal:cbv:disp:active</disposition>
				<readPoint>
					<id>urn:epcglobal:fmcg:loc:0614141073467.RP-1</id>
				</readPoint>
				<bizLocation>
					<id>urn:epcglobal:fmcg:loc:0614141073467.1</id>
				</bizLocation>
				<hls:temperature>30</hls:temperature>
				<hls:batchNumber>2</hls:batchNumber>
			</ObjectEvent>
			<ObjectEvent>
				<eventTime>2006-06-25T01:08:00Z</eventTime>
				<eventTimeZoneOffset>-06:00</eventTimeZoneOffset>
<recordTime>2006-06-25T01:08:00Z</recordTime>
				<epcList>
					<epc>urn:epc:id:sgtin:0614142.107346.8</epc>
				</epcList>
				<action>ADD</action>
				<bizStep>urn:epcglobal:cbv:bizstep:commissioning</bizStep>
				<disposition>urn:epcglobal:cbv:disp:active</disposition>
				<readPoint>
					<id>urn:epcglobal:fmcg:loc:0614141073467.RP-1</id>
				</readPoint>
				<bizLocation>
					<id>urn:epcglobal:fmcg:loc:0614141073467.1</id>
				</bizLocation>
				<hls:temperature>30</hls:temperature>
				<hls:batchNumber>2</hls:batchNumber>
			</ObjectEvent>
			<ObjectEvent>
				<eventTime>2006-06-25T01:09:00Z</eventTime>
				<eventTimeZoneOffset>-06:00</eventTimeZoneOffset>
<recordTime>2006-06-25T01:09:00Z</recordTime>
				<epcList>
					<epc>urn:epc:id:sgtin:0614142.107346.9</epc>
				</epcList>
				<action>ADD</action>
				<bizStep>urn:epcglobal:cbv:bizstep:commissioning</bizStep>
				<disposition>urn:epcglobal:cbv:disp:active</disposition>
				<readPoint>
					<id>urn:epcglobal:fmcg:loc:0614141073467.RP-1</id>
				</readPoint>
				<bizLocation>
					<id>urn:epcglobal:fmcg:loc:0614141073467.1</id>
				</bizLocation>
				<hls:temperature>30</hls:temperature>
				<hls:batchNumber>2</hls:batchNumber>
			</ObjectEvent>
			<ObjectEvent>
				<eventTime>2006-06-25T01:10:00Z</eventTime>
				<eventTimeZoneOffset>-06:00</eventTimeZoneOffset>
<recordTime>2006-06-25T01:10:00Z</recordTime>
				<epcList>
					<epc>urn:epc:id:sgtin:0614142.107346.10</epc>
				</epcList>
				<action>ADD</action>
				<bizStep>urn:epcglobal:cbv:bizstep:commissioning</bizStep>
				<disposition>urn:epcglobal:cbv:disp:active</disposition>
				<readPoint>
					<id>urn:epcglobal:fmcg:loc:0614141073467.RP-1</id>
				</readPoint>
				<bizLocation>
					<id>urn:epcglobal:fmcg:loc:0614141073467.1</id>
				</bizLocation>
				<hls:temperature>30</hls:temperature>
				<hls:batchNumber>2</hls:batchNumber>
			</ObjectEvent>
			<ObjectEvent>
				<eventTime>2006-06-25T01:11:00Z</eventTime>
				<eventTimeZoneOffset>-06:00</eventTimeZoneOffset>
<recordTime>2006-06-25T01:11:00Z</recordTime>
				<epcList>
					<epc>urn:epc:id:sgtin:0614142.107347.1</epc>
				</epcList>
				<action>ADD</action>
				<bizStep>urn:epcglobal:cbv:bizstep:commissioning</bizStep>
				<disposition>urn:epcglobal:cbv:disp:active</disposition>
				<readPoint>
					<id>urn:epcglobal:fmcg:loc:0614141073467.RP-1</id>
				</readPoint>
				<bizLocation>
					<id>urn:epcglobal:fmcg:loc:0614141073467.1</id>
				</bizLocation>
				<hls:temperature>30</hls:temperature>
				<hls:batchNumber>2</hls:batchNumber>
			</ObjectEvent>
			<ObjectEvent>
				<eventTime>2006-06-25T01:12:00Z</eventTime>
				<eventTimeZoneOffset>-06:00</eventTimeZoneOffset>
<recordTime>2006-06-25T01:12:00Z</recordTime>
				<epcList>
					<epc>urn:epc:id:sgtin:0614142.107347.2</epc>
				</epcList>
				<action>ADD</action>
				<bizStep>urn:epcglobal:cbv:bizstep:commissioning</bizStep>
				<disposition>urn:epcglobal:cbv:disp:active</disposition>
				<readPoint>
					<id>urn:epcglobal:fmcg:loc:0614141073467.RP-1</id>
				</readPoint>
				<bizLocation>
					<id>urn:epcglobal:fmcg:loc:0614141073467.1</id>
				</bizLocation>
				<hls:temperature>30</hls:temperature>
				<hls:batchNumber>2</hls:batchNumber>
			</ObjectEvent>
			<ObjectEvent>
				<eventTime>2006-06-25T01:13:00Z</eventTime>
				<eventTimeZoneOffset>-06:00</eventTimeZoneOffset>
<recordTime>2006-06-25T01:13:00Z</recordTime>
				<epcList>
					<epc>urn:epc:id:sgtin:0614142.107347.3</epc>
				</epcList>
				<action>ADD</action>
				<bizStep>urn:epcglobal:cbv:bizstep:commissioning</bizStep>
				<disposition>urn:epcglobal:cbv:disp:active</disposition>
				<readPoint>
					<id>urn:epcglobal:fmcg:loc:0614141073467.RP-1</id>
				</readPoint>
				<bizLocation>
					<id>urn:epcglobal:fmcg:loc:0614141073467.1</id>
				</bizLocation>
				<hls:temperature>30</hls:temperature>
				<hls:batchNumber>2</hls:batchNumber>
			</ObjectEvent>
			<ObjectEvent>
				<eventTime>2006-06-25T01:14:00Z</eventTime>
				<eventTimeZoneOffset>-06:00</eventTimeZoneOffset>
<recordTime>2006-06-25T01:14:00Z</recordTime>
				<epcList>
					<epc>urn:epc:id:sgtin:0614142.107347.4</epc>
				</epcList>
				<action>ADD</action>
				<bizStep>urn:epcglobal:cbv:bizstep:commissioning</bizStep>
				<disposition>urn:epcglobal:cbv:disp:active</disposition>
				<readPoint>
					<id>urn:epcglobal:fmcg:loc:0614141073467.RP-1</id>
				</readPoint>
				<bizLocation>
					<id>urn:epcglobal:fmcg:loc:0614141073467.1</id>
				</bizLocation>
				<hls:temperature>30</hls:temperature>
				<hls:batchNumber>2</hls:batchNumber>
			</ObjectEvent>
			<ObjectEvent>
				<eventTime>2006-06-25T01:15:00Z</eventTime>
				<eventTimeZoneOffset>-06:00</eventTimeZoneOffset>
<recordTime>2006-06-25T01:15:00Z</recordTime>
				<epcList>
					<epc>urn:epc:id:sgtin:0614142.107347.5</epc>
				</epcList>
				<action>ADD</action>
				<bizStep>urn:epcglobal:cbv:bizstep:commissioning</bizStep>
				<disposition>urn:epcglobal:cbv:disp:active</disposition>
				<readPoint>
					<id>urn:epcglobal:fmcg:loc:0614141073467.RP-1</id>
				</readPoint>
				<bizLocation>
					<id>urn:epcglobal:fmcg:loc:0614141073467.1</id>
				</bizLocation>
				<hls:temperature>30</hls:temperature>
				<hls:batchNumber>2</hls:batchNumber>
			</ObjectEvent>
			<ObjectEvent>
				<eventTime>2006-06-25T01:16:00Z</eventTime>
				<eventTimeZoneOffset>-06:00</eventTimeZoneOffset>
<recordTime>2006-06-25T01:16:00Z</recordTime>
				<epcList>
					<epc>urn:epc:id:sgtin:0614142.107347.6</epc>
				</epcList>
				<action>ADD</action>
				<bizStep>urn:epcglobal:cbv:bizstep:commissioning</bizStep>
				<disposition>urn:epcglobal:cbv:disp:active</disposition>
				<readPoint>
					<id>urn:epcglobal:fmcg:loc:0614141073467.RP-1</id>
				</readPoint>
				<bizLocation>
					<id>urn:epcglobal:fmcg:loc:0614141073467.1</id>
				</bizLocation>
				<hls:temperature>30</hls:temperature>
				<hls:batchNumber>2</hls:batchNumber>
			</ObjectEvent>
			<ObjectEvent>
				<eventTime>2006-06-25T01:17:00Z</eventTime>
				<eventTimeZoneOffset>-06:00</eventTimeZoneOffset>
<recordTime>2006-06-25T01:17:00Z</recordTime>
				<epcList>
					<epc>urn:epc:id:sgtin:0614142.107347.7</epc>
				</epcList>
				<action>ADD</action>
				<bizStep>urn:epcglobal:cbv:bizstep:commissioning</bizStep>
				<disposition>urn:epcglobal:cbv:disp:active</disposition>
				<readPoint>
					<id>urn:epcglobal:fmcg:loc:0614141073467.RP-1</id>
				</readPoint>
				<bizLocation>
					<id>urn:epcglobal:fmcg:loc:0614141073467.1</id>
				</bizLocation>
				<hls:temperature>30</hls:temperature>
				<hls:batchNumber>2</hls:batchNumber>
			</ObjectEvent>
			<ObjectEvent>
				<eventTime>2006-06-25T01:18:00Z</eventTime>
				<eventTimeZoneOffset>-06:00</eventTimeZoneOffset>
<recordTime>2006-06-25T01:18:00Z</recordTime>
				<epcList>
					<epc>urn:epc:id:sgtin:0614142.107347.8</epc>
				</epcList>
				<action>ADD</action>
				<bizStep>urn:epcglobal:cbv:bizstep:commissioning</bizStep>
				<disposition>urn:epcglobal:cbv:disp:active</disposition>
				<readPoint>
					<id>urn:epcglobal:fmcg:loc:0614141073467.RP-1</id>
				</readPoint>
				<bizLocation>
					<id>urn:epcglobal:fmcg:loc:0614141073467.1</id>
				</bizLocation>
				<hls:temperature>30</hls:temperature>
				<hls:batchNumber>2</hls:batchNumber>
			</ObjectEvent>
			<ObjectEvent>
				<eventTime>2006-06-25T01:19:00Z</eventTime>
				<eventTimeZoneOffset>-06:00</eventTimeZoneOffset>
<recordTime>2006-06-25T01:19:00Z</recordTime>
				<epcList>
					<epc>urn:epc:id:sgtin:0614142.107347.9</epc>
				</epcList>
				<action>ADD</action>
				<bizStep>urn:epcglobal:cbv:bizstep:commissioning</bizStep>
				<disposition>urn:epcglobal:cbv:disp:active</disposition>
				<readPoint>
					<id>urn:epcglobal:fmcg:loc:0614141073467.RP-1</id>
				</readPoint>
				<bizLocation>
					<id>urn:epcglobal:fmcg:loc:0614141073467.1</id>
				</bizLocation>
				<hls:temperature>30</hls:temperature>
				<hls:batchNumber>2</hls:batchNumber>
			</ObjectEvent>
			<ObjectEvent>
				<eventTime>2006-06-25T01:20:00Z</eventTime>
				<eventTimeZoneOffset>-06:00</eventTimeZoneOffset>
<recordTime>2006-06-25T01:20:00Z</recordTime>
				<epcList>
					<epc>urn:epc:id:sgtin:0614142.107347.10</epc>
				</epcList>
				<action>ADD</action>
				<bizStep>urn:epcglobal:cbv:bizstep:commissioning</bizStep>
				<disposition>urn:epcglobal:cbv:disp:active</disposition>
				<readPoint>
					<id>urn:epcglobal:fmcg:loc:0614141073467.RP-1</id>
				</readPoint>
				<bizLocation>
					<id>urn:epcglobal:fmcg:loc:0614141073467.1</id>
				</bizLocation>
				<hls:temperature>30</hls:temperature>
				<hls:batchNumber>2</hls:batchNumber>
			</ObjectEvent>
			<ObjectEvent>
				<eventTime>2006-06-25T01:21:00Z</eventTime>
				<eventTimeZoneOffset>-06:00</eventTimeZoneOffset>
<recordTime>2006-06-25T01:21:00Z</recordTime>
				<epcList>
					<epc>urn:epc:id:sgtin:0614142.107348.1</epc>
				</epcList>
				<action>ADD</action>
				<bizStep>urn:epcglobal:cbv:bizstep:commissioning</bizStep>
				<disposition>urn:epcglobal:cbv:disp:active</disposition>
				<readPoint>
					<id>urn:epcglobal:fmcg:loc:0614141073467.RP-1</id>
				</readPoint>
				<bizLocation>
					<id>urn:epcglobal:fmcg:loc:0614141073467.1</id>
				</bizLocation>
				<hls:temperature>30</hls:temperature>
				<hls:batchNumber>2</hls:batchNumber>
			</ObjectEvent>
			<ObjectEvent>
				<eventTime>2006-06-25T01:22:00Z</eventTime>
				<eventTimeZoneOffset>-06:00</eventTimeZoneOffset>
<recordTime>2006-06-25T01:22:00Z</recordTime>
				<epcList>
					<epc>urn:epc:id:sgtin:0614142.107348.2</epc>
				</epcList>
				<action>ADD</action>
				<bizStep>urn:epcglobal:cbv:bizstep:commissioning</bizStep>
				<disposition>urn:epcglobal:cbv:disp:active</disposition>
				<readPoint>
					<id>urn:epcglobal:fmcg:loc:0614141073467.RP-1</id>
				</readPoint>
				<bizLocation>
					<id>urn:epcglobal:fmcg:loc:0614141073467.1</id>
				</bizLocation>
				<hls:temperature>30</hls:temperature>
				<hls:batchNumber>2</hls:batchNumber>
			</ObjectEvent>
			<ObjectEvent>
				<eventTime>2006-06-25T01:23:00Z</eventTime>
				<eventTimeZoneOffset>-06:00</eventTimeZoneOffset>
<recordTime>2006-06-25T01:23:00Z</recordTime>
				<epcList>
					<epc>urn:epc:id:sgtin:0614142.107348.3</epc>
				</epcList>
				<action>ADD</action>
				<bizStep>urn:epcglobal:cbv:bizstep:commissioning</bizStep>
				<disposition>urn:epcglobal:cbv:disp:active</disposition>
				<readPoint>
					<id>urn:epcglobal:fmcg:loc:0614141073467.RP-1</id>
				</readPoint>
				<bizLocation>
					<id>urn:epcglobal:fmcg:loc:0614141073467.1</id>
				</bizLocation>
				<hls:temperature>30</hls:temperature>
				<hls:batchNumber>2</hls:batchNumber>
			</ObjectEvent>
			<ObjectEvent>
				<eventTime>2006-06-25T01:24:00Z</eventTime>
				<eventTimeZoneOffset>-06:00</eventTimeZoneOffset>
<recordTime>2006-06-25T01:24:00Z</recordTime>
				<epcList>
					<epc>urn:epc:id:sgtin:0614142.107348.4</epc>
				</epcList>
				<action>ADD</action>
				<bizStep>urn:epcglobal:cbv:bizstep:commissioning</bizStep>
				<disposition>urn:epcglobal:cbv:disp:active</disposition>
				<readPoint>
					<id>urn:epcglobal:fmcg:loc:0614141073467.RP-1</id>
				</readPoint>
				<bizLocation>
					<id>urn:epcglobal:fmcg:loc:0614141073467.1</id>
				</bizLocation>
				<hls:temperature>30</hls:temperature>
				<hls:batchNumber>2</hls:batchNumber>
			</ObjectEvent>
			<ObjectEvent>
				<eventTime>2006-06-25T01:25:00Z</eventTime>
				<eventTimeZoneOffset>-06:00</eventTimeZoneOffset>
<recordTime>2006-06-25T01:25:00Z</recordTime>
				<epcList>
					<epc>urn:epc:id:sgtin:0614142.107348.5</epc>
				</epcList>
				<action>ADD</action>
				<bizStep>urn:epcglobal:cbv:bizstep:commissioning</bizStep>
				<disposition>urn:epcglobal:cbv:disp:active</disposition>
				<readPoint>
					<id>urn:epcglobal:fmcg:loc:0614141073467.RP-1</id>
				</readPoint>
				<bizLocation>
					<id>urn:epcglobal:fmcg:loc:0614141073467.1</id>
				</bizLocation>
				<hls:temperature>30</hls:temperature>
				<hls:batchNumber>2</hls:batchNumber>
			</ObjectEvent>
			<ObjectEvent>
				<eventTime>2006-06-25T01:26:00Z</eventTime>
				<eventTimeZoneOffset>-06:00</eventTimeZoneOffset>
<recordTime>2006-06-25T01:26:00Z</recordTime>
				<epcList>
					<epc>urn:epc:id:sgtin:0614142.107348.6</epc>
				</epcList>
				<action>ADD</action>
				<bizStep>urn:epcglobal:cbv:bizstep:commissioning</bizStep>
				<disposition>urn:epcglobal:cbv:disp:active</disposition>
				<readPoint>
					<id>urn:epcglobal:fmcg:loc:0614141073467.RP-1</id>
				</readPoint>
				<bizLocation>
					<id>urn:epcglobal:fmcg:loc:0614141073467.1</id>
				</bizLocation>
				<hls:temperature>30</hls:temperature>
				<hls:batchNumber>2</hls:batchNumber>
			</ObjectEvent>
			<ObjectEvent>
				<eventTime>2006-06-25T01:27:00Z</eventTime>
				<eventTimeZoneOffset>-06:00</eventTimeZoneOffset>
<recordTime>2006-06-25T01:27:00Z</recordTime>
				<epcList>
					<epc>urn:epc:id:sgtin:0614142.107348.7</epc>
				</epcList>
				<action>ADD</action>
				<bizStep>urn:epcglobal:cbv:bizstep:commissioning</bizStep>
				<disposition>urn:epcglobal:cbv:disp:active</disposition>
				<readPoint>
					<id>urn:epcglobal:fmcg:loc:0614141073467.RP-1</id>
				</readPoint>
				<bizLocation>
					<id>urn:epcglobal:fmcg:loc:0614141073467.1</id>
				</bizLocation>
				<hls:temperature>30</hls:temperature>
				<hls:batchNumber>2</hls:batchNumber>
			</ObjectEvent>
			<ObjectEvent>
				<eventTime>2006-06-25T01:28:00Z</eventTime>
				<eventTimeZoneOffset>-06:00</eventTimeZoneOffset>
<recordTime>2006-06-25T01:28:00Z</recordTime>
				<epcList>
					<epc>urn:epc:id:sgtin:0614142.107348.8</epc>
				</epcList>
				<action>ADD</action>
				<bizStep>urn:epcglobal:cbv:bizstep:commissioning</bizStep>
				<disposition>urn:epcglobal:cbv:disp:active</disposition>
				<readPoint>
					<id>urn:epcglobal:fmcg:loc:0614141073467.RP-1</id>
				</readPoint>
				<bizLocation>
					<id>urn:epcglobal:fmcg:loc:0614141073467.1</id>
				</bizLocation>
				<hls:temperature>30</hls:temperature>
				<hls:batchNumber>2</hls:batchNumber>
			</ObjectEvent>
			<ObjectEvent>
				<eventTime>2006-06-25T01:29:00Z</eventTime>
				<eventTimeZoneOffset>-06:00</eventTimeZoneOffset>
<recordTime>2006-06-25T01:29:00Z</recordTime>
				<epcList>
					<epc>urn:epc:id:sgtin:0614142.107348.9</epc>
				</epcList>
				<action>ADD</action>
				<bizStep>urn:epcglobal:cbv:bizstep:commissioning</bizStep>
				<disposition>urn:epcglobal:cbv:disp:active</disposition>
				<readPoint>
					<id>urn:epcglobal:fmcg:loc:0614141073467.RP-1</id>
				</readPoint>
				<bizLocation>
					<id>urn:epcglobal:fmcg:loc:0614141073467.1</id>
				</bizLocation>
				<hls:temperature>30</hls:temperature>
				<hls:batchNumber>2</hls:batchNumber>
			</ObjectEvent>
			<ObjectEvent>
				<eventTime>2006-06-25T01:30:00Z</eventTime>
				<eventTimeZoneOffset>-06:00</eventTimeZoneOffset>
<recordTime>2006-06-25T01:30:00Z</recordTime>
				<epcList>
					<epc>urn:epc:id:sgtin:0614142.107348.10</epc>
				</epcList>
				<action>ADD</action>
				<bizStep>urn:epcglobal:cbv:bizstep:commissioning</bizStep>
				<disposition>urn:epcglobal:cbv:disp:active</disposition>
				<readPoint>
					<id>urn:epcglobal:fmcg:loc:0614141073467.RP-1</id>
				</readPoint>
				<bizLocation>
					<id>urn:epcglobal:fmcg:loc:0614141073467.1</id>
				</bizLocation>
				<hls:temperature>30</hls:temperature>
				<hls:batchNumber>2</hls:batchNumber>
			</ObjectEvent>
			<ObjectEvent>
				<eventTime>2006-06-25T01:31:00Z</eventTime>
				<eventTimeZoneOffset>-06:00</eventTimeZoneOffset>
<recordTime>2006-06-25T01:31:00Z</recordTime>
				<epcList>
					<epc>urn:epc:id:sgtin:0614142.107349.1</epc>
				</epcList>
				<action>ADD</action>
				<bizStep>urn:epcglobal:cbv:bizstep:commissioning</bizStep>
				<disposition>urn:epcglobal:cbv:disp:active</disposition>
				<readPoint>
					<id>urn:epcglobal:fmcg:loc:0614141073467.RP-1</id>
				</readPoint>
				<bizLocation>
					<id>urn:epcglobal:fmcg:loc:0614141073467.1</id>
				</bizLocation>
				<hls:temperature>30</hls:temperature>
				<hls:batchNumber>2</hls:batchNumber>
			</ObjectEvent>
			<ObjectEvent>
				<eventTime>2006-06-25T01:32:00Z</eventTime>
				<eventTimeZoneOffset>-06:00</eventTimeZoneOffset>
<recordTime>2006-06-25T01:32:00Z</recordTime>
				<epcList>
					<epc>urn:epc:id:sgtin:0614142.107349.2</epc>
				</epcList>
				<action>ADD</action>
				<bizStep>urn:epcglobal:cbv:bizstep:commissioning</bizStep>
				<disposition>urn:epcglobal:cbv:disp:active</disposition>
				<readPoint>
					<id>urn:epcglobal:fmcg:loc:0614141073467.RP-1</id>
				</readPoint>
				<bizLocation>
					<id>urn:epcglobal:fmcg:loc:0614141073467.1</id>
				</bizLocation>
				<hls:temperature>30</hls:temperature>
				<hls:batchNumber>2</hls:batchNumber>
			</ObjectEvent>
			<ObjectEvent>
				<eventTime>2006-06-25T01:33:00Z</eventTime>
				<eventTimeZoneOffset>-06:00</eventTimeZoneOffset>
<recordTime>2006-06-25T01:33:00Z</recordTime>
				<epcList>
					<epc>urn:epc:id:sgtin:0614142.107349.3</epc>
				</epcList>
				<action>ADD</action>
				<bizStep>urn:epcglobal:cbv:bizstep:commissioning</bizStep>
				<disposition>urn:epcglobal:cbv:disp:active</disposition>
				<readPoint>
					<id>urn:epcglobal:fmcg:loc:0614141073467.RP-1</id>
				</readPoint>
				<bizLocation>
					<id>urn:epcglobal:fmcg:loc:0614141073467.1</id>
				</bizLocation>
				<hls:temperature>30</hls:temperature>
				<hls:batchNumber>2</hls:batchNumber>
			</ObjectEvent>
			<ObjectEvent>
				<eventTime>2006-06-25T01:34:00Z</eventTime>
				<eventTimeZoneOffset>-06:00</eventTimeZoneOffset>
<recordTime>2006-06-25T01:34:00Z</recordTime>
				<epcList>
					<epc>urn:epc:id:sgtin:0614142.107349.4</epc>
				</epcList>
				<action>ADD</action>
				<bizStep>urn:epcglobal:cbv:bizstep:commissioning</bizStep>
				<disposition>urn:epcglobal:cbv:disp:active</disposition>
				<readPoint>
					<id>urn:epcglobal:fmcg:loc:0614141073467.RP-1</id>
				</readPoint>
				<bizLocation>
					<id>urn:epcglobal:fmcg:loc:0614141073467.1</id>
				</bizLocation>
				<hls:temperature>30</hls:temperature>
				<hls:batchNumber>2</hls:batchNumber>
			</ObjectEvent>
			<ObjectEvent>
				<eventTime>2006-06-25T01:35:00Z</eventTime>
				<eventTimeZoneOffset>-06:00</eventTimeZoneOffset>
<recordTime>2006-06-25T01:35:00Z</recordTime>
				<epcList>
					<epc>urn:epc:id:sgtin:0614142.107349.5</epc>
				</epcList>
				<action>ADD</action>
				<bizStep>urn:epcglobal:cbv:bizstep:commissioning</bizStep>
				<disposition>urn:epcglobal:cbv:disp:active</disposition>
				<readPoint>
					<id>urn:epcglobal:fmcg:loc:0614141073467.RP-1</id>
				</readPoint>
				<bizLocation>
					<id>urn:epcglobal:fmcg:loc:0614141073467.1</id>
				</bizLocation>
				<hls:temperature>30</hls:temperature>
				<hls:batchNumber>2</hls:batchNumber>
			</ObjectEvent>
			<ObjectEvent>
				<eventTime>2006-06-25T01:36:00Z</eventTime>
				<eventTimeZoneOffset>-06:00</eventTimeZoneOffset>
<recordTime>2006-06-25T01:36:00Z</recordTime>
				<epcList>
					<epc>urn:epc:id:sgtin:0614142.107349.6</epc>
				</epcList>
				<action>ADD</action>
				<bizStep>urn:epcglobal:cbv:bizstep:commissioning</bizStep>
				<disposition>urn:epcglobal:cbv:disp:active</disposition>
				<readPoint>
					<id>urn:epcglobal:fmcg:loc:0614141073467.RP-1</id>
				</readPoint>
				<bizLocation>
					<id>urn:epcglobal:fmcg:loc:0614141073467.1</id>
				</bizLocation>
				<hls:temperature>30</hls:temperature>
				<hls:batchNumber>2</hls:batchNumber>
			</ObjectEvent>
			<ObjectEvent>
				<eventTime>2006-06-25T01:37:00Z</eventTime>
				<eventTimeZoneOffset>-06:00</eventTimeZoneOffset>
<recordTime>2006-06-25T01:37:00Z</recordTime>
				<epcList>
					<epc>urn:epc:id:sgtin:0614142.107349.7</epc>
				</epcList>
				<action>ADD</action>
				<bizStep>urn:epcglobal:cbv:bizstep:commissioning</bizStep>
				<disposition>urn:epcglobal:cbv:disp:active</disposition>
				<readPoint>
					<id>urn:epcglobal:fmcg:loc:0614141073467.RP-1</id>
				</readPoint>
				<bizLocation>
					<id>urn:epcglobal:fmcg:loc:0614141073467.1</id>
				</bizLocation>
				<hls:temperature>30</hls:temperature>
				<hls:batchNumber>2</hls:batchNumber>
			</ObjectEvent>
			<ObjectEvent>
				<eventTime>2006-06-25T01:38:00Z</eventTime>
				<eventTimeZoneOffset>-06:00</eventTimeZoneOffset>
<recordTime>2006-06-25T01:38:00Z</recordTime>
				<epcList>
					<epc>urn:epc:id:sgtin:0614142.107349.8</epc>
				</epcList>
				<action>ADD</action>
				<bizStep>urn:epcglobal:cbv:bizstep:commissioning</bizStep>
				<disposition>urn:epcglobal:cbv:disp:active</disposition>
				<readPoint>
					<id>urn:epcglobal:fmcg:loc:0614141073467.RP-1</id>
				</readPoint>
				<bizLocation>
					<id>urn:epcglobal:fmcg:loc:0614141073467.1</id>
				</bizLocation>
				<hls:temperature>30</hls:temperature>
				<hls:batchNumber>2</hls:batchNumber>
			</ObjectEvent>
			<ObjectEvent>
				<eventTime>2006-06-25T01:39:00Z</eventTime>
				<eventTimeZoneOffset>-06:00</eventTimeZoneOffset>
<recordTime>2006-06-25T01:39:00Z</recordTime>
				<epcList>
					<epc>urn:epc:id:sgtin:0614142.107349.9</epc>
				</epcList>
				<action>ADD</action>
				<bizStep>urn:epcglobal:cbv:bizstep:commissioning</bizStep>
				<disposition>urn:epcglobal:cbv:disp:active</disposition>
				<readPoint>
					<id>urn:epcglobal:fmcg:loc:0614141073467.RP-1</id>
				</readPoint>
				<bizLocation>
					<id>urn:epcglobal:fmcg:loc:0614141073467.1</id>
				</bizLocation>
				<hls:temperature>30</hls:temperature>
				<hls:batchNumber>2</hls:batchNumber>
			</ObjectEvent>
			<ObjectEvent>
				<eventTime>2006-06-25T01:40:00Z</eventTime>
				<eventTimeZoneOffset>-06:00</eventTimeZoneOffset>
<recordTime>2006-06-25T01:40:00Z</recordTime>
				<epcList>
					<epc>urn:epc:id:sgtin:0614142.107349.10</epc>
				</epcList>
				<action>ADD</action>
				<bizStep>urn:epcglobal:cbv:bizstep:commissioning</bizStep>
				<disposition>urn:epcglobal:cbv:disp:active</disposition>
				<readPoint>
					<id>urn:epcglobal:fmcg:loc:0614141073467.RP-1</id>
				</readPoint>
				<bizLocation>
					<id>urn:epcglobal:fmcg:loc:0614141073467.1</id>
				</bizLocation>
				<hls:temperature>30</hls:temperature>
				<hls:batchNumber>2</hls:batchNumber>
			</ObjectEvent>

			<ObjectEvent>
				<eventTime>2006-06-25T02:41:00Z</eventTime>
				<eventTimeZoneOffset>-06:00</eventTimeZoneOffset>
<recordTime>2006-06-25T02:41:00Z</recordTime>
				<epcList>
					<epc>urn:epc:id:sscc:0614141.0000000001</epc>
				</epcList>
				<action>ADD</action>
				<bizStep>urn:epcglobal:cbv:bizstep:commissioning</bizStep>
				<disposition>urn:epcglobal:cbv:disp:active</disposition>
				<readPoint>
					<id>urn:epcglobal:fmcg:loc:0614141073467.RP-1</id>
				</readPoint>
				<bizLocation>
					<id>urn:epcglobal:fmcg:loc:0614141073467.1</id>
				</bizLocation>
				<hls:temperature>20</hls:temperature>
				<hls:batchNumber>1</hls:batchNumber>
			</ObjectEvent>
			<ObjectEvent>
				<eventTime>2006-06-25T02:42:00Z</eventTime>
				<eventTimeZoneOffset>-06:00</eventTimeZoneOffset>
<recordTime>2006-06-25T02:42:00Z</recordTime>
				<epcList>
					<epc>urn:epc:id:sscc:0614141.0000000002</epc>
				</epcList>
				<action>ADD</action>
				<bizStep>urn:epcglobal:cbv:bizstep:commissioning</bizStep>
				<disposition>urn:epcglobal:cbv:disp:active</disposition>
				<readPoint>
					<id>urn:epcglobal:fmcg:loc:0614141073467.RP-1</id>
				</readPoint>
				<bizLocation>
					<id>urn:epcglobal:fmcg:loc:0614141073467.1</id>
				</bizLocation>
				<hls:temperature>20</hls:temperature>
				<hls:batchNumber>1</hls:batchNumber>
			</ObjectEvent>
			<ObjectEvent>
				<eventTime>2006-06-25T02:43:00Z</eventTime>
				<eventTimeZoneOffset>-06:00</eventTimeZoneOffset>
<recordTime>2006-06-25T02:43:00Z</recordTime>
				<epcList>
					<epc>urn:epc:id:sscc:0614141.0000000003</epc>
				</epcList>
				<action>ADD</action>
				<bizStep>urn:epcglobal:cbv:bizstep:commissioning</bizStep>
				<disposition>urn:epcglobal:cbv:disp:active</disposition>
				<readPoint>
					<id>urn:epcglobal:fmcg:loc:0614141073467.RP-1</id>
				</readPoint>
				<bizLocation>
					<id>urn:epcglobal:fmcg:loc:0614141073467.1</id>
				</bizLocation>
				<hls:temperature>20</hls:temperature>
				<hls:batchNumber>1</hls:batchNumber>
			</ObjectEvent>
			<ObjectEvent>
				<eventTime>2006-06-25T02:44:00Z</eventTime>
				<eventTimeZoneOffset>-06:00</eventTimeZoneOffset>
<recordTime>2006-06-25T02:44:00Z</recordTime>
				<epcList>
					<epc>urn:epc:id:sscc:0614141.0000000004</epc>
				</epcList>
				<action>ADD</action>
				<bizStep>urn:epcglobal:cbv:bizstep:commissioning</bizStep>
				<disposition>urn:epcglobal:cbv:disp:active</disposition>
				<readPoint>
					<id>urn:epcglobal:fmcg:loc:0614141073467.RP-1</id>
				</readPoint>
				<bizLocation>
					<id>urn:epcglobal:fmcg:loc:0614141073467.1</id>
				</bizLocation>
				<hls:temperature>20</hls:temperature>
				<hls:batchNumber>1</hls:batchNumber>
			</ObjectEvent>
			<ObjectEvent>
				<eventTime>2006-06-25T02:45:00Z</eventTime>
				<eventTimeZoneOffset>-06:00</eventTimeZoneOffset>
<recordTime>2006-06-25T02:45:00Z</recordTime>
				<epcList>
					<epc>urn:epc:id:sscc:0614141.0000000005</epc>
				</epcList>
				<action>ADD</action>
				<bizStep>urn:epcglobal:cbv:bizstep:commissioning</bizStep>
				<disposition>urn:epcglobal:cbv:disp:active</disposition>
				<readPoint>
					<id>urn:epcglobal:fmcg:loc:0614141073467.RP-1</id>
				</readPoint>
				<bizLocation>
					<id>urn:epcglobal:fmcg:loc:0614141073467.1</id>
				</bizLocation>
				<hls:temperature>20</hls:temperature>
				<hls:batchNumber>1</hls:batchNumber>
			</ObjectEvent>
			<ObjectEvent>
				<eventTime>2006-06-25T02:46:00Z</eventTime>
				<eventTimeZoneOffset>-06:00</eventTimeZoneOffset>
<recordTime>2006-06-25T02:46:00Z</recordTime>
				<epcList>
					<epc>urn:epc:id:sscc:0614142.0000000006</epc>
				</epcList>
				<action>ADD</action>
				<bizStep>urn:epcglobal:cbv:bizstep:commissioning</bizStep>
				<disposition>urn:epcglobal:cbv:disp:active</disposition>
				<readPoint>
					<id>urn:epcglobal:fmcg:loc:0614141073467.RP-1</id>
				</readPoint>
				<bizLocation>
					<id>urn:epcglobal:fmcg:loc:0614141073467.1</id>
				</bizLocation>
				<hls:temperature>30</hls:temperature>
				<hls:batchNumber>2</hls:batchNumber>
			</ObjectEvent>
			<ObjectEvent>
				<eventTime>2006-06-25T02:47:00Z</eventTime>
				<eventTimeZoneOffset>-06:00</eventTimeZoneOffset>
<recordTime>2006-06-25T02:47:00Z</recordTime>
				<epcList>
					<epc>urn:epc:id:sscc:0614142.0000000007</epc>
				</epcList>
				<action>ADD</action>
				<bizStep>urn:epcglobal:cbv:bizstep:commissioning</bizStep>
				<disposition>urn:epcglobal:cbv:disp:active</disposition>
				<readPoint>
					<id>urn:epcglobal:fmcg:loc:0614141073467.RP-1</id>
				</readPoint>
				<bizLocation>
					<id>urn:epcglobal:fmcg:loc:0614141073467.1</id>
				</bizLocation>
				<hls:temperature>30</hls:temperature>
				<hls:batchNumber>2</hls:batchNumber>
			</ObjectEvent>
			<ObjectEvent>
				<eventTime>2006-06-25T02:48:00Z</eventTime>
				<eventTimeZoneOffset>-06:00</eventTimeZoneOffset>
<recordTime>2006-06-25T02:48:00Z</recordTime>
				<epcList>
					<epc>urn:epc:id:sscc:0614142.0000000008</epc>
				</epcList>
				<action>ADD</action>
				<bizStep>urn:epcglobal:cbv:bizstep:commissioning</bizStep>
				<disposition>urn:epcglobal:cbv:disp:active</disposition>
				<readPoint>
					<id>urn:epcglobal:fmcg:loc:0614141073467.RP-1</id>
				</readPoint>
				<bizLocation>
					<id>urn:epcglobal:fmcg:loc:0614141073467.1</id>
				</bizLocation>
				<hls:temperature>30</hls:temperature>
				<hls:batchNumber>2</hls:batchNumber>
			</ObjectEvent>
			<ObjectEvent>
				<eventTime>2006-06-25T02:49:00Z</eventTime>
				<eventTimeZoneOffset>-06:00</eventTimeZoneOffset>
<recordTime>2006-06-25T02:49:00Z</recordTime>
				<epcList>
					<epc>urn:epc:id:sscc:0614142.0000000009</epc>
				</epcList>
				<action>ADD</action>
				<bizStep>urn:epcglobal:cbv:bizstep:commissioning</bizStep>
				<disposition>urn:epcglobal:cbv:disp:active</disposition>
				<readPoint>
					<id>urn:epcglobal:fmcg:loc:0614141073467.RP-1</id>
				</readPoint>
				<bizLocation>
					<id>urn:epcglobal:fmcg:loc:0614141073467.1</id>
				</bizLocation>
				<hls:temperature>30</hls:temperature>
				<hls:batchNumber>2</hls:batchNumber>
			</ObjectEvent>
			<ObjectEvent>
				<eventTime>2006-06-25T02:50:00Z</eventTime>
				<eventTimeZoneOffset>-06:00</eventTimeZoneOffset>
<recordTime>2006-06-25T02:50:00Z</recordTime>
				<epcList>
					<epc>urn:epc:id:sscc:0614142.0000000010</epc>
				</epcList>
				<action>ADD</action>
				<bizStep>urn:epcglobal:cbv:bizstep:commissioning</bizStep>
				<disposition>urn:epcglobal:cbv:disp:active</disposition>
				<readPoint>
					<id>urn:epcglobal:fmcg:loc:0614141073467.RP-1</id>
				</readPoint>
				<bizLocation>
					<id>urn:epcglobal:fmcg:loc:0614141073467.1</id>
				</bizLocation>
				<hls:temperature>30</hls:temperature>
				<hls:batchNumber>2</hls:batchNumber>
			</ObjectEvent>

			<AggregationEvent>
				<eventTime>2006-06-25T03:51:00Z</eventTime>
				<eventTimeZoneOffset>-06:00</eventTimeZoneOffset>
<recordTime>2006-06-25T03:51:00Z</recordTime>
				<parentID>urn:epc:id:sscc:0614141.0000000001</parentID>
				<childEPCs>
					<epc>urn:epc:id:sgtin:0614141.107340.1</epc>
					<epc>urn:epc:id:sgtin:0614141.107340.2</epc>
					<epc>urn:epc:id:sgtin:0614141.107340.3</epc>
					<epc>urn:epc:id:sgtin:0614141.107340.4</epc>
					<epc>urn:epc:id:sgtin:0614141.107340.5</epc>
					<epc>urn:epc:id:sgtin:0614141.107340.6</epc>
					<epc>urn:epc:id:sgtin:0614141.107340.7</epc>
					<epc>urn:epc:id:sgtin:0614141.107340.8</epc>
					<epc>urn:epc:id:sgtin:0614141.107340.9</epc>
					<epc>urn:epc:id:sgtin:0614141.107340.10</epc>
				</childEPCs>
				<action>ADD</action>
				<bizStep>urn:epcglobal:cbv:bizstep:casetopalletaggregation</bizStep>
				<disposition>urn:epcglobal:cbv:disp:active</disposition>
				<readPoint>
					<id>urn:epcglobal:fmcg:loc:0614141073467.RP-1</id>
				</readPoint>
				<bizLocation>
					<id>urn:epcglobal:fmcg:loc:0614141073467.1</id>
				</bizLocation>
			</AggregationEvent>
			<AggregationEvent>
				<eventTime>2006-06-25T03:52:00Z</eventTime>
				<eventTimeZoneOffset>-06:00</eventTimeZoneOffset>
<recordTime>2006-06-25T03:52:00Z</recordTime>
				<parentID>urn:epc:id:sscc:0614141.0000000002</parentID>
				<childEPCs>
					<epc>urn:epc:id:sgtin:0614141.107341.1</epc>
					<epc>urn:epc:id:sgtin:0614141.107341.2</epc>
					<epc>urn:epc:id:sgtin:0614141.107341.3</epc>
					<epc>urn:epc:id:sgtin:0614141.107341.4</epc>
					<epc>urn:epc:id:sgtin:0614141.107341.5</epc>
					<epc>urn:epc:id:sgtin:0614141.107341.6</epc>
					<epc>urn:epc:id:sgtin:0614141.107341.7</epc>
					<epc>urn:epc:id:sgtin:0614141.107341.8</epc>
					<epc>urn:epc:id:sgtin:0614141.107341.9</epc>
					<epc>urn:epc:id:sgtin:0614141.107341.10</epc>
				</childEPCs>
				<action>ADD</action>
				<bizStep>urn:epcglobal:cbv:bizstep:casetopalletaggregation</bizStep>
				<disposition>urn:epcglobal:cbv:disp:active</disposition>
				<readPoint>
					<id>urn:epcglobal:fmcg:loc:0614141073467.RP-1</id>
				</readPoint>
				<bizLocation>
					<id>urn:epcglobal:fmcg:loc:0614141073467.1</id>
				</bizLocation>
			</AggregationEvent>
			<AggregationEvent>
				<eventTime>2006-06-25T03:53:00Z</eventTime>
				<eventTimeZoneOffset>-06:00</eventTimeZoneOffset>
<recordTime>2006-06-25T03:53:00Z</recordTime>
				<parentID>urn:epc:id:sscc:0614141.0000000003</parentID>
				<childEPCs>
					<epc>urn:epc:id:sgtin:0614141.107342.1</epc>
					<epc>urn:epc:id:sgtin:0614141.107342.2</epc>
					<epc>urn:epc:id:sgtin:0614141.107342.3</epc>
					<epc>urn:epc:id:sgtin:0614141.107342.4</epc>
					<epc>urn:epc:id:sgtin:0614141.107342.5</epc>
					<epc>urn:epc:id:sgtin:0614141.107342.6</epc>
					<epc>urn:epc:id:sgtin:0614141.107342.7</epc>
					<epc>urn:epc:id:sgtin:0614141.107342.8</epc>
					<epc>urn:epc:id:sgtin:0614141.107342.9</epc>
					<epc>urn:epc:id:sgtin:0614141.107342.10</epc>
				</childEPCs>
				<action>ADD</action>
				<bizStep>urn:epcglobal:cbv:bizstep:casetopalletaggregation</bizStep>
				<disposition>urn:epcglobal:cbv:disp:active</disposition>
				<readPoint>
					<id>urn:epcglobal:fmcg:loc:0614141073467.RP-1</id>
				</readPoint>
				<bizLocation>
					<id>urn:epcglobal:fmcg:loc:0614141073467.1</id>
				</bizLocation>
			</AggregationEvent>
			<AggregationEvent>
				<eventTime>2006-06-25T03:54:00Z</eventTime>
				<eventTimeZoneOffset>-06:00</eventTimeZoneOffset>
<recordTime>2006-06-25T03:54:00Z</recordTime>
				<parentID>urn:epc:id:sscc:0614141.0000000004</parentID>
				<childEPCs>
					<epc>urn:epc:id:sgtin:0614141.107343.1</epc>
					<epc>urn:epc:id:sgtin:0614141.107343.2</epc>
					<epc>urn:epc:id:sgtin:0614141.107343.3</epc>
					<epc>urn:epc:id:sgtin:0614141.107343.4</epc>
					<epc>urn:epc:id:sgtin:0614141.107343.5</epc>
					<epc>urn:epc:id:sgtin:0614141.107343.6</epc>
					<epc>urn:epc:id:sgtin:0614141.107343.7</epc>
					<epc>urn:epc:id:sgtin:0614141.107343.8</epc>
					<epc>urn:epc:id:sgtin:0614141.107343.9</epc>
					<epc>urn:epc:id:sgtin:0614141.107343.10</epc>
				</childEPCs>
				<action>ADD</action>
				<bizStep>urn:epcglobal:cbv:bizstep:casetopalletaggregation</bizStep>
				<disposition>urn:epcglobal:cbv:disp:active</disposition>
				<readPoint>
					<id>urn:epcglobal:fmcg:loc:0614141073467.RP-1</id>
				</readPoint>
				<bizLocation>
					<id>urn:epcglobal:fmcg:loc:0614141073467.1</id>
				</bizLocation>
			</AggregationEvent>
			<AggregationEvent>
				<eventTime>2006-06-25T03:55:00Z</eventTime>
				<eventTimeZoneOffset>-06:00</eventTimeZoneOffset>
<recordTime>2006-06-25T03:55:00Z</recordTime>
				<parentID>urn:epc:id:sscc:0614141.0000000005</parentID>
				<childEPCs>
					<epc>urn:epc:id:sgtin:0614141.107344.1</epc>
					<epc>urn:epc:id:sgtin:0614141.107344.2</epc>
					<epc>urn:epc:id:sgtin:0614141.107344.3</epc>
					<epc>urn:epc:id:sgtin:0614141.107344.4</epc>
					<epc>urn:epc:id:sgtin:0614141.107344.5</epc>
					<epc>urn:epc:id:sgtin:0614141.107344.6</epc>
					<epc>urn:epc:id:sgtin:0614141.107344.7</epc>
					<epc>urn:epc:id:sgtin:0614141.107344.8</epc>
					<epc>urn:epc:id:sgtin:0614141.107344.9</epc>
					<epc>urn:epc:id:sgtin:0614141.107344.10</epc>
				</childEPCs>
				<action>ADD</action>
				<bizStep>urn:epcglobal:cbv:bizstep:casetopalletaggregation</bizStep>
				<disposition>urn:epcglobal:cbv:disp:active</disposition>
				<readPoint>
					<id>urn:epcglobal:fmcg:loc:0614141073467.RP-1</id>
				</readPoint>
				<bizLocation>
					<id>urn:epcglobal:fmcg:loc:0614141073467.1</id>
				</bizLocation>
			</AggregationEvent>
			<AggregationEvent>
				<eventTime>2006-06-25T03:56:00Z</eventTime>
				<eventTimeZoneOffset>-06:00</eventTimeZoneOffset>
<recordTime>2006-06-25T03:56:00Z</recordTime>
				<parentID>urn:epc:id:sscc:0614142.0000000006</parentID>
				<childEPCs>
					<epc>urn:epc:id:sgtin:0614142.107345.1</epc>
					<epc>urn:epc:id:sgtin:0614142.107345.2</epc>
					<epc>urn:epc:id:sgtin:0614142.107345.3</epc>
					<epc>urn:epc:id:sgtin:0614142.107345.4</epc>
					<epc>urn:epc:id:sgtin:0614142.107345.5</epc>
					<epc>urn:epc:id:sgtin:0614142.107345.6</epc>
					<epc>urn:epc:id:sgtin:0614142.107345.7</epc>
					<epc>urn:epc:id:sgtin:0614142.107345.8</epc>
					<epc>urn:epc:id:sgtin:0614142.107345.9</epc>
					<epc>urn:epc:id:sgtin:0614142.107345.10</epc>
				</childEPCs>
				<action>ADD</action>
				<bizStep>urn:epcglobal:cbv:bizstep:casetopalletaggregation</bizStep>
				<disposition>urn:epcglobal:cbv:disp:active</disposition>
				<readPoint>
					<id>urn:epcglobal:fmcg:loc:0614141073467.RP-1</id>
				</readPoint>
				<bizLocation>
					<id>urn:epcglobal:fmcg:loc:0614141073467.1</id>
				</bizLocation>
			</AggregationEvent>
			<AggregationEvent>
				<eventTime>2006-06-25T03:57:00Z</eventTime>
				<eventTimeZoneOffset>-06:00</eventTimeZoneOffset>
<recordTime>2006-06-25T03:57:00Z</recordTime>
				<parentID>urn:epc:id:sscc:0614142.0000000007</parentID>
				<childEPCs>
					<epc>urn:epc:id:sgtin:0614142.107346.1</epc>
					<epc>urn:epc:id:sgtin:0614142.107346.2</epc>
					<epc>urn:epc:id:sgtin:0614142.107346.3</epc>
					<epc>urn:epc:id:sgtin:0614142.107346.4</epc>
					<epc>urn:epc:id:sgtin:0614142.107346.5</epc>
					<epc>urn:epc:id:sgtin:0614142.107346.6</epc>
					<epc>urn:epc:id:sgtin:0614142.107346.7</epc>
					<epc>urn:epc:id:sgtin:0614142.107346.8</epc>
					<epc>urn:epc:id:sgtin:0614142.107346.9</epc>
					<epc>urn:epc:id:sgtin:0614142.107346.10</epc>
				</childEPCs>
				<action>ADD</action>
				<bizStep>urn:epcglobal:cbv:bizstep:casetopalletaggregation</bizStep>
				<disposition>urn:epcglobal:cbv:disp:active</disposition>
				<readPoint>
					<id>urn:epcglobal:fmcg:loc:0614141073467.RP-1</id>
				</readPoint>
				<bizLocation>
					<id>urn:epcglobal:fmcg:loc:0614141073467.1</id>
				</bizLocation>
			</AggregationEvent>
			<AggregationEvent>
				<eventTime>2006-06-25T03:58:00Z</eventTime>
				<eventTimeZoneOffset>-06:00</eventTimeZoneOffset>
<recordTime>2006-06-25T03:58:00Z</recordTime>
				<parentID>urn:epc:id:sscc:0614142.0000000008</parentID>
				<childEPCs>
					<epc>urn:epc:id:sgtin:0614142.107347.1</epc>
					<epc>urn:epc:id:sgtin:0614142.107347.2</epc>
					<epc>urn:epc:id:sgtin:0614142.107347.3</epc>
					<epc>urn:epc:id:sgtin:0614142.107347.4</epc>
					<epc>urn:epc:id:sgtin:0614142.107347.5</epc>
					<epc>urn:epc:id:sgtin:0614142.107347.6</epc>
					<epc>urn:epc:id:sgtin:0614142.107347.7</epc>
					<epc>urn:epc:id:sgtin:0614142.107347.8</epc>
					<epc>urn:epc:id:sgtin:0614142.107347.9</epc>
					<epc>urn:epc:id:sgtin:0614142.107347.10</epc>
				</childEPCs>
				<action>ADD</action>
				<bizStep>urn:epcglobal:cbv:bizstep:casetopalletaggregation</bizStep>
				<disposition>urn:epcglobal:cbv:disp:active</disposition>
				<readPoint>
					<id>urn:epcglobal:fmcg:loc:0614141073467.RP-1</id>
				</readPoint>
				<bizLocation>
					<id>urn:epcglobal:fmcg:loc:0614141073467.1</id>
				</bizLocation>
			</AggregationEvent>
			<AggregationEvent>
				<eventTime>2006-06-25T03:59:00Z</eventTime>
				<eventTimeZoneOffset>-06:00</eventTimeZoneOffset>
<recordTime>2006-06-25T03:59:00Z</recordTime>
				<parentID>urn:epc:id:sscc:0614142.0000000009</parentID>
				<childEPCs>
					<epc>urn:epc:id:sgtin:0614142.107348.1</epc>
					<epc>urn:epc:id:sgtin:0614142.107348.2</epc>
					<epc>urn:epc:id:sgtin:0614142.107348.3</epc>
					<epc>urn:epc:id:sgtin:0614142.107348.4</epc>
					<epc>urn:epc:id:sgtin:0614142.107348.5</epc>
					<epc>urn:epc:id:sgtin:0614142.107348.6</epc>
					<epc>urn:epc:id:sgtin:0614142.107348.7</epc>
					<epc>urn:epc:id:sgtin:0614142.107348.8</epc>
					<epc>urn:epc:id:sgtin:0614142.107348.9</epc>
					<epc>urn:epc:id:sgtin:0614142.107348.10</epc>
				</childEPCs>
				<action>ADD</action>
				<bizStep>urn:epcglobal:cbv:bizstep:casetopalletaggregation</bizStep>
				<disposition>urn:epcglobal:cbv:disp:active</disposition>
				<readPoint>
					<id>urn:epcglobal:fmcg:loc:0614141073467.RP-1</id>
				</readPoint>
				<bizLocation>
					<id>urn:epcglobal:fmcg:loc:0614141073467.1</id>
				</bizLocation>
			</AggregationEvent>
			<AggregationEvent>
				<eventTime>2006-06-25T04:00:00Z</eventTime>
				<eventTimeZoneOffset>-06:00</eventTimeZoneOffset>
<recordTime>2006-06-25T04:00:00Z</recordTime>
				<parentID>urn:epc:id:sscc:0614142.0000000010</parentID>
				<childEPCs>
					<epc>urn:epc:id:sgtin:0614142.107349.1</epc>
					<epc>urn:epc:id:sgtin:0614142.107349.2</epc>
					<epc>urn:epc:id:sgtin:0614142.107349.3</epc>
					<epc>urn:epc:id:sgtin:0614142.107349.4</epc>
					<epc>urn:epc:id:sgtin:0614142.107349.5</epc>
					<epc>urn:epc:id:sgtin:0614142.107349.6</epc>
					<epc>urn:epc:id:sgtin:0614142.107349.7</epc>
					<epc>urn:epc:id:sgtin:0614142.107349.8</epc>
					<epc>urn:epc:id:sgtin:0614142.107349.9</epc>
					<epc>urn:epc:id:sgtin:0614142.107349.10</epc>
				</childEPCs>
				<action>ADD</action>
				<bizStep>urn:epcglobal:cbv:bizstep:casetopalletaggregation</bizStep>
				<disposition>urn:epcglobal:cbv:disp:active</disposition>
				<readPoint>
					<id>urn:epcglobal:fmcg:loc:0614141073467.RP-1</id>
				</readPoint>
				<bizLocation>
					<id>urn:epcglobal:fmcg:loc:0614141073467.1</id>
				</bizLocation>
			</AggregationEvent>
			<TransactionEvent>
				<eventTime>2006-06-25T07:16:00Z</eventTime>
				<eventTimeZoneOffset>-06:00</eventTimeZoneOffset>
<recordTime>2006-06-25T07:16:00Z</recordTime>
				<bizTransactionList>
					<bizTransaction type="urn:epcglobal:fmcg:btt:po">urn:epcglobal:fmcg:bti:po:0614141073468.1</bizTransaction>
					<bizTransaction type="urn:epcglobal:fmcg:btt:bol">urn:epcglobal:fmcg:bti:bol:0614141073468.A</bizTransaction>
				</bizTransactionList>
				<epcList>
					<epc>urn:epc:id:sgtin:0614141.107340.1</epc>
					<epc>urn:epc:id:sgtin:0614141.107340.2</epc>
					<epc>urn:epc:id:sgtin:0614141.107340.3</epc>
					<epc>urn:epc:id:sgtin:0614141.107340.4</epc>
					<epc>urn:epc:id:sgtin:0614141.107340.5</epc>
					<epc>urn:epc:id:sgtin:0614141.107340.6</epc>
					<epc>urn:epc:id:sgtin:0614141.107340.7</epc>
					<epc>urn:epc:id:sgtin:0614141.107340.8</epc>
					<epc>urn:epc:id:sgtin:0614141.107340.9</epc>
					<epc>urn:epc:id:sgtin:0614141.107340.10</epc>
					<epc>urn:epc:id:sgtin:0614141.107341.1</epc>
					<epc>urn:epc:id:sgtin:0614141.107341.2</epc>
					<epc>urn:epc:id:sgtin:0614141.107341.3</epc>
					<epc>urn:epc:id:sgtin:0614141.107341.4</epc>
					<epc>urn:epc:id:sgtin:0614141.107341.5</epc>
					<epc>urn:epc:id:sgtin:0614141.107341.6</epc>
					<epc>urn:epc:id:sgtin:0614141.107341.7</epc>
					<epc>urn:epc:id:sgtin:0614141.107341.8</epc>
					<epc>urn:epc:id:sgtin:0614141.107341.9</epc>
					<epc>urn:epc:id:sgtin:0614141.107341.10</epc>
				</epcList>
				<action>ADD</action>
				<bizStep>urn:epcglobal:cbv:bizstep:shipping</bizStep>
				<disposition>urn:epcglobal:fmcg:disp:sellable_available</disposition>
				<readPoint>
					<id>urn:epcglobal:fmcg:loc:0614141073468.RP-3</id>
				</readPoint>
				<bizLocation>
					<id>urn:epcglobal:fmcg:loc:0614141073468.3</id>
				</bizLocation>
			</TransactionEvent>
			<TransactionEvent>
				<eventTime>2006-06-25T07:17:00Z</eventTime>
				<eventTimeZoneOffset>-06:00</eventTimeZoneOffset>
<recordTime>2006-06-25T07:17:00Z</recordTime>
				<bizTransactionList>
					<bizTransaction type="urn:epcglobal:fmcg:btt:po">urn:epcglobal:fmcg:bti:po:0614141073468.2</bizTransaction>
					<bizTransaction type="urn:epcglobal:fmcg:btt:bol">urn:epcglobal:fmcg:bti:bol:0614141073468.B</bizTransaction>
				</bizTransactionList>
				<epcList>
					<epc>urn:epc:id:sgtin:0614141.107342.1</epc>
					<epc>urn:epc:id:sgtin:0614141.107342.2</epc>
					<epc>urn:epc:id:sgtin:0614141.107342.3</epc>
					<epc>urn:epc:id:sgtin:0614141.107342.4</epc>
					<epc>urn:epc:id:sgtin:0614141.107342.5</epc>
					<epc>urn:epc:id:sgtin:0614141.107342.6</epc>
					<epc>urn:epc:id:sgtin:0614141.107342.7</epc>
					<epc>urn:epc:id:sgtin:0614141.107342.8</epc>
					<epc>urn:epc:id:sgtin:0614141.107342.9</epc>
					<epc>urn:epc:id:sgtin:0614141.107342.10</epc>
					<epc>urn:epc:id:sgtin:0614141.107343.1</epc>
					<epc>urn:epc:id:sgtin:0614141.107343.2</epc>
					<epc>urn:epc:id:sgtin:0614141.107343.3</epc>
					<epc>urn:epc:id:sgtin:0614141.107343.4</epc>
					<epc>urn:epc:id:sgtin:0614141.107343.5</epc>
					<epc>urn:epc:id:sgtin:0614141.107343.6</epc>
					<epc>urn:epc:id:sgtin:0614141.107343.7</epc>
					<epc>urn:epc:id:sgtin:0614141.107343.8</epc>
					<epc>urn:epc:id:sgtin:0614141.107343.9</epc>
					<epc>urn:epc:id:sgtin:0614141.107343.10</epc>
				</epcList>
				<action>ADD</action>
				<bizStep>urn:epcglobal:cbv:bizstep:shipping</bizStep>
				<disposition>urn:epcglobal:fmcg:disp:sellable_available</disposition>
				<readPoint>
					<id>urn:epcglobal:fmcg:loc:0614141073468.RP-3</id>
				</readPoint>
				<bizLocation>
					<id>urn:epcglobal:fmcg:loc:0614141073468.3</id>
				</bizLocation>
			</TransactionEvent>
			<TransactionEvent>
				<eventTime>2006-06-25T07:18:00Z</eventTime>
				<eventTimeZoneOffset>-06:00</eventTimeZoneOffset>
<recordTime>2006-06-25T07:18:00Z</recordTime>
				<bizTransactionList>
					<bizTransaction type="urn:epcglobal:fmcg:btt:po">urn:epcglobal:fmcg:bti:po:0614141073468.3</bizTransaction>
					<bizTransaction type="urn:epcglobal:fmcg:btt:bol">urn:epcglobal:fmcg:bti:bol:0614141073468.C</bizTransaction>
				</bizTransactionList>
				<epcList>
					<epc>urn:epc:id:sgtin:0614141.107344.1</epc>
					<epc>urn:epc:id:sgtin:0614141.107344.2</epc>
					<epc>urn:epc:id:sgtin:0614141.107344.3</epc>
					<epc>urn:epc:id:sgtin:0614141.107344.4</epc>
					<epc>urn:epc:id:sgtin:0614141.107344.5</epc>
					<epc>urn:epc:id:sgtin:0614141.107344.6</epc>
					<epc>urn:epc:id:sgtin:0614141.107344.7</epc>
					<epc>urn:epc:id:sgtin:0614141.107344.8</epc>
					<epc>urn:epc:id:sgtin:0614141.107344.9</epc>
					<epc>urn:epc:id:sgtin:0614141.107344.10</epc>
					<epc>urn:epc:id:sgtin:0614142.107345.1</epc>
					<epc>urn:epc:id:sgtin:0614142.107345.2</epc>
					<epc>urn:epc:id:sgtin:0614142.107345.3</epc>
					<epc>urn:epc:id:sgtin:0614142.107345.4</epc>
					<epc>urn:epc:id:sgtin:0614142.107345.5</epc>
					<epc>urn:epc:id:sgtin:0614142.107345.6</epc>
					<epc>urn:epc:id:sgtin:0614142.107345.7</epc>
					<epc>urn:epc:id:sgtin:0614142.107345.8</epc>
					<epc>urn:epc:id:sgtin:0614142.107345.9</epc>
					<epc>urn:epc:id:sgtin:0614142.107345.10</epc>
				</epcList>
				<action>ADD</action>
				<bizStep>urn:epcglobal:cbv:bizstep:shipping</bizStep>
				<disposition>urn:epcglobal:fmcg:disp:sellable_available</disposition>
				<readPoint>
					<id>urn:epcglobal:fmcg:loc:0614141073468.RP-3</id>
				</readPoint>
				<bizLocation>
					<id>urn:epcglobal:fmcg:loc:0614141073468.3</id>
				</bizLocation>
			</TransactionEvent>
			<TransactionEvent>
				<eventTime>2006-06-25T07:19:00Z</eventTime>
				<eventTimeZoneOffset>-06:00</eventTimeZoneOffset>
<recordTime>2006-06-25T07:19:00Z</recordTime>
				<bizTransactionList>
					<bizTransaction type="urn:epcglobal:fmcg:btt:po">urn:epcglobal:fmcg:bti:po:0614141073468.4</bizTransaction>
					<bizTransaction type="urn:epcglobal:fmcg:btt:bol">urn:epcglobal:fmcg:bti:bol:0614141073468.D</bizTransaction>
				</bizTransactionList>
				<epcList>
					<epc>urn:epc:id:sgtin:0614142.107346.1</epc>
					<epc>urn:epc:id:sgtin:0614142.107346.2</epc>
					<epc>urn:epc:id:sgtin:0614142.107346.3</epc>
					<epc>urn:epc:id:sgtin:0614142.107346.4</epc>
					<epc>urn:epc:id:sgtin:0614142.107346.5</epc>
					<epc>urn:epc:id:sgtin:0614142.107346.6</epc>
					<epc>urn:epc:id:sgtin:0614142.107346.7</epc>
					<epc>urn:epc:id:sgtin:0614142.107346.8</epc>
					<epc>urn:epc:id:sgtin:0614142.107346.9</epc>
					<epc>urn:epc:id:sgtin:0614142.107346.10</epc>
					<epc>urn:epc:id:sgtin:0614142.107347.1</epc>
					<epc>urn:epc:id:sgtin:0614142.107347.2</epc>
					<epc>urn:epc:id:sgtin:0614142.107347.3</epc>
					<epc>urn:epc:id:sgtin:0614142.107347.4</epc>
					<epc>urn:epc:id:sgtin:0614142.107347.5</epc>
					<epc>urn:epc:id:sgtin:0614142.107347.6</epc>
					<epc>urn:epc:id:sgtin:0614142.107347.7</epc>
					<epc>urn:epc:id:sgtin:0614142.107347.8</epc>
					<epc>urn:epc:id:sgtin:0614142.107347.9</epc>
					<epc>urn:epc:id:sgtin:0614142.107347.10</epc>
				</epcList>
				<action>ADD</action>
				<bizStep>urn:epcglobal:cbv:bizstep:shipping</bizStep>
				<disposition>urn:epcglobal:fmcg:disp:sellable_available</disposition>
				<readPoint>
					<id>urn:epcglobal:fmcg:loc:0614141073468.RP-3</id>
				</readPoint>
				<bizLocation>
					<id>urn:epcglobal:fmcg:loc:0614141073468.3</id>
				</bizLocation>
			</TransactionEvent>
			<TransactionEvent>
				<eventTime>2006-06-25T07:20:00Z</eventTime>
				<eventTimeZoneOffset>-06:00</eventTimeZoneOffset>
<recordTime>2006-06-25T07:20:00Z</recordTime>
				<bizTransactionList>
					<bizTransaction type="urn:epcglobal:fmcg:btt:po">urn:epcglobal:fmcg:bti:po:0614141073468.5</bizTransaction>
					<bizTransaction type="urn:epcglobal:fmcg:btt:bol">urn:epcglobal:fmcg:bti:bol:0614141073468.E</bizTransaction>
				</bizTransactionList>
				<epcList>
					<epc>urn:epc:id:sgtin:0614142.107348.1</epc>
					<epc>urn:epc:id:sgtin:0614142.107348.2</epc>
					<epc>urn:epc:id:sgtin:0614142.107348.3</epc>
					<epc>urn:epc:id:sgtin:0614142.107348.4</epc>
					<epc>urn:epc:id:sgtin:0614142.107348.5</epc>
					<epc>urn:epc:id:sgtin:0614142.107348.6</epc>
					<epc>urn:epc:id:sgtin:0614142.107348.7</epc>
					<epc>urn:epc:id:sgtin:0614142.107348.8</epc>
					<epc>urn:epc:id:sgtin:0614142.107348.9</epc>
					<epc>urn:epc:id:sgtin:0614142.107348.10</epc>
					<epc>urn:epc:id:sgtin:0614142.107349.1</epc>
					<epc>urn:epc:id:sgtin:0614142.107349.2</epc>
					<epc>urn:epc:id:sgtin:0614142.107349.3</epc>
					<epc>urn:epc:id:sgtin:0614142.107349.4</epc>
					<epc>urn:epc:id:sgtin:0614142.107349.5</epc>
					<epc>urn:epc:id:sgtin:0614142.107349.6</epc>
					<epc>urn:epc:id:sgtin:0614142.107349.7</epc>
					<epc>urn:epc:id:sgtin:0614142.107349.8</epc>
					<epc>urn:epc:id:sgtin:0614142.107349.9</epc>
					<epc>urn:epc:id:sgtin:0614142.107349.10</epc>
				</epcList>
				<action>ADD</action>
				<bizStep>urn:epcglobal:cbv:bizstep:shipping</bizStep>
				<disposition>urn:epcglobal:fmcg:disp:sellable_available</disposition>
				<readPoint>
					<id>urn:epcglobal:fmcg:loc:0614141073468.RP-3</id>
				</readPoint>
				<bizLocation>
					<id>urn:epcglobal:fmcg:loc:0614141073468.3</id>
				</bizLocation>
			</TransactionEvent>

		</EventList>
	</resultsBody>
</epcisq:QueryResults>
