<?xml version="1.0" encoding="UTF-8"?>
<epcisq:EPCISQueryDocument
	xmlns:epcisq="urn:epcglobal:epcis-query:xsd:1"
	xmlns:epcis="urn:epcglobal:epcis:xsd:1"
	xmlns:epcglobal="urn:epcglobal:xsd:1"
	xmlns:sbdh="http://www.unece.org/cefact/namespaces/StandardBusinessDocumentHeader"
	xmlns:xsi="http://www.w3.org/2001/XMLSchema-instance"
	xsi:schemaLocation="urn:epcglobal:epcis-query:xsd:1 ./EPCglobal-epcis-query-1_0.xsd"
	schemaVersion="1.0"
	creationDate="2006-07-06T00:00:00.000Z">
	<EPCISHeader>
		<sbdh:StandardBusinessDocumentHeader>
			<sbdh:HeaderVersion>1.0</sbdh:HeaderVersion>
			<sbdh:Sender>
				<sbdh:Identifier Authority="EAN.UCC">0614141107340</sbdh:Identifier>
			</sbdh:Sender>
			<sbdh:Receiver>
				<sbdh:Identifier Authority="EAN.UCC">0614141107340</sbdh:Identifier>
			</sbdh:Receiver>
			<sbdh:DocumentIdentification>
				<sbdh:Standard>EPCIS</sbdh:Standard>
				<sbdh:TypeVersion>1.0</sbdh:TypeVersion>
				<sbdh:InstanceIdentifier>Test-EPCIS10-SE66-Response-1-2-QueryResults</sbdh:InstanceIdentifier>
				<sbdh:Type>EPCIS Queries</sbdh:Type>
				<sbdh:CreationDateAndTime>2006-07-06T00:00:00.000Z</sbdh:CreationDateAndTime>
			</sbdh:DocumentIdentification>
		</sbdh:StandardBusinessDocumentHeader>
		<sbdh:CorrelationInformation>
			<sbdh:RequestingDocumentInstanceIdentifier>
				Test-EPCIS10-SE66-Request-1-Subscribe
			</sbdh:RequestingDocumentInstanceIdentifier>
		</sbdh:CorrelationInformation>
	</EPCISHeader>
	<EPCISBody>
		<epcisq:QueryResults>
			<queryName>SimpleEventQuery</queryName>
			<subscriptionID>QuerySE66</subscriptionID>
			<resultsBody>
				<EventList>
					<!-- FIXME -->
					<!-- Waiting for the final version of the event data. -->
					<ObjectEvent>
						<eventTime>2006-06-25T05:01:00Z</eventTime>
				<eventTimeZoneOffset>-06:00</eventTimeZoneOffset>
						<recordTime>2006-06-25T10:01:00.000Z</recordTime>
						<epcList>
							<epc>urn:epc:id:sscc:0614141.0000000001</epc>
						</epcList>
						<action>OBSERVE</action>
						<bizStep>urn:epcglobal:cbv:bizstep:receiving</bizStep>
						<disposition>urn:epcglobal:cbv:disp:active</disposition>
						<readPoint>
							<id>urn:epcglobal:fmcg:loc:0614141073468.RP-1</id>
						</readPoint>
						<bizLocation>
							<id>urn:epcglobal:fmcg:loc:0614141073468.1</id>
						</bizLocation>
					</ObjectEvent>
					<ObjectEvent>
						<eventTime>2006-06-25T05:02:00Z</eventTime>
				<eventTimeZoneOffset>-06:00</eventTimeZoneOffset>
						<recordTime>2006-06-25T10:02:00.000Z</recordTime>
						<epcList>
							<epc>urn:epc:id:sscc:0614141.0000000002</epc>
						</epcList>
						<action>OBSERVE</action>
						<bizStep>urn:epcglobal:cbv:bizstep:receiving</bizStep>
						<disposition>urn:epcglobal:cbv:disp:active</disposition>
						<readPoint>
							<id>urn:epcglobal:fmcg:loc:0614141073468.RP-1</id>
						</readPoint>
						<bizLocation>
							<id>urn:epcglobal:fmcg:loc:0614141073468.1</id>
						</bizLocation>
					</ObjectEvent>
					<ObjectEvent>
						<eventTime>2006-06-25T05:03:00Z</eventTime>
				<eventTimeZoneOffset>-06:00</eventTimeZoneOffset>
						<recordTime>2006-06-25T10:03:00.000Z</recordTime>
						<epcList>
							<epc>urn:epc:id:sscc:0614141.0000000003</epc>
						</epcList>
						<action>OBSERVE</action>
						<bizStep>urn:epcglobal:cbv:bizstep:receiving</bizStep>
						<disposition>urn:epcglobal:cbv:disp:active</disposition>
						<readPoint>
							<id>urn:epcglobal:fmcg:loc:0614141073468.RP-1</id>
						</readPoint>
						<bizLocation>
							<id>urn:epcglobal:fmcg:loc:0614141073468.1</id>
						</bizLocation>
					</ObjectEvent>
					<ObjectEvent>
						<eventTime>2006-06-25T05:04:00Z</eventTime>
				<eventTimeZoneOffset>-06:00</eventTimeZoneOffset>
						<recordTime>2006-06-25T10:04:00.000Z</recordTime>
						<epcList>
							<epc>urn:epc:id:sscc:0614141.0000000004</epc>
						</epcList>
						<action>OBSERVE</action>
						<bizStep>urn:epcglobal:cbv:bizstep:receiving</bizStep>
						<disposition>urn:epcglobal:cbv:disp:active</disposition>
						<readPoint>
							<id>urn:epcglobal:fmcg:loc:0614141073468.RP-1</id>
						</readPoint>
						<bizLocation>
							<id>urn:epcglobal:fmcg:loc:0614141073468.1</id>
						</bizLocation>
					</ObjectEvent>
					<ObjectEvent>
						<eventTime>2006-06-25T05:05:00Z</eventTime>
				<eventTimeZoneOffset>-06:00</eventTimeZoneOffset>
						<recordTime>2006-06-25T10:05:00.000Z</recordTime>
						<epcList>
							<epc>urn:epc:id:sscc:0614141.0000000005</epc>
						</epcList>
						<action>OBSERVE</action>
						<bizStep>urn:epcglobal:cbv:bizstep:receiving</bizStep>
						<disposition>urn:epcglobal:cbv:disp:active</disposition>
						<readPoint>
							<id>urn:epcglobal:fmcg:loc:0614141073468.RP-1</id>
						</readPoint>
						<bizLocation>
							<id>urn:epcglobal:fmcg:loc:0614141073468.1</id>
						</bizLocation>
					</ObjectEvent>
					<ObjectEvent>
						<eventTime>2006-06-25T05:06:00Z</eventTime>
				<eventTimeZoneOffset>-06:00</eventTimeZoneOffset>
						<recordTime>2006-06-25T10:06:00.000Z</recordTime>
						<epcList>
							<epc>urn:epc:id:sscc:0614142.0000000006</epc>
						</epcList>
						<action>OBSERVE</action>
						<bizStep>urn:epcglobal:cbv:bizstep:receiving</bizStep>
						<disposition>urn:epcglobal:cbv:disp:active</disposition>
						<readPoint>
							<id>urn:epcglobal:fmcg:loc:0614141073468.RP-1</id>
						</readPoint>
						<bizLocation>
							<id>urn:epcglobal:fmcg:loc:0614141073468.1</id>
						</bizLocation>
					</ObjectEvent>
					<ObjectEvent>
						<eventTime>2006-06-25T05:07:00Z</eventTime>
				<eventTimeZoneOffset>-06:00</eventTimeZoneOffset>
						<recordTime>2006-06-25T10:07:00.000Z</recordTime>
						<epcList>
							<epc>urn:epc:id:sscc:0614142.0000000007</epc>
						</epcList>
						<action>OBSERVE</action>
						<bizStep>urn:epcglobal:cbv:bizstep:receiving</bizStep>
						<disposition>urn:epcglobal:cbv:disp:active</disposition>
						<readPoint>
							<id>urn:epcglobal:fmcg:loc:0614141073468.RP-1</id>
						</readPoint>
						<bizLocation>
							<id>urn:epcglobal:fmcg:loc:0614141073468.1</id>
						</bizLocation>
					</ObjectEvent>
					<ObjectEvent>
						<eventTime>2006-06-25T05:08:00Z</eventTime>
				<eventTimeZoneOffset>-06:00</eventTimeZoneOffset>
						<recordTime>2006-06-25T10:08:00.000Z</recordTime>
						<epcList>
							<epc>urn:epc:id:sscc:0614142.0000000008</epc>
						</epcList>
						<action>OBSERVE</action>
						<bizStep>urn:epcglobal:cbv:bizstep:receiving</bizStep>
						<disposition>urn:epcglobal:cbv:disp:active</disposition>
						<readPoint>
							<id>urn:epcglobal:fmcg:loc:0614141073468.RP-1</id>
						</readPoint>
						<bizLocation>
							<id>urn:epcglobal:fmcg:loc:0614141073468.1</id>
						</bizLocation>
					</ObjectEvent>
					<ObjectEvent>
						<eventTime>2006-06-25T05:09:00Z</eventTime>
				<eventTimeZoneOffset>-06:00</eventTimeZoneOffset>
						<recordTime>2006-06-25T10:09:00.000Z</recordTime>
						<epcList>
							<epc>urn:epc:id:sscc:0614142.0000000009</epc>
						</epcList>
						<action>OBSERVE</action>
						<bizStep>urn:epcglobal:cbv:bizstep:receiving</bizStep>
						<disposition>urn:epcglobal:cbv:disp:active</disposition>
						<readPoint>
							<id>urn:epcglobal:fmcg:loc:0614141073468.RP-1</id>
						</readPoint>
						<bizLocation>
							<id>urn:epcglobal:fmcg:loc:0614141073468.1</id>
						</bizLocation>
					</ObjectEvent>
					<ObjectEvent>
						<eventTime>2006-06-25T05:10:00Z</eventTime>
				<eventTimeZoneOffset>-06:00</eventTimeZoneOffset>
						<recordTime>2006-06-25T10:10:00.000Z</recordTime>
						<epcList>
							<epc>urn:epc:id:sscc:0614142.0000000010</epc>
						</epcList>
						<action>OBSERVE</action>
						<bizStep>urn:epcglobal:cbv:bizstep:receiving</bizStep>
						<disposition>urn:epcglobal:cbv:disp:active</disposition>
						<readPoint>
							<id>urn:epcglobal:fmcg:loc:0614141073468.RP-1</id>
						</readPoint>
						<bizLocation>
							<id>urn:epcglobal:fmcg:loc:0614141073468.1</id>
						</bizLocation>
					</ObjectEvent>
				</EventList>
			</resultsBody>
		</epcisq:QueryResults>
	</EPCISBody>
</epcisq:EPCISQueryDocument>
